
    FROST AND SNOW DEPTH


 DAY HR  YR     THAW   FROST    SNOW      ICE CONTENT OF EACH NODE (M3/M3)
                 CM      CM      CM         0.00  0.05  0.10  0.15  0.20  0.30  0.50  0.70  1.00  1.25  1.50
 339  6   86     0.0     0.0     0.0       0.000 0.000 0.000 0.000 0.000 0.000 0.000 0.000 0.000 0.000 0.000
 339 12   86     0.0     0.0     1.0       0.000 0.000 0.000 0.000 0.000 0.000 0.000 0.000 0.000 0.000 0.000
 339 18   86     0.0     0.0     3.6       0.000 0.000 0.000 0.000 0.000 0.000 0.000 0.000 0.000 0.000 0.000
 339 24   86     0.0     0.0     3.4       0.000 0.000 0.000 0.000 0.000 0.000 0.000 0.000 0.000 0.000 0.000
 340  6   86     0.0     0.0     3.3       0.000 0.000 0.000 0.000 0.000 0.000 0.000 0.000 0.000 0.000 0.000
 340 12   86     0.0     0.0     2.8       0.000 0.000 0.000 0.000 0.000 0.000 0.000 0.000 0.000 0.000 0.000
 340 18   86     0.0     0.0     2.4       0.000 0.000 0.000 0.000 0.000 0.000 0.000 0.000 0.000 0.000 0.000
 340 24   86     0.0     0.0     2.3       0.000 0.000 0.000 0.000 0.000 0.000 0.000 0.000 0.000 0.000 0.000
 341  6   86     0.0     0.0     2.3       0.000 0.000 0.000 0.000 0.000 0.000 0.000 0.000 0.000 0.000 0.000
 341 12   86     0.0     0.0     2.0       0.000 0.000 0.000 0.000 0.000 0.000 0.000 0.000 0.000 0.000 0.000
 341 18   86     0.0     0.0     1.6       0.000 0.000 0.000 0.000 0.000 0.000 0.000 0.000 0.000 0.000 0.000
 341 24   86     0.0     0.0     1.6       0.000 0.000 0.000 0.000 0.000 0.000 0.000 0.000 0.000 0.000 0.000
 342  6   86     0.0     0.0     1.6       0.000 0.000 0.000 0.000 0.000 0.000 0.000 0.000 0.000 0.000 0.000
 342 12   86     0.0     0.0     1.4       0.000 0.000 0.000 0.000 0.000 0.000 0.000 0.000 0.000 0.000 0.000
 342 18   86     0.0     0.0     1.2       0.003 0.000 0.000 0.000 0.000 0.000 0.000 0.000 0.000 0.000 0.000
 342 24   86     0.0     0.3     1.2       0.038 0.000 0.000 0.000 0.000 0.000 0.000 0.000 0.000 0.000 0.000
 343  6   86     0.0     0.6     1.2       0.099 0.000 0.000 0.000 0.000 0.000 0.000 0.000 0.000 0.000 0.000
 343 12   86     0.0     0.7     1.2       0.124 0.000 0.000 0.000 0.000 0.000 0.000 0.000 0.000 0.000 0.000
 343 18   86     0.0     0.7     1.1       0.120 0.000 0.000 0.000 0.000 0.000 0.000 0.000 0.000 0.000 0.000
 343 24   86     0.0     1.0     1.2       0.177 0.000 0.000 0.000 0.000 0.000 0.000 0.000 0.000 0.000 0.000
 344  6   86     0.0     1.3     1.2       0.253 0.000 0.000 0.000 0.000 0.000 0.000 0.000 0.000 0.000 0.000
 344 12   86     0.0     1.4     1.2       0.292 0.000 0.000 0.000 0.000 0.000 0.000 0.000 0.000 0.000 0.000
 344 18   86     0.0     1.4     1.1       0.299 0.000 0.000 0.000 0.000 0.000 0.000 0.000 0.000 0.000 0.000
 344 24   86     0.0     1.6     1.2       0.364 0.000 0.000 0.000 0.000 0.000 0.000 0.000 0.000 0.000 0.000
 345  6   86     0.0     1.6     1.2       0.392 0.000 0.000 0.000 0.000 0.000 0.000 0.000 0.000 0.000 0.000
 345 12   86     0.0     1.7     1.2       0.405 0.000 0.000 0.000 0.000 0.000 0.000 0.000 0.000 0.000 0.000
 345 18   86     0.0     1.6     1.2       0.410 0.000 0.000 0.000 0.000 0.000 0.000 0.000 0.000 0.000 0.000
 345 24   86     0.0     1.7     1.2       0.436 0.000 0.000 0.000 0.000 0.000 0.000 0.000 0.000 0.000 0.000
 346  6   86     0.0     1.7     1.2       0.453 0.000 0.000 0.000 0.000 0.000 0.000 0.000 0.000 0.000 0.000
 346 12   86     0.0     1.7     1.4       0.446 0.000 0.000 0.000 0.000 0.000 0.000 0.000 0.000 0.000 0.000
 346 18   86     0.0     1.6     1.5       0.426 0.000 0.000 0.000 0.000 0.000 0.000 0.000 0.000 0.000 0.000
 346 24   86     0.0     1.5     1.5       0.423 0.000 0.000 0.000 0.000 0.000 0.000 0.000 0.000 0.000 0.000
 347  6   86     0.0     1.5     1.5       0.426 0.000 0.000 0.000 0.000 0.000 0.000 0.000 0.000 0.000 0.000
 347 12   86     0.0     1.4     1.0       0.407 0.000 0.000 0.000 0.000 0.000 0.000 0.000 0.000 0.000 0.000
 347 18   86     0.0     1.3     0.7       0.382 0.000 0.000 0.000 0.000 0.000 0.000 0.000 0.000 0.000 0.000
 347 24   86     0.0     1.3     2.8       0.373 0.000 0.000 0.000 0.000 0.000 0.000 0.000 0.000 0.000 0.000
 348  6   86     0.0     1.3     3.1       0.368 0.000 0.000 0.000 0.000 0.000 0.000 0.000 0.000 0.000 0.000
 348 12   86     0.0     1.3     2.5       0.349 0.000 0.000 0.000 0.000 0.000 0.000 0.000 0.000 0.000 0.000
 348 18   86     0.0     1.2     0.8       0.328 0.000 0.000 0.000 0.000 0.000 0.000 0.000 0.000 0.000 0.000
 348 24   86     0.0     1.2     0.8       0.322 0.000 0.000 0.000 0.000 0.000 0.000 0.000 0.000 0.000 0.000
 349  6   86     0.0     1.2     0.8       0.337 0.000 0.000 0.000 0.000 0.000 0.000 0.000 0.000 0.000 0.000
 349 12   86     0.0     1.2     0.3       0.335 0.000 0.000 0.000 0.000 0.000 0.000 0.000 0.000 0.000 0.000
 349 18   86     0.0     1.2     0.0       0.335 0.000 0.000 0.000 0.000 0.000 0.000 0.000 0.000 0.000 0.000
 349 24   86     0.0     1.4     0.0       0.398 0.000 0.000 0.000 0.000 0.000 0.000 0.000 0.000 0.000 0.000
 350  6   86     0.0     1.4     0.0       0.419 0.000 0.000 0.000 0.000 0.000 0.000 0.000 0.000 0.000 0.000
 350 12   86     0.0     1.3     0.0       0.409 0.000 0.000 0.000 0.000 0.000 0.000 0.000 0.000 0.000 0.000
 350 18   86     0.0     1.3     0.0       0.397 0.000 0.000 0.000 0.000 0.000 0.000 0.000 0.000 0.000 0.000
 350 24   86     0.0     1.4     0.0       0.423 0.000 0.000 0.000 0.000 0.000 0.000 0.000 0.000 0.000 0.000
