  SITE WITH HEAVY RESIDUE AND SAGEBRUSH CANOPY  (SITE CHARACTERTICS)  LINE A     

     SIMULATION BEGINS ON DAY 338, HOUR 12, OF   86
     SIMULATION ENDS   ON DAY 350, HOUR 24  OF   86


 GENERAL SITE DESCRIPTION

     LATITUDE  : 46.0 DEGREES 45.00 MINUTES
     SLOPE     : 15.00 %
     ASPECT    : 270.0 DEGREES FROM NORTH
     SOLAR NOON: 12.00 HOURS
     ELEVATION : 1970. M
     PRESSURE  :  79.8 KPA


 WIND PROFILE AND SURFACE PARAMETERS

     ZM = 0.60 CM (WHEN SNOW AND CANOPY ARE NOT PRESENT)
     ZH = 0.12 CM (WHEN SNOW AND CANOPY ARE NOT PRESENT)
     ZERO PLANE DISPLACEMENT = 0.00 M
     HEIGHT OF INSTRUMENTATION =  2.0 M
     MAXIMUM DEPTH OF PONDING = 0.0 CM


 ATMOSPHERIC CONDITIONS

     MAXIMUM CLEAR-SKY TRANSMISSIVITY = 0.76
     CLEAR-SKY LONG-WAVE EMISSIVITY PARAMETERS : 0.261      0.777E-03


 CANOPY PARAMETERS

     EMISSIVITY OF PLANT MATERIAL : 1.00
     MOISTURE PARAMETERS FOR ANY DEAD PLANT MATERIAL : -53.72 1.32
     INITIAL MOISTURE CONTENT FOR DEAD PLANT MATERIAL : 1.00 KG/KG
     MAXIMUM MOISTURE CONTENT FOR DEAD PLANT MATERIAL : 2.95 KG/KG

                                          PLANT #1
     PLANT TYPE (0=DEAD,1=TRANSPIRING) :         1
     LEAF ANGLE (0=VERTICLE,1=RANDOM)  :         1
     ALBEDO                            :      0.25
     MIN. TRANSPIRATION TEMPERATURE (C):       7.0
     MINIMUM STOMATAL RESISTANCE (S/M) :      100.
     STOMATAL RESISTANCE EXPONENT      :       5.0
     CRITICAL LEAF WATER POTENTIAL (M) :     -300.
     LEAF RESISTANCE (KG/M2-S)         : 0.670E+06
     ROOT RESISTANCE (KG/M2-S)         : 0.170E+07


 SNOW PARAMETERS

     MAXIMUM TEMPERATURE FOR SNOWFALL = 1.00 C
     WIND-PROFILE PARAMETERS FOR SNOW: ZM = 0.15 CM    ZH = 0.03 CM
     GRAIN-SIZE DIAMETER PARAMETERS : 0.16  0.00   110.0
     SOLAR RADIATION EXTINCTION COEFFICIENT PARAMETER =  1.77
     EMISSIVITY OF SNOWPACK = 1.00
     COEFFICIENT AND EXPONENT FOR ALBEDO : 0.00   1.00
     COEFFICIENTS AND EXPONENT FOR THEMAL COND.: 0.021   2.51    2.0
     VAPOR DIFFUSIVITY AND TEMP-DEPENDENCE EXPONENT : 0.00009 M**2   14.0
     LAG COEFFICIENTS FOR SNOWCOVER OUTFLOW : 10.0   1.0   5.0   450.0
     MAX AND MIN WATER HOLDING CAPACITY AND WHC DENSITY = 0.10 M/M  0.030 M/M   200.0 KG/M**3
     COMPACTION AND SETTLING PARAMETERS : 0.01   21.0   0.01   0.04    2.0   150.0


 RESIDUE PARAMETERS

     FRACTION OF GROUND COVERED BY RESIDUE: 0.90
     ALBEDO AND EMISSIVITY OF RESIDUE : 0.30   1.00
     RESIDUE LOADING =  6000. KG/HA
     THICKNESS OF RESIDUE LAYER = 2.00 CM
     MOISTURE PARAMETERS FOR RESIDUE : -53.72 1.32
     THERMAL CONVECTION PARAMETERS : 0.007  4.00
     VAPOR TRANSFER RESISTANCE FROM RESIDUE: 50000.
     MAXIMUM MOISTURE CONTENT FOR RESIDUE : 2.95 KG/KG


 SOLUTE PROPERTIES

     SALT SPECIES #1:
     DIFFUSIVITY  = 0.176E-08 M**2/S
     HALF-LIFE =   0.0 DAYS (ZERO INDICATES NO DEGRADATION)
     SOIL MATRIX-SOIL SOLUTION PARTITIONING COEEF (Kd) FOR EACH SOIL NODE:
        5.60   5.60   5.60   5.60   5.60   5.60   5.60   5.60   5.60   5.60   5.60

     SALT SPECIES #2:
     DIFFUSIVITY  = 0.900E-08 M**2/S
     HALF-LIFE = 100.0 DAYS (ZERO INDICATES NO DEGRADATION)
     SOIL MATRIX-SOIL SOLUTION PARTITIONING COEEF (Kd) FOR EACH SOIL NODE:
        0.00   0.00   0.00   0.00   0.00   0.00   0.00   0.00   0.00   0.00   0.00


 SOIL PROPERTIES

     INPUT WATER CONTENT SPECIFIED FOR LOWER BOUNDARY OF WATER FLUX
     INPUT SOIL TEMPERATURE SPECIFIED FOR LOWER BOUNDARY

     ALBEDO OF DRY SOIL AND MOISTURE-DEPENDENCE EXPONENT : 0.15   0.00
     EMISSIVITY OF SOIL = 1.00

     DEPTH  B-VALUE  AIR ENTRY  K-SAT  DENSITY  SAND SILT CLAY  OM   SALT PARAMS
      (M)               (M)    (CM/HR) (KG/M3)   (%)  (%)  (%)  (%) -------------
      0.00    4.50     -0.31    1.160   1020.   10.0 60.0 30.0  0.0   2.8   0.005
      0.05    4.50     -0.31    1.160   1020.   10.0 60.0 30.0  0.0   2.8   0.005
      0.10    4.40     -0.34    1.140   1020.   10.0 60.0 30.0  0.0   2.8   0.005
      0.15    4.40     -0.35    1.180   1100.   10.0 60.0 30.0  0.0   2.8   0.005
      0.20    4.40     -0.35    1.180   1100.   10.0 60.0 30.0  0.0   2.8   0.005
      0.30    4.40     -0.35    1.180   1100.   10.0 60.0 30.0  0.0   2.8   0.005
      0.50    4.40     -0.35    1.180   1100.   10.0 60.0 30.0  0.0   2.8   0.005
      0.70    4.10     -0.39    1.540   1090.   10.0 60.0 30.0  0.0   2.8   0.005
      1.00    4.10     -0.39    1.540   1090.   10.0 60.0 30.0  0.0   2.8   0.005
      1.25    3.90     -0.40    3.090   1290.   10.0 60.0 30.0  0.0   2.8   0.005
      1.50    3.90     -0.40    3.090   1290.   10.0 60.0 30.0  0.0   2.8   0.005


 SIMULATION BEGINS


CANOPY LAYERS :
 DAY HR  YR  DEPTH   TEMP   VAPOR  MOISTURE  LAI#1
              (M)     (C)  (KG/M3)  (KG/KG)
 338 12   86 0.000  1.000  0.004839  1.000   0.83
 338 12   86 0.450  1.000  0.004839  1.000   0.83
 338 12   86 0.750  1.000  0.004839  1.000   0.83
 338 12   86 0.900
RESIDUE LAYERS :
 DAY HR  YR  DEPTH   TEMP   VAPOR  MOISTURE
              (M)     (C)  (KG/M3)  (KG/KG)
 338 12   86 0.000  2.700  0.005830  2.930
 338 12   86 0.020
SOIL LAYERS :
 DAY HR  YR  DEPTH   TEMP WATER  ICE   MATRIC    SOLUTE #1   TOTAL SALT #1
              (M)     (C) (M/M) (M/M)    (M)      (MOLE/L)     (MOLES/KG)
 338 12   86 0.000  2.700 0.374 0.000   -2.60   0.13408E-02   0.80000E-02
 338 12   86 0.050  2.100 0.374 0.000   -2.60   0.13408E-02   0.80000E-02
 338 12   86 0.100  2.800 0.365 0.000   -3.03   0.13428E-02   0.80000E-02
 338 12   86 0.150  3.700 0.381 0.000   -2.31   0.13454E-02   0.80000E-02
 338 12   86 0.200  4.600 0.270 0.000  -10.50   0.13686E-02   0.80000E-02
 338 12   86 0.300  5.400 0.290 0.000   -7.67   0.13643E-02   0.80000E-02
 338 12   86 0.500  6.200 0.297 0.000   -6.90   0.13629E-02   0.80000E-02
 338 12   86 0.700  6.700 0.295 0.000   -6.63   0.13627E-02   0.80000E-02
 338 12   86 1.000  7.500 0.336 0.000   -3.89   0.13540E-02   0.80000E-02
 338 12   86 1.250  8.400 0.334 0.000   -2.14   0.13654E-02   0.80000E-02
 338 12   86 1.500  9.400 0.343 0.000   -1.93   0.13638E-02   0.80000E-02

CANOPY LAYERS :
 DAY HR  YR  DEPTH   TEMP   VAPOR  MOISTURE  LAI#1
              (M)     (C)  (KG/M3)  (KG/KG)
 338 24   86 0.000  1.217  0.005224  1.000   0.83
 338 24   86 0.450  1.152  0.005232  1.000   0.83
 338 24   86 0.750  1.349  0.005281  1.000   0.83
 338 24   86 0.900
RESIDUE LAYERS :
 DAY HR  YR  DEPTH   TEMP   VAPOR  MOISTURE
              (M)     (C)  (KG/M3)  (KG/KG)
 338 24   86 0.000  1.616  0.005329  2.930
 338 24   86 0.020
SOIL LAYERS :
 DAY HR  YR  DEPTH   TEMP WATER  ICE   MATRIC    SOLUTE #1   TOTAL SALT #1
              (M)     (C) (M/M) (M/M)    (M)      (MOLE/L)     (MOLES/KG)
 338 24   86 0.000  2.343 0.350 0.000   -3.49   0.13409E-02   0.79698E-02
 338 24   86 0.050  2.856 0.349 0.000   -3.54   0.13408E-02   0.79675E-02
 338 24   86 0.100  3.364 0.347 0.000   -3.77   0.13428E-02   0.79767E-02
 338 24   86 0.150  3.821 0.333 0.000   -4.17   0.13454E-02   0.79420E-02
 338 24   86 0.200  4.232 0.323 0.000   -4.78   0.13683E-02   0.80639E-02
 338 24   86 0.300  4.974 0.298 0.000   -6.82   0.13644E-02   0.80098E-02
 338 24   86 0.500  6.037 0.297 0.000   -6.87   0.13629E-02   0.80004E-02
 338 24   86 0.700  6.691 0.301 0.000   -6.10   0.13627E-02   0.80075E-02
 338 24   86 1.000  7.562 0.347 0.000   -3.40   0.13541E-02   0.80139E-02
 338 24   86 1.250  8.456 0.326 0.000   -2.35   0.13654E-02   0.79916E-02
 338 24   86 1.500  9.367 0.347 0.000   -1.83   0.13654E-02   0.80140E-02

SNOWCOVER IS ASSUMED GONE: WATER-EQUIVALENT OF ICE AND TOTAL WATER =
   0.584122E-04   0.584122E-04 METERS

SNOWCOVER IS ASSUMED GONE: WATER-EQUIVALENT OF ICE AND TOTAL WATER =
   0.264990E-03   0.264990E-03 METERS

CANOPY LAYERS :
 DAY HR  YR  DEPTH   TEMP   VAPOR  MOISTURE  LAI#1
              (M)     (C)  (KG/M3)  (KG/KG)
 339 24   86 0.000 -1.961  0.004242  1.000   0.80
 339 24   86 0.433 -1.728  0.004300  1.000   0.80
 339 24   86 0.721 -1.353  0.004397  1.000   0.80
 339 24   86 0.866
SNOW LAYERS :
 DAY HR  YR  DEPTH  TEMP   LIQUID  DENSITY
              (M)    (C)     (M)   (KG/M3)
 339 24   86 0.000 -1.066  0.0000  152.83
 339 24   86 0.034
RESIDUE LAYERS :
 DAY HR  YR  DEPTH   TEMP   VAPOR  MOISTURE
              (M)     (C)  (KG/M3)  (KG/KG)
 339 24   86 0.000  1.045  0.005152  2.952
 339 24   86 0.020
SOIL LAYERS :
 DAY HR  YR  DEPTH   TEMP WATER  ICE   MATRIC    SOLUTE #1   TOTAL SALT #1
              (M)     (C) (M/M) (M/M)    (M)      (MOLE/L)     (MOLES/KG)
 339 24   86 0.000  1.859 0.338 0.000   -4.11   0.13305E-02   0.78918E-02
 339 24   86 0.050  2.431 0.338 0.000   -4.10   0.13407E-02   0.79524E-02
 339 24   86 0.100  2.950 0.338 0.000   -4.23   0.13428E-02   0.79649E-02
 339 24   86 0.150  3.410 0.329 0.000   -4.43   0.13455E-02   0.79367E-02
 339 24   86 0.200  3.821 0.324 0.000   -4.71   0.13681E-02   0.80641E-02
 339 24   86 0.300  4.562 0.312 0.000   -5.54   0.13644E-02   0.80277E-02
 339 24   86 0.500  5.734 0.303 0.000   -6.30   0.13629E-02   0.80077E-02
 339 24   86 0.700  6.598 0.314 0.000   -5.13   0.13627E-02   0.80236E-02
 339 24   86 1.000  7.638 0.359 0.000   -2.96   0.13541E-02   0.80290E-02
 339 24   86 1.250  8.492 0.333 0.000   -2.15   0.13654E-02   0.79994E-02
 339 24   86 1.500  9.300 0.356 0.000   -1.67   0.13654E-02   0.80231E-02

CANOPY LAYERS :
 DAY HR  YR  DEPTH   TEMP   VAPOR  MOISTURE  LAI#1
              (M)     (C)  (KG/M3)  (KG/KG)
 340 24   86 0.000 -2.178  0.004174  1.000   0.81
 340 24   86 0.438 -1.834  0.004272  1.000   0.81
 340 24   86 0.730 -1.202  0.004457  1.000   0.81
 340 24   86 0.877
SNOW LAYERS :
 DAY HR  YR  DEPTH  TEMP   LIQUID  DENSITY
              (M)    (C)     (M)   (KG/M3)
 340 24   86 0.000 -0.633  0.0000  185.34
 340 24   86 0.023
RESIDUE LAYERS :
 DAY HR  YR  DEPTH   TEMP   VAPOR  MOISTURE
              (M)     (C)  (KG/M3)  (KG/KG)
 340 24   86 0.000  0.643  0.005035  2.952
 340 24   86 0.020
SOIL LAYERS :
 DAY HR  YR  DEPTH   TEMP WATER  ICE   MATRIC    SOLUTE #1   TOTAL SALT #1
              (M)     (C) (M/M) (M/M)    (M)      (MOLE/L)     (MOLES/KG)
 340 24   86 0.000  1.475 0.334 0.000   -4.31   0.13228E-02   0.78415E-02
 340 24   86 0.050  2.071 0.334 0.000   -4.30   0.13407E-02   0.79473E-02
 340 24   86 0.100  2.597 0.335 0.000   -4.41   0.13428E-02   0.79607E-02
 340 24   86 0.150  3.055 0.326 0.000   -4.56   0.13455E-02   0.79343E-02
 340 24   86 0.200  3.466 0.323 0.000   -4.74   0.13680E-02   0.80629E-02
 340 24   86 0.300  4.217 0.318 0.000   -5.15   0.13644E-02   0.80343E-02
 340 24   86 0.500  5.476 0.313 0.000   -5.51   0.13629E-02   0.80194E-02
 340 24   86 0.700  6.467 0.327 0.000   -4.34   0.13627E-02   0.80399E-02
 340 24   86 1.000  7.644 0.369 0.000   -2.64   0.13542E-02   0.80422E-02
 340 24   86 1.250  8.476 0.342 0.000   -1.95   0.13654E-02   0.80082E-02
 340 24   86 1.500  9.200 0.364 0.000   -1.52   0.13654E-02   0.80321E-02

CANOPY LAYERS :
 DAY HR  YR  DEPTH   TEMP   VAPOR  MOISTURE  LAI#1
              (M)     (C)  (KG/M3)  (KG/KG)
 341 24   86 0.000 -1.887  0.004256  1.000   0.82
 341 24   86 0.442 -1.518  0.004367  1.000   0.82
 341 24   86 0.737 -0.920  0.004547  1.000   0.82
 341 24   86 0.884
SNOW LAYERS :
 DAY HR  YR  DEPTH  TEMP   LIQUID  DENSITY
              (M)    (C)     (M)   (KG/M3)
 341 24   86 0.000 -0.411  0.0000  201.23
 341 24   86 0.016
RESIDUE LAYERS :
 DAY HR  YR  DEPTH   TEMP   VAPOR  MOISTURE
              (M)     (C)  (KG/M3)  (KG/KG)
 341 24   86 0.000  0.371  0.004947  2.952
 341 24   86 0.020
SOIL LAYERS :
 DAY HR  YR  DEPTH   TEMP WATER  ICE   MATRIC    SOLUTE #1   TOTAL SALT #1
              (M)     (C) (M/M) (M/M)    (M)      (MOLE/L)     (MOLES/KG)
 341 24   86 0.000  1.147 0.335 0.000   -4.27   0.13130E-02   0.77837E-02
 341 24   86 0.050  1.723 0.335 0.000   -4.27   0.13405E-02   0.79471E-02
 341 24   86 0.100  2.252 0.336 0.000   -4.37   0.13428E-02   0.79615E-02
 341 24   86 0.150  2.723 0.327 0.000   -4.51   0.13456E-02   0.79355E-02
 341 24   86 0.200  3.147 0.325 0.000   -4.65   0.13679E-02   0.80642E-02
 341 24   86 0.300  3.926 0.321 0.000   -4.88   0.13644E-02   0.80392E-02
 341 24   86 0.500  5.249 0.323 0.000   -4.78   0.13629E-02   0.80321E-02
 341 24   86 0.700  6.321 0.340 0.000   -3.71   0.13626E-02   0.80556E-02
 341 24   86 1.000  7.600 0.379 0.000   -2.37   0.13542E-02   0.80546E-02
 341 24   86 1.250  8.426 0.350 0.000   -1.78   0.13654E-02   0.80168E-02
 341 24   86 1.500  9.059 0.373 0.000   -1.39   0.13654E-02   0.80411E-02

CANOPY LAYERS :
 DAY HR  YR  DEPTH   TEMP   VAPOR  MOISTURE  LAI#1
              (M)     (C)  (KG/M3)  (KG/KG)
 342 24   86 0.000 -9.626  0.002420  1.000   0.82
 342 24   86 0.444 -8.520  0.002640  1.000   0.82
 342 24   86 0.740 -6.369  0.003059  1.000   0.82
 342 24   86 0.888
SNOW LAYERS :
 DAY HR  YR  DEPTH  TEMP   LIQUID  DENSITY
              (M)    (C)     (M)   (KG/M3)
 342 24   86 0.000 -4.194  0.0000  206.39
 342 24   86 0.012
RESIDUE LAYERS :
 DAY HR  YR  DEPTH   TEMP   VAPOR  MOISTURE
              (M)     (C)  (KG/M3)  (KG/KG)
 342 24   86 0.000 -2.495  0.003998  2.952
 342 24   86 0.020
SOIL LAYERS :
 DAY HR  YR  DEPTH   TEMP WATER  ICE   MATRIC    SOLUTE #1   TOTAL SALT #1
              (M)     (C) (M/M) (M/M)    (M)      (MOLE/L)     (MOLES/KG)
 342 24   86 0.000 -0.073 0.318 0.038   -5.38   0.13122E-02   0.77575E-02
 342 24   86 0.050  0.659 0.329 0.000   -4.61   0.13404E-02   0.79389E-02
 342 24   86 0.100  1.377 0.335 0.000   -4.44   0.13428E-02   0.79599E-02
 342 24   86 0.150  2.010 0.328 0.000   -4.45   0.13456E-02   0.79369E-02
 342 24   86 0.200  2.563 0.327 0.000   -4.50   0.13678E-02   0.80670E-02
 342 24   86 0.300  3.519 0.326 0.000   -4.57   0.13644E-02   0.80452E-02
 342 24   86 0.500  5.006 0.333 0.000   -4.16   0.13629E-02   0.80450E-02
 342 24   86 0.700  6.163 0.352 0.000   -3.23   0.13626E-02   0.80701E-02
 342 24   86 1.000  7.519 0.388 0.000   -2.15   0.13543E-02   0.80664E-02
 342 24   86 1.250  8.339 0.358 0.000   -1.63   0.13654E-02   0.80251E-02
 342 24   86 1.500  8.918 0.381 0.000   -1.27   0.13654E-02   0.80502E-02

CANOPY LAYERS :
 DAY HR  YR  DEPTH   TEMP   VAPOR  MOISTURE  LAI#1
              (M)     (C)  (KG/M3)  (KG/KG)
 343 24   86 0.000-10.966  0.002177  1.000   0.82
 343 24   86 0.444-10.177  0.002317  1.000   0.82
 343 24   86 0.740 -7.401  0.002843  1.000   0.82
 343 24   86 0.888
SNOW LAYERS :
 DAY HR  YR  DEPTH  TEMP   LIQUID  DENSITY
              (M)    (C)     (M)   (KG/M3)
 343 24   86 0.000 -4.440  0.0000  217.54
 343 24   86 0.012
RESIDUE LAYERS :
 DAY HR  YR  DEPTH   TEMP   VAPOR  MOISTURE
              (M)     (C)  (KG/M3)  (KG/KG)
 343 24   86 0.000 -2.771  0.003940  2.952
 343 24   86 0.020
SOIL LAYERS :
 DAY HR  YR  DEPTH   TEMP WATER  ICE   MATRIC    SOLUTE #1   TOTAL SALT #1
              (M)     (C) (M/M) (M/M)    (M)      (MOLE/L)     (MOLES/KG)
 343 24   86 0.000 -0.122 0.279 0.177   -9.73   0.13418E-02   0.78813E-02
 343 24   86 0.050  0.412 0.311 0.000   -5.95   0.13403E-02   0.79146E-02
 343 24   86 0.100  1.038 0.322 0.000   -5.26   0.13428E-02   0.79434E-02
 343 24   86 0.150  1.609 0.321 0.000   -4.93   0.13457E-02   0.79280E-02
 343 24   86 0.200  2.132 0.324 0.000   -4.71   0.13678E-02   0.80625E-02
 343 24   86 0.300  3.102 0.330 0.000   -4.37   0.13644E-02   0.80493E-02
 343 24   86 0.500  4.717 0.343 0.000   -3.67   0.13629E-02   0.80570E-02
 343 24   86 0.700  5.976 0.362 0.000   -2.85   0.13626E-02   0.80833E-02
 343 24   86 1.000  7.418 0.397 0.000   -1.96   0.13543E-02   0.80776E-02
 343 24   86 1.250  8.276 0.365 0.000   -1.50   0.13654E-02   0.80332E-02
 343 24   86 1.500  8.900 0.390 0.000   -1.17   0.13654E-02   0.80592E-02

CANOPY LAYERS :
 DAY HR  YR  DEPTH   TEMP   VAPOR  MOISTURE  LAI#1
              (M)     (C)  (KG/M3)  (KG/KG)
 344 24   86 0.000 -8.583  0.002649  1.000   0.82
 344 24   86 0.444 -9.142  0.002514  1.000   0.82
 344 24   86 0.740 -7.108  0.002883  1.000   0.82
 344 24   86 0.888
SNOW LAYERS :
 DAY HR  YR  DEPTH  TEMP   LIQUID  DENSITY
              (M)    (C)     (M)   (KG/M3)
 344 24   86 0.000 -4.926  0.0000  226.02
 344 24   86 0.012
RESIDUE LAYERS :
 DAY HR  YR  DEPTH   TEMP   VAPOR  MOISTURE
              (M)     (C)  (KG/M3)  (KG/KG)
 344 24   86 0.000 -3.100  0.003833  2.952
 344 24   86 0.020
SOIL LAYERS :
 DAY HR  YR  DEPTH   TEMP WATER  ICE   MATRIC    SOLUTE #1   TOTAL SALT #1
              (M)     (C) (M/M) (M/M)    (M)      (MOLE/L)     (MOLES/KG)
 344 24   86 0.000 -0.338 0.211 0.364  -33.88   0.13825E-02   0.80284E-02
 344 24   86 0.050  0.143 0.298 0.000   -7.22   0.13404E-02   0.78977E-02
 344 24   86 0.100  0.787 0.312 0.000   -6.01   0.13428E-02   0.79309E-02
 344 24   86 0.150  1.353 0.315 0.000   -5.36   0.13458E-02   0.79216E-02
 344 24   86 0.200  1.864 0.321 0.000   -4.91   0.13678E-02   0.80586E-02
 344 24   86 0.300  2.814 0.331 0.000   -4.27   0.13644E-02   0.80516E-02
 344 24   86 0.500  4.456 0.351 0.000   -3.31   0.13629E-02   0.80669E-02
 344 24   86 0.700  5.775 0.372 0.000   -2.57   0.13626E-02   0.80948E-02
 344 24   86 1.000  7.300 0.405 0.000   -1.80   0.13544E-02   0.80880E-02
 344 24   86 1.250  8.188 0.373 0.000   -1.39   0.13654E-02   0.80411E-02
 344 24   86 1.500  8.853 0.399 0.000   -1.07   0.13654E-02   0.80682E-02

CANOPY LAYERS :
 DAY HR  YR  DEPTH   TEMP   VAPOR  MOISTURE  LAI#1
              (M)     (C)  (KG/M3)  (KG/KG)
 345 24   86 0.000 -5.409  0.003314  1.000   0.82
 345 24   86 0.444 -4.392  0.003556  1.000   0.82
 345 24   86 0.740 -3.401  0.003785  1.000   0.82
 345 24   86 0.888
SNOW LAYERS :
 DAY HR  YR  DEPTH  TEMP   LIQUID  DENSITY
              (M)    (C)     (M)   (KG/M3)
 345 24   86 0.000 -2.655  0.0000  227.47
 345 24   86 0.012
RESIDUE LAYERS :
 DAY HR  YR  DEPTH   TEMP   VAPOR  MOISTURE
              (M)     (C)  (KG/M3)  (KG/KG)
 345 24   86 0.000 -1.713  0.004238  2.952
 345 24   86 0.020
SOIL LAYERS :
 DAY HR  YR  DEPTH   TEMP WATER  ICE   MATRIC    SOLUTE #1   TOTAL SALT #1
              (M)     (C) (M/M) (M/M)    (M)      (MOLE/L)     (MOLES/KG)
 345 24   86 0.000 -0.363 0.208 0.436  -36.38   0.13989E-02   0.81195E-02
 345 24   86 0.050  0.028 0.300 0.000   -7.02   0.13404E-02   0.79006E-02
 345 24   86 0.100  0.613 0.312 0.000   -6.04   0.13428E-02   0.79306E-02
 345 24   86 0.150  1.147 0.314 0.000   -5.39   0.13460E-02   0.79220E-02
 345 24   86 0.200  1.639 0.321 0.000   -4.90   0.13677E-02   0.80585E-02
 345 24   86 0.300  2.572 0.334 0.000   -4.13   0.13644E-02   0.80546E-02
 345 24   86 0.500  4.227 0.358 0.000   -3.05   0.13629E-02   0.80751E-02
 345 24   86 0.700  5.581 0.379 0.000   -2.36   0.13625E-02   0.81045E-02
 345 24   86 1.000  7.174 0.413 0.000   -1.67   0.13544E-02   0.80976E-02
 345 24   86 1.250  8.104 0.380 0.000   -1.29   0.13654E-02   0.80486E-02
 345 24   86 1.500  8.806 0.407 0.000   -0.99   0.13654E-02   0.80773E-02

CANOPY LAYERS :
 DAY HR  YR  DEPTH   TEMP   VAPOR  MOISTURE  LAI#1
              (M)     (C)  (KG/M3)  (KG/KG)
 346 24   86 0.000 -4.341  0.003567  1.000   0.82
 346 24   86 0.443 -3.622  0.003764  1.000   0.82
 346 24   86 0.738 -2.693  0.003999  1.000   0.82
 346 24   86 0.885
SNOW LAYERS :
 DAY HR  YR  DEPTH  TEMP   LIQUID  DENSITY
              (M)    (C)     (M)   (KG/M3)
 346 24   86 0.000 -1.899  0.0000  205.25
 346 24   86 0.015
RESIDUE LAYERS :
 DAY HR  YR  DEPTH   TEMP   VAPOR  MOISTURE
              (M)     (C)  (KG/M3)  (KG/KG)
 346 24   86 0.000 -1.045  0.004444  2.952
 346 24   86 0.020
SOIL LAYERS :
 DAY HR  YR  DEPTH   TEMP WATER  ICE   MATRIC    SOLUTE #1   TOTAL SALT #1
              (M)     (C) (M/M) (M/M)    (M)      (MOLE/L)     (MOLES/KG)
 346 24   86 0.000 -0.147 0.271 0.423  -11.13   0.13961E-02   0.81887E-02
 346 24   86 0.050  0.172 0.305 0.000   -6.53   0.13405E-02   0.79074E-02
 346 24   86 0.100  0.653 0.316 0.000   -5.74   0.13429E-02   0.79356E-02
 346 24   86 0.150  1.111 0.317 0.000   -5.16   0.13462E-02   0.79270E-02
 346 24   86 0.200  1.548 0.324 0.000   -4.69   0.13677E-02   0.80621E-02
 346 24   86 0.300  2.413 0.338 0.000   -3.92   0.13644E-02   0.80595E-02
 346 24   86 0.500  4.033 0.363 0.000   -2.84   0.13629E-02   0.80825E-02
 346 24   86 0.700  5.399 0.386 0.000   -2.19   0.13625E-02   0.81129E-02
 346 24   86 1.000  7.048 0.419 0.000   -1.56   0.13545E-02   0.81065E-02
 346 24   86 1.250  8.022 0.387 0.000   -1.20   0.13654E-02   0.80559E-02
 346 24   86 1.500  8.700 0.416 0.000   -0.91   0.13654E-02   0.80863E-02

CANOPY LAYERS :
 DAY HR  YR  DEPTH   TEMP   VAPOR  MOISTURE  LAI#1
              (M)     (C)  (KG/M3)  (KG/KG)
 347 24   86 0.000 -0.184  0.004789  1.000   0.81
 347 24   86 0.436 -0.333  0.004745  1.000   0.81
 347 24   86 0.727 -0.326  0.004742  1.000   0.81
 347 24   86 0.872
SNOW LAYERS :
 DAY HR  YR  DEPTH  TEMP   LIQUID  DENSITY
              (M)    (C)     (M)   (KG/M3)
 347 24   86 0.000 -0.300  0.0000  113.34
 347 24   86 0.028
RESIDUE LAYERS :
 DAY HR  YR  DEPTH   TEMP   VAPOR  MOISTURE
              (M)     (C)  (KG/M3)  (KG/KG)
 347 24   86 0.000 -0.157  0.004795  2.952
 347 24   86 0.020
SOIL LAYERS :
 DAY HR  YR  DEPTH   TEMP WATER  ICE   MATRIC    SOLUTE #1   TOTAL SALT #1
              (M)     (C) (M/M) (M/M)    (M)      (MOLE/L)     (MOLES/KG)
 347 24   86 0.000 -0.078 0.332 0.373   -4.45   0.13763E-02   0.81549E-02
 347 24   86 0.050  0.237 0.328 0.000   -4.71   0.13407E-02   0.79386E-02
 347 24   86 0.100  0.689 0.331 0.000   -4.67   0.13429E-02   0.79556E-02
 347 24   86 0.150  1.122 0.327 0.000   -4.51   0.13464E-02   0.79401E-02
 347 24   86 0.200  1.534 0.331 0.000   -4.26   0.13676E-02   0.80706E-02
 347 24   86 0.300  2.346 0.343 0.000   -3.66   0.13644E-02   0.80661E-02
 347 24   86 0.500  3.889 0.369 0.000   -2.65   0.13629E-02   0.80895E-02
 347 24   86 0.700  5.239 0.393 0.000   -2.05   0.13625E-02   0.81205E-02
 347 24   86 1.000  6.920 0.426 0.000   -1.47   0.13545E-02   0.81148E-02
 347 24   86 1.250  7.906 0.394 0.000   -1.13   0.13654E-02   0.80629E-02
 347 24   86 1.500  8.606 0.424 0.000   -0.84   0.13654E-02   0.80953E-02

CANOPY LAYERS :
 DAY HR  YR  DEPTH   TEMP   VAPOR  MOISTURE  LAI#1
              (M)     (C)  (KG/M3)  (KG/KG)
 348 24   86 0.000 -0.403  0.004582  1.000   0.83
 348 24   86 0.446 -1.096  0.004455  1.000   0.83
 348 24   86 0.743 -1.202  0.004428  1.000   0.83
 348 24   86 0.892
SNOW LAYERS :
 DAY HR  YR  DEPTH  TEMP   LIQUID  DENSITY
              (M)    (C)     (M)   (KG/M3)
 348 24   86 0.000 -1.165  0.0000  148.54
 348 24   86 0.008
RESIDUE LAYERS :
 DAY HR  YR  DEPTH   TEMP   VAPOR  MOISTURE
              (M)     (C)  (KG/M3)  (KG/KG)
 348 24   86 0.000 -0.752  0.004544  2.952
 348 24   86 0.020
SOIL LAYERS :
 DAY HR  YR  DEPTH   TEMP WATER  ICE   MATRIC    SOLUTE #1   TOTAL SALT #1
              (M)     (C) (M/M) (M/M)    (M)      (MOLE/L)     (MOLES/KG)
 348 24   86 0.000 -0.053 0.358 0.322   -3.17   0.13364E-02   0.79525E-02
 348 24   86 0.050  0.259 0.357 0.000   -3.22   0.13408E-02   0.79774E-02
 348 24   86 0.100  0.686 0.358 0.000   -3.28   0.13429E-02   0.79919E-02
 348 24   86 0.150  1.097 0.350 0.000   -3.34   0.13464E-02   0.79688E-02
 348 24   86 0.200  1.491 0.350 0.000   -3.35   0.13675E-02   0.80934E-02
 348 24   86 0.300  2.273 0.354 0.000   -3.20   0.13644E-02   0.80794E-02
 348 24   86 0.500  3.772 0.375 0.000   -2.46   0.13629E-02   0.80974E-02
 348 24   86 0.700  5.100 0.399 0.000   -1.93   0.13624E-02   0.81279E-02
 348 24   86 1.000  6.792 0.432 0.000   -1.39   0.13546E-02   0.81227E-02
 348 24   86 1.250  7.793 0.400 0.000   -1.06   0.13654E-02   0.80698E-02
 348 24   86 1.500  8.512 0.433 0.000   -0.78   0.13654E-02   0.81044E-02

CANOPY LAYERS :
 DAY HR  YR  DEPTH   TEMP   VAPOR  MOISTURE  LAI#1
              (M)     (C)  (KG/M3)  (KG/KG)
 349 24   86 0.000 -7.751  0.002770  1.000   0.83
 349 24   86 0.450 -8.596  0.002579  1.000   0.83
 349 24   86 0.750 -6.239  0.002987  1.000   0.83
 349 24   86 0.900
RESIDUE LAYERS :
 DAY HR  YR  DEPTH   TEMP   VAPOR  MOISTURE
              (M)     (C)  (KG/M3)  (KG/KG)
 349 24   86 0.000 -3.694  0.003317  2.952
 349 24   86 0.020
SOIL LAYERS :
 DAY HR  YR  DEPTH   TEMP WATER  ICE   MATRIC    SOLUTE #1   TOTAL SALT #1
              (M)     (C) (M/M) (M/M)    (M)      (MOLE/L)     (MOLES/KG)
 349 24   86 0.000 -0.073 0.324 0.398   -4.97   0.13410E-02   0.79356E-02
 349 24   86 0.050  0.239 0.352 0.000   -3.41   0.13408E-02   0.79711E-02
 349 24   86 0.100  0.669 0.361 0.000   -3.17   0.13429E-02   0.79955E-02
 349 24   86 0.150  1.073 0.358 0.000   -3.05   0.13465E-02   0.79781E-02
 349 24   86 0.200  1.455 0.360 0.000   -2.95   0.13675E-02   0.81061E-02
 349 24   86 0.300  2.209 0.366 0.000   -2.75   0.13644E-02   0.80945E-02
 349 24   86 0.500  3.662 0.384 0.000   -2.24   0.13629E-02   0.81073E-02
 349 24   86 0.700  4.975 0.405 0.000   -1.81   0.13624E-02   0.81357E-02
 349 24   86 1.000  6.676 0.437 0.000   -1.33   0.13547E-02   0.81287E-02
 349 24   86 1.250  7.720 0.403 0.000   -1.03   0.13654E-02   0.80729E-02
 349 24   86 1.500  8.500 0.435 0.000   -0.76   0.13654E-02   0.81069E-02

CANOPY LAYERS :
 DAY HR  YR  DEPTH   TEMP   VAPOR  MOISTURE  LAI#1
              (M)     (C)  (KG/M3)  (KG/KG)
 350 24   86 0.000 -3.849  0.003702  1.000   0.83
 350 24   86 0.450 -3.137  0.003883  1.000   0.83
 350 24   86 0.750 -2.300  0.004052  1.000   0.83
 350 24   86 0.900
RESIDUE LAYERS :
 DAY HR  YR  DEPTH   TEMP   VAPOR  MOISTURE
              (M)     (C)  (KG/M3)  (KG/KG)
 350 24   86 0.000 -1.597  0.004130  2.952
 350 24   86 0.020
SOIL LAYERS :
 DAY HR  YR  DEPTH   TEMP WATER  ICE   MATRIC    SOLUTE #1   TOTAL SALT #1
              (M)     (C) (M/M) (M/M)    (M)      (MOLE/L)     (MOLES/KG)
 350 24   86 0.000 -0.067 0.343 0.423   -3.85   0.13464E-02   0.79920E-02
 350 24   86 0.050  0.233 0.356 0.000   -3.25   0.13407E-02   0.79759E-02
 350 24   86 0.100  0.650 0.363 0.000   -3.09   0.13429E-02   0.79984E-02
 350 24   86 0.150  1.044 0.360 0.000   -2.96   0.13466E-02   0.79816E-02
 350 24   86 0.200  1.419 0.363 0.000   -2.84   0.13675E-02   0.81094E-02
 350 24   86 0.300  2.156 0.371 0.000   -2.60   0.13644E-02   0.81006E-02
 350 24   86 0.500  3.575 0.389 0.000   -2.12   0.13629E-02   0.81136E-02
 350 24   86 0.700  4.870 0.408 0.000   -1.75   0.13624E-02   0.81397E-02
 350 24   86 1.000  6.572 0.436 0.000   -1.33   0.13547E-02   0.81287E-02
 350 24   86 1.250  7.630 0.401 0.000   -1.05   0.13654E-02   0.80708E-02
 350 24   86 1.500  8.436 0.431 0.000   -0.79   0.13654E-02   0.81030E-02
