
                                  SUMMARY OF ENERGY TRANSFER AT THE SURFACE


                               SOLAR RADIATION                         LONG-WAVE RADIATION
               ------------------------------------------    -----------------------------------------
 DAY HR  YR    CANOPY     SNOW   RESIDUE    SOIL   TOTAL     CANOPY    SNOW   RESIDUE    SOIL    TOTAL  SENSIBLE  LATENT
                KJ/M2    KJ/M2    KJ/M2    KJ/M2    KJ/M2    KJ/M2    KJ/M2    KJ/M2    KJ/M2    KJ/M2    KJ/M2   KJ/M2
 337  2   86       0.       0.       0.       0.       0.       0.       0.       0.     138.     138.     164.      25.
 337  3   86       0.       0.       0.       0.       0.       0.       0.       0.     130.     130.     138.     -83.
 337  4   86       0.       0.       0.       0.       0.       0.       0.       0.     124.     124.     134.       3.
 337  5   86       0.       0.       0.       0.       0.       0.       0.       0.     117.     117.     181.     -59.
 337  6   86       0.       0.       0.       0.       0.       0.       0.       0.     111.     111.     159.      20.
 337  7   86       0.       0.       0.       0.       0.       0.       0.       0.     143.     143.     217.      66.
 337  8   86       0.       0.       0.      20.      20.       0.       0.       0.     197.     197.     240.     -34.
 337  9   86       0.       0.       0.     115.     115.       0.       0.       0.     207.     207.     254.      -1.
 337 10   86       0.       0.       0.     228.     228.       0.       0.       0.     214.     214.     228.      23.
 337 11   86       0.       0.       0.     206.     206.       0.       0.       0.     221.     221.     239.      11.
 337 12   86       0.       0.       0.     163.     163.       0.       0.       0.     230.     230.     218.      29.
 337 13   86       0.       0.       0.     165.     165.       0.       0.       0.     218.     218.     197.      71.
 337 14   86       0.       0.       0.     128.     128.       0.       0.       0.     209.     209.     194.     -53.
 337 15   86       0.       0.       0.      84.      84.       0.       0.       0.     225.     225.     135.      57.
 337 16   86       0.       0.       0.      25.      25.       0.       0.       0.     222.     222.      98.     -53.
 337 17   86       0.       0.       0.       1.       1.       0.       0.       0.     134.     134.      36.     -42.
 337 18   86       0.       0.       0.       0.       0.       0.       0.       0.     137.     137.      58.     -37.
 337 19   86       0.       0.       0.       0.       0.       0.       0.       0.      97.      97.      70.     -43.
 337 20   86       0.       0.       0.       0.       0.       0.       0.       0.      78.      78.      65.      -7.
 337 21   86       0.       0.       0.       0.       0.       0.       0.       0.      61.      61.      60.    -123.
 337 22   86       0.       0.       0.       0.       0.       0.       0.       0.      65.      65.      23.      -6.
 337 23   86       0.       0.       0.       0.       0.       0.       0.       0.      47.      47.      20.     -15.
 337 24   86       0.       0.       0.       0.       0.       0.       0.       0.      51.      51.      53.    -117.
 338  1   86       0.       0.       0.       0.       0.       0.       0.       0.      35.      35.      32.     -80.
 338  2   86       0.       0.       0.       0.       0.       0.       0.       0.      38.      38.      18.     -27.
 338  3   86       0.       0.       0.       0.       0.       0.       0.       0.      41.      41.      31.     -67.
 338  4   86       0.       0.       0.       0.       0.       0.       0.       0.      44.      44.      68.    -115.
 338  5   86       0.       0.       0.       0.       0.       0.       0.       0.      47.      47.     119.    -147.
 338  6   86       0.       0.       0.       0.       0.       0.       0.       0.      48.      48.      61.     -80.
 338  7   86       0.       0.       0.       0.       0.       0.       0.       0.      89.      89.      71.      -3.
 338  8   86       0.       0.       0.      29.      29.       0.       0.       0.     148.     148.     107.      34.
 338  9   86       0.       0.       0.     184.     184.       0.       0.       0.     161.     161.      85.     -34.
 338 10   86       0.       0.       0.     408.     408.       0.       0.       0.     170.     170.      56.       6.
 338 11   86       0.       0.       0.     521.     521.       0.       0.       0.     175.     175.     102.       4.
 338 12   86       0.       0.       0.     536.     536.       0.       0.       0.     178.     178.      62.      -4.
 338 13   86       0.       0.       0.     530.     530.       0.       0.       0.     162.     162.      65.     -19.
 338 14   86       0.       0.       0.     435.     435.       0.       0.       0.     149.     149.     123.    -119.
 338 15   86       0.       0.       0.     194.     194.       0.       0.       0.     164.     164.     104.       7.
 338 16   86       0.       0.       0.      54.      54.       0.       0.       0.     162.     162.      67.     -56.
 338 17   86       0.       0.       0.       1.       1.       0.       0.       0.      77.      77.      24.     -11.
 338 18   86       0.       0.       0.       0.       0.       0.       0.       0.      83.      83.      69.     -76.
 338 19   86       0.       0.       0.       0.       0.       0.       0.       0.      47.      47.      49.     -94.
 338 20   86       0.       0.       0.       0.       0.       0.       0.       0.      33.      33.      16.     -47.
 338 21   86       0.       0.       0.       0.       0.       0.       0.       0.      18.      18.      13.     -27.
 338 22   86       0.       0.       0.       0.       0.       0.       0.       0.      24.      24.      14.     -26.
 338 23   86       0.       0.       0.       0.       0.       0.       0.       0.      10.      10.      83.    -199.
 338 24   86       0.       0.       0.       0.       0.       0.       0.       0.      21.      21.     158.    -475.
 339  1   86       0.       0.       0.       0.       0.       0.       0.       0.      13.      13.     120.    -431.
 339  2   86       0.       0.       0.       0.       0.       0.       0.       0.      25.      25.     183.    -498.
 339  3   86       0.       0.       0.       0.       0.       0.       0.       0.      30.      30.     267.    -262.
 339  4   86       0.       0.       0.       0.       0.       0.       0.       0.      31.      31.     173.    -190.
 339  5   86       0.       0.       0.       0.       0.       0.       0.       0.      31.      31.      33.     -51.
 339  6   86       0.       0.       0.       0.       0.       0.       0.       0.      32.      32.      51.     -86.
 339  7   86       0.       0.       0.       0.       0.       0.       0.       0.      74.      74.      79.    -140.
 339  8   86       0.       0.       0.       3.       3.       0.       0.       0.     136.     136.     197.    -131.
 339  9   86       0.       0.       0.      26.      26.       0.       0.       0.     151.     151.     176.     -33.
 339 10   86       0.       0.       0.      86.      86.       0.       0.       0.     164.     164.     138.      -7.
 339 11   86       0.       0.       0.     182.     182.       0.       0.       0.     175.     175.     143.     -52.
 339 12   86       0.       0.       0.      97.      97.       0.       0.       0.     189.     189.     115.     -77.
 339 13   86       0.       0.       0.     136.     136.       0.       0.       0.     188.     188.     145.    -104.
 339 14   86       0.       0.       0.     164.     164.       0.       0.       0.     195.     195.     161.     -42.
 339 15   86       0.       0.       0.     158.     158.       0.       0.       0.     210.     210.     159.     113.
 339 16   86       0.       0.       0.      65.      65.       0.       0.       0.     208.     208.     165.      90.
 339 17   86       0.       0.       0.       2.       2.       0.       0.       0.     117.     117.      91.      -1.
 339 18   86       0.       0.       0.       0.       0.       0.       0.       0.     121.     121.      61.       7.
 339 19   86       0.       0.       0.       0.       0.       0.       0.       0.      76.      76.      53.     -18.
 339 20   86       0.       0.       0.       0.       0.       0.       0.       0.      57.      57.      46.    -108.
 339 21   86       0.       0.       0.       0.       0.       0.       0.       0.      39.      39.      31.     -49.
 339 22   86       0.       0.       0.       0.       0.       0.       0.       0.      41.      41.      42.     -32.
 339 23   86       0.       0.       0.       0.       0.       0.       0.       0.      24.      24.      36.    -111.
 339 24   86       0.       0.       0.       0.       0.       0.       0.       0.      28.      28.      37.     -94.
 340  1   86       0.       0.       0.       0.       0.       0.       0.       0.      11.      11.      42.    -126.
 340  2   86       0.       0.       0.       0.       0.       0.       0.       0.      15.      15.      41.     -77.
 340  3   86       0.       0.       0.       0.       0.       0.       0.       0.      17.      17.      36.     -67.
 340  4   86       0.       0.       0.       0.       0.       0.       0.       0.      19.      19.      58.     -89.
 340  5   86       0.       0.       0.       0.       0.       0.       0.       0.      21.      21.      47.    -127.
 340  6   86       0.       0.       0.       0.       0.       0.       0.       0.      24.      24.      35.     -92.
 340  7   86       0.       0.       0.       0.       0.       0.       0.       0.      65.      65.      62.     -34.
 340  8   86       0.       0.       0.       9.       9.       0.       0.       0.     126.     126.     128.     -69.
 340  9   86       0.       0.       0.      73.      73.       0.       0.       0.     141.     141.     132.     -41.
 340 10   86       0.       0.       0.     207.     207.       0.       0.       0.     153.     153.      81.      37.
 340 11   86       0.       0.       0.     354.     354.       0.       0.       0.     162.     162.      62.     -52.
 340 12   86       0.       0.       0.     364.     364.       0.       0.       0.     170.     170.     106.      20.
 340 13   86       0.       0.       0.     348.     348.       0.       0.       0.     154.     154.     101.       3.
 340 14   86       0.       0.       0.     237.     237.       0.       0.       0.     144.     144.      81.     -22.
 340 15   86       0.       0.       0.     128.     128.       0.       0.       0.     162.     162.      39.     -41.
 340 16   86       0.       0.       0.      45.      45.       0.       0.       0.     160.     160.      39.     -14.
 340 17   86       0.       0.       0.       2.       2.       0.       0.       0.      73.      73.      23.     -18.
 340 18   86       0.       0.       0.       0.       0.       0.       0.       0.      77.      77.      24.     -55.
 340 19   86       0.       0.       0.       0.       0.       0.       0.       0.      39.      39.      17.     -29.
 340 20   86       0.       0.       0.       0.       0.       0.       0.       0.      23.      23.      14.     -41.
 340 21   86       0.       0.       0.       0.       0.       0.       0.       0.       7.       7.      11.     -26.
 340 22   86       0.       0.       0.       0.       0.       0.       0.       0.      11.      11.      12.     -38.
 340 23   86       0.       0.       0.       0.       0.       0.       0.       0.      -5.      -5.       9.     -39.
 340 24   86       0.       0.       0.       0.       0.       0.       0.       0.       0.       0.      10.     -57.
 341  1   86       0.       0.       0.       0.       0.       0.       0.       0.     -15.     -15.       7.     -52.
 341  2   86       0.       0.       0.       0.       0.       0.       0.       0.     -11.     -11.       8.     -34.
 341  3   86       0.       0.       0.       0.       0.       0.       0.       0.      -8.      -8.       8.     -48.
 341  4   86       0.       0.       0.       0.       0.       0.       0.       0.      -4.      -4.       9.     -59.
 341  5   86       0.       0.       0.       0.       0.       0.       0.       0.      -1.      -1.      10.     -38.
 341  6   86       0.       0.       0.       0.       0.       0.       0.       0.       1.       1.      10.     -44.
 341  7   86       0.       0.       0.       0.       0.       0.       0.       0.      44.      44.      19.     -51.
 341  8   86       0.       0.       0.      18.      18.       0.       0.       0.     107.     107.      31.     -33.
 341  9   86       0.       0.       0.     155.     155.       0.       0.       0.     123.     123.      34.     -14.
 341 10   86       0.       0.       0.     201.     201.       0.       0.       0.     137.     137.      36.     -25.
 341 11   86       0.       0.       0.     275.     275.       0.       0.       0.     149.     149.     126.     -97.
 341 12   86       0.       0.       0.     339.     339.       0.       0.       0.     157.     157.      92.      48.
 341 13   86       0.       0.       0.     337.     337.       0.       0.       0.     143.     143.      78.     -42.
 341 14   86       0.       0.       0.     286.     286.       0.       0.       0.     133.     133.      51.     -12.
 341 15   86       0.       0.       0.     186.     186.       0.       0.       0.     149.     149.      40.       2.
 341 16   86       0.       0.       0.      32.      32.       0.       0.       0.     146.     146.      36.      -5.
 341 17   86       0.       0.       0.       1.       1.       0.       0.       0.      59.      59.      20.     -61.
 341 18   86       0.       0.       0.       0.       0.       0.       0.       0.      64.      64.      21.     -50.
 341 19   86       0.       0.       0.       0.       0.       0.       0.       0.      26.      26.      14.     -45.
 341 20   86       0.       0.       0.       0.       0.       0.       0.       0.      11.      11.      12.     -56.
 341 21   86       0.       0.       0.       0.       0.       0.       0.       0.      -4.      -4.      13.     -70.
 341 22   86       0.       0.       0.       0.       0.       0.       0.       0.       1.       1.      14.     -60.
 341 23   86       0.       0.       0.       0.       0.       0.       0.       0.     -14.     -14.       7.     -35.
 341 24   86       0.       0.       0.       0.       0.       0.       0.       0.     -10.     -10.       8.     -27.
 342  1   86       0.       0.       0.       0.       0.       0.       0.       0.     -26.     -26.       5.     -67.
 342  2   86       0.       0.       0.       0.       0.       0.       0.       0.     -20.     -20.      15.    -152.
 342  3   86       0.       0.       0.       0.       0.       0.       0.       0.     -14.     -14.      22.    -128.
 342  4   86       0.       0.       0.       0.       0.       0.       0.       0.      -9.      -9.      22.    -106.
 342  5   86       0.       0.       0.       0.       0.       0.       0.       0.      -6.      -6.      20.     -57.
 342  6   86       0.       0.       0.       0.       0.       0.       0.       0.      -3.      -3.      31.    -171.
 342  7   86       0.       0.       0.       0.       0.       0.       0.       0.      40.      40.      38.     -52.
 342  8   86       0.       0.       0.      18.      18.       0.       0.       0.     103.     103.      63.    -100.
 342  9   86       0.       0.       0.     114.     114.       0.       0.       0.     118.     118.      87.      21.
 342 10   86       0.       0.       0.     235.     235.       0.       0.       0.     130.     130.      70.     -41.
 342 11   86       0.       0.       0.     644.     644.       0.       0.       0.     135.     135.     103.     -69.
 342 12   86       0.       0.       0.    1198.    1198.       0.       0.       0.     126.     126.     121.    -128.
 342 13   86       0.       0.       0.     738.     738.       0.       0.       0.      97.      97.      91.     -83.
 342 14   86       0.       0.       0.     571.     571.       0.       0.       0.      81.      81.      65.    -124.
 342 15   86       0.       0.       0.     267.     267.       0.       0.       0.      97.      97.      69.     -81.
 342 16   86       0.       0.       0.      70.      70.       0.       0.       0.     100.     100.      60.    -152.
 342 17   86       0.       0.       0.       5.       5.       0.       0.       0.      18.      18.      26.     -70.
 342 18   86       0.       0.       0.       1.       1.       0.       0.       0.      28.      28.      39.    -157.
 342 19   86       0.       0.       0.       1.       1.       0.       0.       0.      -6.      -6.      18.     -88.
 342 20   86       0.       0.       0.       0.       0.       0.       0.       0.     -19.     -19.       6.     -74.
 342 21   86       0.       0.       0.       0.       0.       0.       0.       0.     -31.     -31.       3.     -66.
 342 22   86       0.       0.       0.       0.       0.       0.       0.       0.     -24.     -24.       5.     -57.
 342 23   86       0.       0.       0.       0.       0.       0.       0.       0.     -38.     -38.       2.     -66.
 342 24   86       0.       0.       0.       0.       0.       0.       0.       0.     -32.     -32.       3.     -36.
 343  1   86       0.       0.       0.       0.       0.       0.       0.       0.     -47.     -47.       1.     -76.
 343  2   86       0.       0.       0.       0.       0.       0.       0.       0.     -41.     -41.       2.     -53.
 343  3   86       0.       0.       0.       0.       0.       0.       0.       0.     -36.     -36.       5.     -78.
 343  4   86       0.       0.       0.       0.       0.       0.       0.       0.     -25.     -25.      35.    -479.
 343  5   86       0.       0.       0.       0.       0.       0.       0.       0.     -15.     -15.      47.    -201.
 343  6   86       0.       0.       0.       0.       0.       0.       0.       0.      -9.      -9.      56.    -298.
 343  7   86       0.       0.       0.       0.       0.       0.       0.       0.      38.      38.      82.    -260.
 343  8   86       0.       0.       0.      34.      34.       0.       0.       0.     101.     101.     122.    -156.
 343  9   86       0.       0.       0.     343.     343.       0.       0.       0.     113.     113.     157.    -155.
 343 10   86       0.       0.       0.     695.     695.       0.       0.       0.     115.     115.     132.    -161.
 343 11   86       0.       0.       0.     685.     685.       0.       0.       0.     114.     114.     104.    -102.
 343 12   86       0.       0.       0.     626.     626.       0.       0.       0.     116.     116.      74.    -128.
 343 13   86       0.       0.       0.     458.     458.       0.       0.       0.     101.     101.      27.     -27.
 343 14   86       0.       0.       0.     779.     779.       0.       0.       0.      84.      84.      62.     -66.
 343 15   86       0.       0.       0.     523.     523.       0.       0.       0.      90.      90.      63.     -27.
 343 16   86       0.       0.       0.     148.     148.       0.       0.       0.      84.      84.      50.     -27.
 343 17   86       0.       0.       0.       5.       5.       0.       0.       0.      -1.      -1.       8.     -33.
 343 18   86       0.       0.       0.       0.       0.       0.       0.       0.       9.       9.      10.     -79.
 343 19   86       0.       0.       0.       0.       0.       0.       0.       0.     -22.     -22.      16.    -203.
 343 20   86       0.       0.       0.       0.       0.       0.       0.       0.     -29.     -29.      10.    -250.
 343 21   86       0.       0.       0.       0.       0.       0.       0.       0.     -40.     -40.       3.     -76.
 343 22   86       0.       0.       0.       0.       0.       0.       0.       0.     -32.     -32.       5.     -94.
 343 23   86       0.       0.       0.       0.       0.       0.       0.       0.     -42.     -42.       5.    -270.
 343 24   86       0.       0.       0.       0.       0.       0.       0.       0.     -34.     -34.       3.     -54.
 344  1   86       0.       0.       0.       0.       0.       0.       0.       0.     -77.     -77.       0.    -103.
 344  2   86       0.       0.       0.       0.       0.       0.       0.       0.     -71.     -71.       1.     -61.
 344  3   86       0.       0.       0.       0.       0.       0.       0.       0.     -67.     -67.       2.     -31.
 344  4   86       0.       0.       0.       0.       0.       0.       0.       0.     -63.     -63.       3.     -43.
 344  5   86       0.       0.       0.       0.       0.       0.       0.       0.     -60.     -60.       4.     -49.
 344  6   86       0.       0.       0.       0.       0.       0.       0.       0.     -56.     -56.       4.     -59.
 344  7   86       0.       0.       0.       0.       0.       0.       0.       0.      -9.      -9.     107.    -343.
 344  8   86       0.       0.       0.      35.      35.       0.       0.       0.      56.      56.     207.     -89.
 344  9   86       0.       0.       0.     334.     334.       0.       0.       0.      69.      69.     155.    -188.
 344 10   86       0.       0.       0.     698.     698.       0.       0.       0.      73.      73.     204.    -188.
 344 11   86       0.       0.       0.     931.     931.       0.       0.       0.      71.      71.     177.    -329.
 344 12   86       0.       0.       0.    1062.    1062.       0.       0.       0.      63.      63.     234.     -92.
 344 13   86       0.       0.       0.    1016.    1016.       0.       0.       0.      35.      35.     194.    -443.
 344 14   86       0.       0.       0.     831.     831.       0.       0.       0.      20.      20.     145.    -364.
 344 15   86       0.       0.       0.     533.     533.       0.       0.       0.      38.      38.     131.    -424.
 344 16   86       0.       0.       0.     156.     156.       0.       0.       0.      40.      40.      63.     -67.
 344 17   86       0.       0.       0.       5.       5.       0.       0.       0.     -44.     -44.       6.     -53.
 344 18   86       0.       0.       0.       0.       0.       0.       0.       0.     -31.     -31.      16.    -183.
 344 19   86       0.       0.       0.       0.       0.       0.       0.       0.     -63.     -63.       2.     -50.
 344 20   86       0.       0.       0.       0.       0.       0.       0.       0.     -74.     -74.       0.    -133.
 344 21   86       0.       0.       0.       0.       0.       0.       0.       0.     -82.     -82.      -4.    -215.
 344 22   86       0.       0.       0.       0.       0.       0.       0.       0.     -71.     -71.       1.     -95.
 344 23   86       0.       0.       0.       0.       0.       0.       0.       0.     -82.     -82.      -3.    -161.
 344 24   86       0.       0.       0.       0.       0.       0.       0.       0.     -73.     -73.       1.    -113.
 345  1   86       0.       0.       0.       0.       0.       0.       0.       0.     -58.     -58.      -6.    -138.
 345  2   86       0.       0.       0.       0.       0.       0.       0.       0.     -51.     -51.      -1.    -160.
 345  3   86       0.       0.       0.       0.       0.       0.       0.       0.     -46.     -46.       1.     -63.
 345  4   86       0.       0.       0.       0.       0.       0.       0.       0.     -43.     -43.       1.     -49.
 345  5   86       0.       0.       0.       0.       0.       0.       0.       0.     -40.     -40.       2.     -45.
 345  6   86       0.       0.       0.       0.       0.       0.       0.       0.     -38.     -38.       2.     -56.
 345  7   86       0.       0.       0.       0.       0.       0.       0.       0.       4.       4.      11.     -31.
 345  8   86       0.       0.       0.      18.      18.       0.       0.       0.      66.      66.      22.     -15.
 345  9   86       0.       0.       0.     108.     108.       0.       0.       0.      83.      83.      25.      -8.
 345 10   86       0.       0.       0.     231.     231.       0.       0.       0.      96.      96.      27.     -25.
 345 11   86       0.       0.       0.     378.     378.       0.       0.       0.     106.     106.      40.     -28.
 345 12   86       0.       0.       0.     292.     292.       0.       0.       0.     115.     115.      64.     -26.
 345 13   86       0.       0.       0.     263.     263.       0.       0.       0.     106.     106.      60.    -107.
 345 14   86       0.       0.       0.     302.     302.       0.       0.       0.      97.      97.      89.     -45.
 345 15   86       0.       0.       0.     257.     257.       0.       0.       0.     111.     111.      70.     -86.
 345 16   86       0.       0.       0.      67.      67.       0.       0.       0.     108.     108.      35.     -62.
 345 17   86       0.       0.       0.       2.       2.       0.       0.       0.      22.      22.      13.     -68.
 345 18   86       0.       0.       0.       0.       0.       0.       0.       0.      27.      27.      14.     -68.
 345 19   86       0.       0.       0.       0.       0.       0.       0.       0.     -10.     -10.       7.     -60.
 345 20   86       0.       0.       0.       0.       0.       0.       0.       0.     -26.     -26.       7.     -69.
 345 21   86       0.       0.       0.       0.       0.       0.       0.       0.     -36.     -36.      11.    -312.
 345 22   86       0.       0.       0.       0.       0.       0.       0.       0.     -27.     -27.      11.    -129.
 345 23   86       0.       0.       0.       0.       0.       0.       0.       0.     -42.     -42.       1.     -56.
 345 24   86       0.       0.       0.       0.       0.       0.       0.       0.     -38.     -38.       2.     -59.
 346  1   86       0.       0.       0.       0.       0.       0.       0.       0.     -52.     -52.      -2.    -179.
 346  2   86       0.       0.       0.       0.       0.       0.       0.       0.     -47.     -47.       1.     -80.
 346  3   86       0.       0.       0.       0.       0.       0.       0.       0.     -43.     -43.       1.     -53.
 346  4   86       0.       0.       0.       0.       0.       0.       0.       0.     -41.     -41.       2.     -36.
 346  5   86       0.       0.       0.       0.       0.       0.       0.       0.     -39.     -39.       2.     -53.
 346  6   86       0.       0.       0.       0.       0.       0.       0.       0.     -37.     -37.       2.     -67.
 346  7   86       0.       0.       0.       0.       0.       0.       0.       0.       5.       5.      11.     -21.
 346  8   86       0.       0.       0.       7.       7.       0.       0.       0.      67.      67.      22.      -6.
 346  9   86       0.       0.       0.      64.      64.       0.       0.       0.      85.      85.      26.     -42.
 346 10   86       0.       0.       0.     134.     134.       0.       0.       0.     101.     101.      28.     -30.
 346 11   86       0.       0.       0.     276.     276.       0.       0.       0.     118.     118.     113.       9.
 346 12   86       0.       0.       0.     318.     318.       0.       0.       0.     128.     128.      74.      -1.
 346 13   86       0.       0.       0.     286.     286.       0.       0.       0.     118.     118.      39.     -28.
 346 14   86       0.       0.       0.     201.     201.       0.       0.       0.     112.     112.      30.     -58.
 346 15   86       0.       0.       0.     139.     139.       0.       0.       0.     129.     129.      32.      -8.
 346 16   86       0.       0.       0.      35.      35.       0.       0.       0.     125.     125.      97.    -128.
 346 17   86       0.       0.       0.       1.       1.       0.       0.       0.      37.      37.      51.     -82.
 346 18   86       0.       0.       0.       0.       0.       0.       0.       0.      41.      41.      58.    -168.
 346 19   86       0.       0.       0.       0.       0.       0.       0.       0.       8.       8.      74.    -452.
 346 20   86       0.       0.       0.       0.       0.       0.       0.       0.      -2.      -2.      86.    -261.
 346 21   86       0.       0.       0.       0.       0.       0.       0.       0.     -13.     -13.      80.    -464.
 346 22   86       0.       0.       0.       0.       0.       0.       0.       0.      -2.      -2.      69.    -308.
 346 23   86       0.       0.       0.       0.       0.       0.       0.       0.     -17.     -17.      40.    -170.
 346 24   86       0.       0.       0.       0.       0.       0.       0.       0.     -15.     -15.       9.     -48.
 347  1   86       0.       0.       0.       0.       0.       0.       0.       0.     -35.     -35.       3.     -41.
 347  2   86       0.       0.       0.       0.       0.       0.       0.       0.     -33.     -33.       5.     -84.
 347  3   86       0.       0.       0.       0.       0.       0.       0.       0.     -27.     -27.      44.    -330.
 347  4   86       0.       0.       0.       0.       0.       0.       0.       0.     -13.     -13.      88.    -707.
 347  5   86       0.       0.       0.       0.       0.       0.       0.       0.       2.       2.     114.    -614.
 347  6   86       0.       0.       0.       0.       0.       0.       0.       0.       7.       7.     149.    -223.
 347  7   86       0.       0.       0.       0.       0.       0.       0.       0.      45.      45.     236.    -276.
 347  8   86       0.       0.       0.      38.      38.       0.       0.       0.     100.     100.     314.    -123.
 347  9   86       0.       0.       0.     176.     176.       0.       0.       0.     109.     109.     125.     -87.
 347 10   86       0.       0.       0.     238.     238.       0.       0.       0.     117.     117.     190.     -40.
 347 11   86       0.       0.       0.     335.     335.       0.       0.       0.     122.     122.     271.    -215.
 347 12   86       0.       0.       0.     505.     505.       0.       0.       0.     128.     128.     409.    -465.
 347 13   86       0.       0.       0.     444.     444.       0.       0.       0.     117.     117.     402.    -687.
 347 14   86       0.       0.       0.     339.     339.       0.       0.       0.     102.     102.     444.     -70.
 347 15   86       0.       0.       0.     232.     232.       0.       0.       0.     113.     113.     523.    -658.
 347 16   86       0.       0.       0.      28.      28.       0.       0.       0.     107.     107.     365.     -52.
 347 17   86       0.       0.       0.       1.       1.       0.       0.       0.      29.      29.     210.    -971.
 347 18   86       0.       0.       0.       0.       0.       0.       0.       0.      44.      44.     135.    -156.
 347 19   86       0.       0.       0.       0.       0.       0.       0.       0.      21.      21.     124.    -596.
 347 20   86       0.       0.       0.       0.       0.       0.       0.       0.      25.      25.     116.    -216.
 347 21   86       0.       0.       0.       0.       0.       0.       0.       0.       6.       6.      20.    -114.
 347 22   86       0.       0.       0.       0.       0.       0.       0.       0.      10.      10.      20.     -73.
 347 23   86       0.       0.       0.       0.       0.       0.       0.       0.      -4.      -4.      35.    -102.
 347 24   86       0.       0.       0.       0.       0.       0.       0.       0.      -1.      -1.      69.    -238.
 348  1   86       0.       0.       0.       0.       0.       0.       0.       0.     -19.     -19.      21.    -114.
 348  2   86       0.       0.       0.       0.       0.       0.       0.       0.     -17.     -17.      54.    -200.
 348  3   86       0.       0.       0.       0.       0.       0.       0.       0.     -13.     -13.      48.    -229.
 348  4   86       0.       0.       0.       0.       0.       0.       0.       0.      -7.      -7.      89.    -392.
 348  5   86       0.       0.       0.       0.       0.       0.       0.       0.       3.       3.     117.    -607.
 348  6   86       0.       0.       0.       0.       0.       0.       0.       0.      10.      10.     156.    -341.
 348  7   86       0.       0.       0.       0.       0.       0.       0.       0.      55.      55.     219.    -430.
 348  8   86       0.       0.       0.      24.      24.       0.       0.       0.     115.     115.     442.     -56.
 348  9   86       0.       0.       0.     215.     215.       0.       0.       0.     118.     118.     409.    -274.
 348 10   86       0.       0.       0.     394.     394.       0.       0.       0.     120.     120.     361.      -6.
 348 11   86       0.       0.       0.     713.     713.       0.       0.       0.     109.     109.     359.      14.
 348 12   86       0.       0.       0.    1035.    1035.       0.       0.       0.     101.     101.     282.    -389.
 348 13   86       0.       0.       0.     631.     631.       0.       0.       0.      91.      91.     356.    -941.
 348 14   86       0.       0.       0.     624.     624.       0.       0.       0.      91.      91.     306.    -832.
 348 15   86       0.       0.       0.     508.     508.       0.       0.       0.     104.     104.     312.    -235.
 348 16   86       0.       0.       0.      92.      92.       0.       0.       0.     104.     104.     291.    -739.
 348 17   86       0.       0.       0.       4.       4.       0.       0.       0.      34.      34.     166.    -784.
 348 18   86       0.       0.       0.       0.       0.       0.       0.       0.      53.      53.     193.    -636.
 348 19   86       0.       0.       0.       0.       0.       0.       0.       0.      19.      19.     154.    -256.
 348 20   86       0.       0.       0.       0.       0.       0.       0.       0.       6.       6.     152.    -492.
 348 21   86       0.       0.       0.       0.       0.       0.       0.       0.      -5.      -5.     132.    -390.
 348 22   86       0.       0.       0.       0.       0.       0.       0.       0.       9.       9.     189.    -807.
 348 23   86       0.       0.       0.       0.       0.       0.       0.       0.       2.       2.     134.    -488.
 348 24   86       0.       0.       0.       0.       0.       0.       0.       0.      13.      13.     171.    -630.
 349  1   86       0.       0.       0.       0.       0.       0.       0.       0.     -32.     -32.     133.    -574.
 349  2   86       0.       0.       0.       0.       0.       0.       0.       0.     -21.     -21.     203.    -615.
 349  3   86       0.       0.       0.       0.       0.       0.       0.       0.     -12.     -12.     231.    -696.
 349  4   86       0.       0.       0.       0.       0.       0.       0.       0.     -10.     -10.     226.    -180.
 349  5   86       0.       0.       0.       0.       0.       0.       0.       0.     -13.     -13.     244.    -381.
 349  6   86       0.       0.       0.       0.       0.       0.       0.       0.     -14.     -14.     290.    -374.
 349  7   86       0.       0.       0.       0.       0.       0.       0.       0.      24.      24.     400.    -383.
 349  8   86       0.       0.       0.      35.      35.       0.       0.       0.      83.      83.     529.    -517.
 349  9   86       0.       0.       0.     312.     312.       0.       0.       0.      83.      83.     505.     134.
 349 10   86       0.       0.       0.     845.     845.       0.       0.       0.      71.      71.     559.    -413.
 349 11   86       0.       0.       0.     827.     827.       0.       0.       0.      73.      73.     499.    -992.
 349 12   86       0.       0.       0.    1216.    1216.       0.       0.       0.      78.      78.     519.    -942.
 349 13   86       0.       0.       0.    1116.    1116.       0.       0.       0.      47.      47.     389.    -330.
 349 14   86       0.       0.       0.     864.     864.       0.       0.       0.      36.      36.     332.   -1255.
 349 15   86       0.       0.       0.     308.     308.       0.       0.       0.      65.      65.     233.    -490.
 349 16   86       0.       0.       0.      62.      62.       0.       0.       0.      68.      68.      57.     -98.
 349 17   86       0.       0.       0.       3.       3.       0.       0.       0.     -19.     -19.      19.     -64.
 349 18   86       0.       0.       0.       0.       0.       0.       0.       0.     -11.     -11.      20.    -112.
 349 19   86       0.       0.       0.       0.       0.       0.       0.       0.     -47.     -47.       7.     -67.
 349 20   86       0.       0.       0.       0.       0.       0.       0.       0.     -61.     -61.       4.     -75.
 349 21   86       0.       0.       0.       0.       0.       0.       0.       0.     -76.     -76.       1.     -46.
 349 22   86       0.       0.       0.       0.       0.       0.       0.       0.     -67.     -67.      10.    -221.
 349 23   86       0.       0.       0.       0.       0.       0.       0.       0.     -75.     -75.       8.    -322.
 349 24   86       0.       0.       0.       0.       0.       0.       0.       0.     -67.     -67.       5.     -54.
 350  1   86       0.       0.       0.       0.       0.       0.       0.       0.     -49.     -49.       0.     -80.
 350  2   86       0.       0.       0.       0.       0.       0.       0.       0.     -44.     -44.       2.    -153.
 350  3   86       0.       0.       0.       0.       0.       0.       0.       0.     -38.     -38.       8.    -200.
 350  4   86       0.       0.       0.       0.       0.       0.       0.       0.     -33.     -33.      17.    -164.
 350  5   86       0.       0.       0.       0.       0.       0.       0.       0.     -30.     -30.       5.     -72.
 350  6   86       0.       0.       0.       0.       0.       0.       0.       0.     -26.     -26.      17.    -239.
 350  7   86       0.       0.       0.       0.       0.       0.       0.       0.      17.      17.      18.     -58.
 350  8   86       0.       0.       0.      10.      10.       0.       0.       0.      78.      78.      25.     -37.
 350  9   86       0.       0.       0.      93.      93.       0.       0.       0.      94.      94.      73.     -61.
 350 10   86       0.       0.       0.     274.     274.       0.       0.       0.     103.     103.     114.     -10.
 350 11   86       0.       0.       0.     460.     460.       0.       0.       0.     107.     107.     112.       9.
 350 12   86       0.       0.       0.     491.     491.       0.       0.       0.     109.     109.      95.     -77.
 350 13   86       0.       0.       0.     472.     472.       0.       0.       0.      94.      94.      53.    -101.
 350 14   86       0.       0.       0.     303.     303.       0.       0.       0.      84.      84.      28.     -83.
 350 15   86       0.       0.       0.     164.     164.       0.       0.       0.     101.     101.      51.     -19.
 350 16   86       0.       0.       0.      54.      54.       0.       0.       0.     100.     100.      31.     -72.
 350 17   86       0.       0.       0.       2.       2.       0.       0.       0.      14.      14.      11.     -70.
 350 18   86       0.       0.       0.       0.       0.       0.       0.       0.      20.      20.      27.    -101.
 350 19   86       0.       0.       0.       0.       0.       0.       0.       0.     -17.     -17.       8.    -103.
 350 20   86       0.       0.       0.       0.       0.       0.       0.       0.     -29.     -29.      14.    -240.
 350 21   86       0.       0.       0.       0.       0.       0.       0.       0.     -36.     -36.      19.    -431.
 350 22   86       0.       0.       0.       0.       0.       0.       0.       0.     -21.     -21.      36.    -425.
 350 23   86       0.       0.       0.       0.       0.       0.       0.       0.     -29.     -29.      27.    -375.
 350 24   86       0.       0.       0.       0.       0.       0.       0.       0.     -22.     -22.       9.    -119.
