
    FROST AND SNOW DEPTH


 DAY HR  YR     THAW   FROST    SNOW      ICE CONTENT OF EACH NODE (M3/M3)
                 CM      CM      CM         0.00  0.05  0.10  0.15  0.20  0.30  0.50  0.70  1.00  1.25  1.50
 339  6   86     0.0     0.0     0.0       0.000 0.000 0.000 0.000 0.000 0.000 0.000 0.000 0.000 0.000 0.000
 339 12   86     0.0     0.0     1.0       0.000 0.000 0.000 0.000 0.000 0.000 0.000 0.000 0.000 0.000 0.000
 339 18   86     0.0     0.0     3.6       0.000 0.000 0.000 0.000 0.000 0.000 0.000 0.000 0.000 0.000 0.000
 339 24   86     0.0     0.0     3.4       0.000 0.000 0.000 0.000 0.000 0.000 0.000 0.000 0.000 0.000 0.000
 340  6   86     0.0     0.0     3.3       0.000 0.000 0.000 0.000 0.000 0.000 0.000 0.000 0.000 0.000 0.000
 340 12   86     0.0     0.0     2.8       0.000 0.000 0.000 0.000 0.000 0.000 0.000 0.000 0.000 0.000 0.000
 340 18   86     0.0     0.0     2.4       0.000 0.000 0.000 0.000 0.000 0.000 0.000 0.000 0.000 0.000 0.000
 340 24   86     0.0     0.0     2.3       0.000 0.000 0.000 0.000 0.000 0.000 0.000 0.000 0.000 0.000 0.000
 341  6   86     0.0     0.0     2.3       0.000 0.000 0.000 0.000 0.000 0.000 0.000 0.000 0.000 0.000 0.000
 341 12   86     0.0     0.0     1.9       0.000 0.000 0.000 0.000 0.000 0.000 0.000 0.000 0.000 0.000 0.000
 341 18   86     0.0     0.0     1.5       0.000 0.000 0.000 0.000 0.000 0.000 0.000 0.000 0.000 0.000 0.000
 341 24   86     0.0     0.0     1.5       0.000 0.000 0.000 0.000 0.000 0.000 0.000 0.000 0.000 0.000 0.000
 342  6   86     0.0     0.0     1.5       0.000 0.000 0.000 0.000 0.000 0.000 0.000 0.000 0.000 0.000 0.000
 342 12   86     0.0     0.0     1.2       0.000 0.000 0.000 0.000 0.000 0.000 0.000 0.000 0.000 0.000 0.000
 342 18   86     0.0     0.0     0.9       0.000 0.000 0.000 0.000 0.000 0.000 0.000 0.000 0.000 0.000 0.000
 342 24   86     0.0     0.0     0.9       0.000 0.000 0.000 0.000 0.000 0.000 0.000 0.000 0.000 0.000 0.000
 343  6   86     0.0     0.1     1.0       0.017 0.000 0.000 0.000 0.000 0.000 0.000 0.000 0.000 0.000 0.000
 343 12   86     0.0     0.0     0.9       0.000 0.000 0.000 0.000 0.000 0.000 0.000 0.000 0.000 0.000 0.000
 343 18   86     0.0     0.0     0.7       0.000 0.000 0.000 0.000 0.000 0.000 0.000 0.000 0.000 0.000 0.000
 343 24   86     0.0     0.0     0.8       0.000 0.000 0.000 0.000 0.000 0.000 0.000 0.000 0.000 0.000 0.000
 344  6   86     0.0     0.1     0.8       0.011 0.000 0.000 0.000 0.000 0.000 0.000 0.000 0.000 0.000 0.000
 344 12   86     0.0     0.0     0.8       0.000 0.000 0.000 0.000 0.000 0.000 0.000 0.000 0.000 0.000 0.000
 344 18   86     0.0     0.0     0.6       0.000 0.000 0.000 0.000 0.000 0.000 0.000 0.000 0.000 0.000 0.000
 344 24   86     0.0     0.0     0.6       0.000 0.000 0.000 0.000 0.000 0.000 0.000 0.000 0.000 0.000 0.000
 345  6   86     0.0     0.0     0.6       0.000 0.000 0.000 0.000 0.000 0.000 0.000 0.000 0.000 0.000 0.000
 345 12   86     0.0     0.0     0.5       0.000 0.000 0.000 0.000 0.000 0.000 0.000 0.000 0.000 0.000 0.000
 345 18   86     0.0     0.0     0.4       0.000 0.000 0.000 0.000 0.000 0.000 0.000 0.000 0.000 0.000 0.000
 345 24   86     0.0     0.0     0.4       0.000 0.000 0.000 0.000 0.000 0.000 0.000 0.000 0.000 0.000 0.000
 346  6   86     0.0     0.0     0.3       0.000 0.000 0.000 0.000 0.000 0.000 0.000 0.000 0.000 0.000 0.000
 346 12   86     0.0     0.0     0.5       0.000 0.000 0.000 0.000 0.000 0.000 0.000 0.000 0.000 0.000 0.000
 346 18   86     0.0     0.0     0.0       0.000 0.000 0.000 0.000 0.000 0.000 0.000 0.000 0.000 0.000 0.000

