AVERAGE PREDICTED MOISTURE CONTENT FOR EACH NODE (M3/M3)
  DY HR  YR   0.00  0.50  1.00  1.50  2.00  2.50  3.00  3.50  4.00  4.50  5.00
 337  1   86-0.019-0.019-0.019-0.019-0.019-0.019-0.019-0.019-0.019-0.019-0.019
 337  2   86-0.019-0.018-0.019-0.019-0.019-0.019-0.019-0.019-0.019-0.019-0.019
 337  3   86-0.019-0.018-0.019-0.019-0.019-0.019-0.019-0.019-0.019-0.019-0.019
 337  4   86-0.019-0.017-0.019-0.019-0.019-0.018-0.019-0.019-0.019-0.019-0.019
 337  5   86-0.019-0.017-0.019-0.019-0.019-0.018-0.019-0.019-0.019-0.019-0.019
 337  6   86-0.019-0.017-0.019-0.018-0.019-0.018-0.019-0.019-0.019-0.019-0.019
 337  7   86-0.019-0.017-0.019-0.018-0.019-0.018-0.019-0.019-0.019-0.019-0.019
 337  8   86-0.019-0.017-0.019-0.018-0.019-0.018-0.019-0.019-0.019-0.019-0.019
 337  9   86-0.019-0.016-0.019-0.018-0.019-0.017-0.019-0.019-0.019-0.019-0.019
 337 10   86-0.019-0.016-0.019-0.018-0.019-0.017-0.019-0.019-0.019-0.019-0.019
 337 11   86-0.019-0.016-0.019-0.018-0.019-0.017-0.019-0.019-0.019-0.019-0.019
 337 12   86-0.019-0.016-0.019-0.018-0.019-0.017-0.019-0.019-0.019-0.019-0.019
 337 13   86-0.019-0.016-0.019-0.018-0.019-0.017-0.019-0.019-0.019-0.019-0.019
 337 14   86-0.019-0.016-0.019-0.018-0.019-0.016-0.019-0.019-0.019-0.019-0.019
 337 15   86-0.019-0.016-0.019-0.018-0.019-0.016-0.019-0.019-0.019-0.019-0.019
 337 16   86-0.019-0.016-0.019-0.018-0.019-0.016-0.019-0.019-0.019-0.019-0.019
 337 17   86-0.019-0.016-0.019-0.018-0.019-0.016-0.019-0.019-0.019-0.019-0.019
 337 18   86-0.019-0.016-0.019-0.018-0.019-0.016-0.019-0.019-0.019-0.019-0.019
 337 19   86-0.019-0.016-0.019-0.018-0.019-0.015-0.019-0.019-0.019-0.019-0.019
 337 20   86-0.019-0.016-0.019-0.018-0.019-0.015-0.019-0.019-0.019-0.019-0.019
 337 21   86-0.019-0.016-0.019-0.018-0.019-0.012-0.019-0.019-0.019-0.019-0.019
 337 22   86-0.019-0.016-0.019-0.018-0.019-0.007-0.019-0.019-0.019-0.019-0.019
 337 23   86-0.019-0.016-0.019-0.018-0.019-0.004-0.019-0.019-0.019-0.019-0.019
 337 24   86-0.019-0.016-0.019-0.018-0.019-0.003-0.019-0.019-0.019-0.019-0.019
 338  1   86-0.019-0.016-0.019-0.018-0.019-0.002-0.019-0.019-0.019-0.019-0.019
 338  2   86-0.019-0.016-0.019-0.018-0.019-0.002-0.019-0.019-0.019-0.019-0.019
 338  3   86-0.019-0.016-0.019-0.018-0.019-0.001-0.019-0.019-0.019-0.019-0.019
 338  4   86-0.019-0.016-0.019-0.018-0.019-0.001-0.019-0.019-0.019-0.019-0.019
 338  5   86-0.019-0.016-0.019-0.018-0.019-0.001-0.019-0.019-0.019-0.019-0.019
 338  6   86-0.019-0.016-0.019-0.018-0.019-0.001-0.019-0.019-0.019-0.019-0.019
 338  7   86-0.019-0.016-0.019-0.018-0.019-0.001-0.019-0.019-0.019-0.019-0.019
 338  8   86-0.019-0.016-0.019-0.018-0.019-0.001-0.019-0.019-0.019-0.019-0.019
 338  9   86-0.019-0.016-0.019-0.018-0.019 0.000-0.019-0.019-0.019-0.019-0.019
 338 10   86-0.019-0.016-0.019-0.018-0.019 0.000-0.019-0.019-0.019-0.019-0.019
 338 11   86-0.019-0.016-0.019-0.018-0.019 0.000-0.019-0.019-0.019-0.019-0.019
 338 12   86-0.019-0.016-0.019-0.018-0.019 0.000-0.019-0.019-0.019-0.019-0.019
 338 13   86-0.019-0.016-0.019-0.018-0.019 0.000-0.019-0.019-0.019-0.019-0.019
 338 14   86-0.019-0.016-0.019-0.018-0.019 0.000-0.019-0.019-0.019-0.019-0.019
 338 15   86-0.019-0.016-0.019-0.018-0.019 0.000-0.019-0.019-0.019-0.019-0.019
 338 16   86-0.019-0.016-0.019-0.018-0.019 0.000-0.019-0.019-0.019-0.019-0.019
 338 17   86-0.019-0.016-0.019-0.018-0.019 0.000-0.019-0.019-0.019-0.019-0.019
 338 18   86-0.019-0.016-0.019-0.018-0.019 0.000-0.019-0.019-0.019-0.019-0.019
 338 19   86-0.019-0.016-0.019-0.018-0.019 0.000-0.019-0.019-0.019-0.019-0.019
 338 20   86-0.019-0.016-0.019-0.018-0.019 0.000-0.019-0.019-0.019-0.019-0.019
 338 21   86-0.019-0.016-0.019-0.018-0.019 0.000-0.019-0.019-0.019-0.019-0.019
 338 22   86-0.019-0.016-0.019-0.018-0.019 0.000-0.019-0.019-0.019-0.019-0.019
 338 23   86-0.019-0.016-0.019-0.018-0.019 0.000-0.019-0.019-0.019-0.019-0.019
 338 24   86-0.019-0.016-0.019-0.018-0.019 0.000-0.019-0.019-0.019-0.019-0.019
 339  1   86-0.018-0.016-0.019-0.018-0.019 0.000-0.019-0.019-0.019-0.019-0.019
 339  2   86-0.017-0.016-0.019-0.018-0.019 0.000-0.019-0.019-0.019-0.019-0.019
 339  3   86-0.017-0.016-0.019-0.018-0.019 0.000-0.019-0.019-0.019-0.019-0.019
 339  4   86-0.017-0.016-0.019-0.018-0.019 0.000-0.019-0.019-0.019-0.019-0.019
 339  5   86-0.017-0.016-0.018-0.018-0.019 0.000-0.019-0.019-0.019-0.019-0.019
 339  6   86-0.017-0.016-0.017-0.018-0.019 0.000-0.019-0.019-0.019-0.019-0.019
 339  7   86-0.017-0.016-0.017-0.017-0.019 0.000-0.019-0.019-0.019-0.019-0.019
 339  8   86-0.017-0.016-0.017-0.017-0.019 0.000-0.019-0.019-0.019-0.019-0.019
 339  9   86-0.017-0.016-0.017-0.017-0.017 0.000-0.019-0.019-0.019-0.019-0.019
 339 10   86-0.017-0.016-0.017-0.017-0.017 0.000-0.018-0.019-0.019-0.019-0.019
 339 11   86-0.017-0.016-0.017-0.017-0.017 0.000-0.017-0.019-0.019-0.019-0.019
 339 12   86-0.017-0.016-0.017-0.017-0.017 0.000-0.018-0.019-0.019-0.019-0.019
 339 13   86-0.017-0.016-0.017-0.017-0.017 0.000-0.017-0.018-0.019-0.019-0.019
 339 14   86-0.017-0.016-0.017-0.017-0.017 0.000-0.018-0.019-0.019-0.019-0.019
 339 15   86-0.017-0.016-0.017-0.017-0.017 0.000-0.017-0.019-0.019-0.019-0.019
 339 16   86-0.017-0.016-0.017-0.017-0.017 0.000-0.018-0.019-0.019-0.019-0.019
 339 17   86-0.017-0.016-0.017-0.017-0.017 0.000-0.018-0.019-0.019-0.019-0.019
 339 18   86-0.017-0.016-0.017-0.017-0.017 0.000-0.019-0.019-0.019-0.019-0.019
 339 19   86-0.017-0.016-0.017-0.017-0.017 0.000-0.019-0.019-0.019-0.019-0.019
 339 20   86-0.017-0.016-0.017-0.017-0.017 0.000-0.019-0.019-0.019-0.019-0.019
 339 21   86-0.017-0.016-0.017-0.017-0.017 0.000-0.019-0.019-0.019-0.019-0.019
 339 22   86-0.017-0.016-0.017-0.017-0.017 0.000-0.019-0.019-0.019-0.019-0.019
 339 23   86-0.017-0.016-0.017-0.017-0.017 0.000-0.019-0.019-0.019-0.019-0.019
 339 24   86-0.017-0.016-0.017-0.017-0.017 0.000-0.019-0.019-0.019-0.019-0.019
 340  1   86-0.018-0.016-0.017-0.017-0.017 0.000-0.019-0.019-0.019-0.019-0.019
 340  2   86-0.018-0.016-0.017-0.017-0.017 0.000-0.019-0.019-0.019-0.019-0.019
 340  3   86-0.018-0.016-0.017-0.017-0.017 0.000-0.019-0.019-0.019-0.019-0.019
 340  4   86-0.018-0.016-0.017-0.017-0.017 0.000-0.019-0.019-0.019-0.019-0.019
 340  5   86-0.018-0.016-0.017-0.017-0.017 0.000-0.019-0.019-0.019-0.019-0.019
 340  6   86-0.018-0.016-0.017-0.017-0.017 0.000-0.019-0.019-0.019-0.019-0.019
 340  7   86-0.018-0.016-0.017-0.017-0.017 0.000-0.019-0.019-0.019-0.019-0.019
 340  8   86-0.018-0.016-0.017-0.017-0.017 0.000-0.019-0.019-0.019-0.019-0.019
 340  9   86-0.018-0.016-0.017-0.017-0.017 0.000-0.019-0.019-0.019-0.019-0.019
 340 10   86-0.018-0.016-0.017-0.017-0.017 0.000-0.019-0.019-0.019-0.019-0.019
 340 11   86-0.018-0.016-0.017-0.017-0.017 0.000-0.019-0.019-0.019-0.019-0.019
 340 12   86-0.018-0.016-0.017-0.017-0.017 0.000-0.019-0.019-0.019-0.019-0.019
 340 13   86-0.018-0.016-0.017-0.017-0.017 0.000-0.019-0.019-0.019-0.019-0.019
 340 14   86-0.018-0.016-0.017-0.017-0.017 0.000-0.019-0.019-0.019-0.019-0.019
 340 15   86-0.019-0.016-0.017-0.017-0.017 0.000-0.019-0.019-0.019-0.019-0.019
 340 16   86-0.019-0.016-0.017-0.017-0.017 0.000-0.019-0.019-0.019-0.019-0.019
 340 17   86-0.019-0.016-0.017-0.017-0.017 0.000-0.019-0.019-0.019-0.019-0.019
 340 18   86-0.019-0.016-0.017-0.017-0.017 0.000-0.019-0.019-0.019-0.019-0.019
 340 19   86-0.019-0.016-0.017-0.017-0.017 0.000-0.019-0.019-0.019-0.019-0.019
 340 20   86-0.019-0.016-0.017-0.017-0.017 0.000-0.019-0.019-0.019-0.019-0.019
 340 21   86-0.019-0.016-0.017-0.017-0.017 0.000-0.019-0.019-0.019-0.019-0.019
 340 22   86-0.019-0.016-0.017-0.017-0.017 0.000-0.019-0.019-0.019-0.019-0.019
 340 23   86-0.019-0.016-0.017-0.017-0.017 0.000-0.019-0.019-0.019-0.019-0.019
 340 24   86-0.019-0.016-0.017-0.017-0.017 0.000-0.019-0.019-0.019-0.019-0.019
 341  1   86-0.019-0.016-0.017-0.017-0.017 0.000-0.019-0.019-0.019-0.019-0.019
 341  2   86-0.019-0.016-0.017-0.017-0.017 0.000-0.019-0.019-0.019-0.019-0.019
 341  3   86-0.019-0.016-0.017-0.017-0.017 0.000-0.019-0.019-0.019-0.019-0.019
 341  4   86-0.019-0.016-0.017-0.017-0.017 0.000-0.019-0.019-0.019-0.019-0.019
 341  5   86-0.019-0.016-0.017-0.017-0.017 0.000-0.019-0.019-0.019-0.019-0.019
 341  6   86-0.019-0.016-0.017-0.017-0.017 0.000-0.019-0.019-0.019-0.019-0.019
 341  7   86-0.019-0.016-0.017-0.017-0.017 0.000-0.019-0.019-0.019-0.019-0.019
 341  8   86-0.019-0.016-0.017-0.017-0.017 0.000-0.019-0.019-0.019-0.019-0.019
 341  9   86-0.019-0.016-0.017-0.017-0.017 0.000-0.019-0.019-0.019-0.019-0.019
 341 10   86-0.019-0.016-0.017-0.017-0.017 0.000-0.019-0.019-0.019-0.019-0.019
 341 11   86-0.019-0.016-0.017-0.017-0.017 0.000-0.019-0.019-0.019-0.019-0.019
 341 12   86-0.019-0.016-0.017-0.017-0.017 0.000-0.019-0.019-0.019-0.019-0.019
 341 13   86-0.019-0.016-0.017-0.017-0.017 0.000-0.019-0.019-0.019-0.019-0.019
 341 14   86-0.019-0.016-0.017-0.017-0.017 0.000-0.019-0.019-0.019-0.019-0.019
 341 15   86-0.019-0.016-0.017-0.017-0.017 0.000-0.019-0.019-0.019-0.019-0.019
 341 16   86-0.019-0.016-0.017-0.017-0.017 0.000-0.019-0.019-0.019-0.019-0.019
 341 17   86-0.019-0.016-0.017-0.017-0.017 0.000-0.019-0.019-0.019-0.019-0.019
 341 18   86-0.019-0.016-0.017-0.017-0.017 0.000-0.019-0.019-0.019-0.019-0.019
 341 19   86-0.019-0.016-0.017-0.017-0.017 0.000-0.019-0.019-0.019-0.019-0.019
 341 20   86-0.019-0.016-0.017-0.017-0.017 0.000-0.019-0.019-0.019-0.019-0.019
 341 21   86-0.019-0.016-0.017-0.017-0.017 0.000-0.019-0.019-0.019-0.019-0.019
 341 22   86-0.019-0.016-0.017-0.017-0.017 0.000-0.019-0.019-0.019-0.019-0.019
 341 23   86-0.019-0.016-0.017-0.017-0.017 0.000-0.019-0.019-0.019-0.019-0.019
 341 24   86-0.019-0.016-0.017-0.017-0.017 0.000-0.019-0.019-0.019-0.019-0.019
 342  1   86-0.019-0.016-0.017-0.017-0.017 0.000-0.019-0.019-0.019-0.019-0.019
 342  2   86-0.019-0.016-0.017-0.017-0.017 0.000-0.019-0.019-0.019-0.019-0.019
 342  3   86-0.019-0.016-0.017-0.017-0.017 0.000-0.019-0.019-0.019-0.019-0.019
 342  4   86-0.019-0.016-0.017-0.017-0.017 0.000-0.019-0.019-0.019-0.019-0.019
 342  5   86-0.019-0.016-0.017-0.017-0.017 0.000-0.019-0.019-0.019-0.019-0.019
 342  6   86-0.019-0.016-0.017-0.017-0.017 0.000-0.019-0.019-0.019-0.019-0.019
 342  7   86-0.019-0.016-0.017-0.017-0.017 0.000-0.019-0.019-0.019-0.019-0.019
 342  8   86-0.019-0.016-0.017-0.017-0.017 0.000-0.019-0.019-0.019-0.019-0.019
 342  9   86-0.019-0.016-0.017-0.017-0.017 0.000-0.019-0.019-0.019-0.019-0.019
 342 10   86-0.019-0.016-0.017-0.017-0.017 0.000-0.019-0.019-0.019-0.019-0.019
 342 11   86-0.019-0.016-0.017-0.017-0.017 0.000-0.019-0.019-0.019-0.019-0.019
 342 12   86-0.017-0.016-0.017-0.017-0.017 0.000-0.019-0.019-0.019-0.019-0.019
 342 13   86-0.017-0.016-0.017-0.017-0.017 0.000-0.019-0.019-0.019-0.019-0.019
 342 14   86-0.017-0.016-0.017-0.017-0.017 0.000-0.019-0.019-0.019-0.019-0.019
 342 15   86-0.017-0.016-0.017-0.017-0.017 0.000-0.019-0.019-0.019-0.019-0.019
 342 16   86-0.018-0.016-0.017-0.017-0.017 0.000-0.019-0.019-0.019-0.019-0.019
 342 17   86-0.018-0.016-0.017-0.017-0.017 0.000-0.019-0.019-0.019-0.019-0.019
 342 18   86-0.018-0.016-0.017-0.017-0.017 0.000-0.019-0.019-0.019-0.019-0.019
 342 19   86-0.018-0.016-0.017-0.017-0.017 0.000-0.019-0.019-0.019-0.019-0.019
 342 20   86-0.018-0.016-0.017-0.017-0.017 0.000-0.019-0.019-0.019-0.019-0.019
 342 21   86-0.018-0.016-0.017-0.017-0.017 0.000-0.019-0.019-0.019-0.019-0.019
 342 22   86-0.019-0.016-0.017-0.017-0.017 0.000-0.019-0.019-0.019-0.019-0.019
 342 23   86-0.019-0.016-0.017-0.017-0.017 0.000-0.019-0.019-0.019-0.019-0.019
 342 24   86-0.019-0.016-0.017-0.017-0.017 0.000-0.019-0.019-0.019-0.019-0.019
 343  1   86-0.019-0.016-0.017-0.017-0.017 0.000-0.019-0.019-0.019-0.019-0.019
 343  2   86-0.019-0.016-0.017-0.017-0.017 0.000-0.019-0.019-0.019-0.019-0.019
 343  3   86-0.019-0.016-0.017-0.017-0.017 0.000-0.019-0.019-0.019-0.019-0.019
 343  4   86-0.019-0.016-0.017-0.017-0.017 0.000-0.019-0.019-0.019-0.019-0.019
 343  5   86-0.019-0.016-0.017-0.017-0.017 0.000-0.019-0.019-0.019-0.019-0.019
 343  6   86-0.019-0.016-0.017-0.017-0.017 0.000-0.019-0.019-0.019-0.019-0.019
 343  7   86-0.019-0.016-0.017-0.017-0.017 0.000-0.019-0.019-0.019-0.019-0.019
 343  8   86-0.019-0.016-0.017-0.017-0.017 0.000-0.019-0.019-0.019-0.019-0.019
 343  9   86-0.019-0.016-0.017-0.017-0.017 0.000-0.019-0.019-0.019-0.019-0.019
 343 10   86-0.019-0.016-0.017-0.017-0.017 0.000-0.019-0.019-0.019-0.019-0.019
 343 11   86-0.019-0.016-0.017-0.017-0.017 0.000-0.019-0.019-0.019-0.019-0.019
 343 12   86-0.019-0.016-0.017-0.017-0.017 0.000-0.019-0.019-0.019-0.019-0.019
 343 13   86-0.019-0.016-0.017-0.017-0.017 0.000-0.019-0.019-0.019-0.019-0.019
 343 14   86-0.019-0.016-0.017-0.017-0.017 0.000-0.019-0.019-0.019-0.019-0.019
 343 15   86-0.019-0.016-0.017-0.017-0.017 0.000-0.019-0.019-0.019-0.019-0.019
 343 16   86-0.019-0.016-0.017-0.017-0.017 0.000-0.019-0.019-0.019-0.019-0.019
 343 17   86-0.019-0.016-0.017-0.017-0.017 0.000-0.019-0.019-0.019-0.019-0.019
 343 18   86-0.019-0.016-0.017-0.017-0.017 0.000-0.019-0.019-0.019-0.019-0.019
 343 19   86-0.019-0.016-0.017-0.017-0.017 0.000-0.019-0.019-0.019-0.019-0.019
 343 20   86-0.019-0.016-0.017-0.017-0.017 0.000-0.019-0.019-0.019-0.019-0.019
 343 21   86-0.019-0.016-0.017-0.017-0.017 0.000-0.019-0.019-0.019-0.019-0.019
 343 22   86-0.019-0.016-0.017-0.017-0.017 0.000-0.019-0.019-0.019-0.019-0.019
 343 23   86-0.019-0.016-0.017-0.017-0.017 0.000-0.019-0.019-0.019-0.019-0.019
 343 24   86-0.019-0.016-0.017-0.017-0.017 0.000-0.019-0.019-0.019-0.019-0.019
 344  1   86-0.019-0.016-0.017-0.017-0.017 0.000-0.019-0.019-0.019-0.019-0.019
 344  2   86-0.019-0.016-0.017-0.017-0.017 0.000-0.019-0.019-0.019-0.019-0.019
 344  3   86-0.019-0.016-0.017-0.017-0.017 0.000-0.019-0.019-0.019-0.019-0.019
 344  4   86-0.019-0.016-0.017-0.017-0.017 0.000-0.019-0.019-0.019-0.019-0.019
 344  5   86-0.019-0.016-0.017-0.017-0.017 0.000-0.019-0.019-0.019-0.019-0.019
 344  6   86-0.019-0.016-0.017-0.017-0.017 0.000-0.019-0.019-0.019-0.019-0.019
 344  7   86-0.019-0.016-0.017-0.017-0.017 0.000-0.019-0.019-0.019-0.019-0.019
 344  8   86-0.019-0.016-0.017-0.017-0.017 0.000-0.019-0.019-0.019-0.019-0.019
 344  9   86-0.019-0.016-0.017-0.017-0.017 0.000-0.019-0.019-0.019-0.019-0.019
 344 10   86-0.019-0.016-0.017-0.017-0.017 0.000-0.019-0.019-0.019-0.019-0.019
 344 11   86-0.019-0.016-0.017-0.017-0.017 0.000-0.019-0.019-0.019-0.019-0.019
 344 12   86-0.019-0.016-0.017-0.017-0.017 0.000-0.019-0.019-0.019-0.019-0.019
 344 13   86-0.019-0.016-0.017-0.017-0.017 0.000-0.019-0.019-0.019-0.019-0.019
 344 14   86-0.019-0.016-0.017-0.017-0.017 0.000-0.019-0.019-0.019-0.019-0.019
 344 15   86-0.019-0.016-0.017-0.017-0.017 0.000-0.019-0.019-0.019-0.019-0.019
 344 16   86-0.019-0.016-0.017-0.017-0.017 0.000-0.019-0.019-0.019-0.019-0.019
 344 17   86-0.019-0.016-0.017-0.017-0.017 0.000-0.019-0.019-0.019-0.019-0.019
 344 18   86-0.019-0.016-0.017-0.017-0.017 0.000-0.019-0.019-0.019-0.019-0.019
 344 19   86-0.019-0.016-0.017-0.017-0.017 0.000-0.019-0.019-0.019-0.019-0.019
 344 20   86-0.019-0.016-0.017-0.017-0.017 0.000-0.019-0.019-0.019-0.019-0.019
 344 21   86-0.019-0.016-0.017-0.017-0.017 0.000-0.019-0.019-0.019-0.019-0.019
 344 22   86-0.019-0.016-0.017-0.017-0.017 0.000-0.019-0.019-0.019-0.019-0.019
 344 23   86-0.019-0.016-0.017-0.017-0.017 0.000-0.019-0.019-0.019-0.019-0.019
 344 24   86-0.019-0.016-0.017-0.017-0.017 0.000-0.019-0.019-0.019-0.019-0.019
 345  1   86-0.019-0.016-0.017-0.017-0.017 0.000-0.019-0.019-0.019-0.019-0.019
 345  2   86-0.019-0.016-0.017-0.017-0.017 0.000-0.019-0.019-0.019-0.019-0.019
 345  3   86-0.019-0.016-0.017-0.017-0.017 0.000-0.019-0.019-0.019-0.019-0.019
 345  4   86-0.019-0.016-0.017-0.017-0.017 0.000-0.019-0.019-0.019-0.019-0.019
 345  5   86-0.019-0.016-0.017-0.017-0.017 0.000-0.019-0.019-0.019-0.019-0.019
 345  6   86-0.019-0.016-0.017-0.017-0.017 0.000-0.019-0.019-0.019-0.019-0.019
 345  7   86-0.019-0.016-0.017-0.017-0.017 0.000-0.019-0.019-0.019-0.019-0.019
 345  8   86-0.019-0.016-0.017-0.017-0.017 0.000-0.019-0.019-0.019-0.019-0.019
 345  9   86-0.019-0.016-0.017-0.017-0.017 0.000-0.019-0.019-0.019-0.019-0.019
 345 10   86-0.019-0.016-0.017-0.017-0.017 0.000-0.019-0.019-0.019-0.019-0.019
 345 11   86-0.019-0.016-0.017-0.017-0.017 0.000-0.019-0.019-0.019-0.019-0.019
 345 12   86-0.019-0.016-0.017-0.017-0.017 0.000-0.019-0.019-0.019-0.019-0.019
 345 13   86-0.019-0.016-0.017-0.017-0.017 0.000-0.019-0.019-0.019-0.019-0.019
 345 14   86-0.019-0.016-0.017-0.017-0.017 0.000-0.019-0.019-0.019-0.019-0.019
 345 15   86-0.019-0.016-0.017-0.017-0.017 0.000-0.019-0.019-0.019-0.019-0.019
 345 16   86-0.019-0.016-0.017-0.017-0.017 0.000-0.019-0.019-0.019-0.019-0.019
 345 17   86-0.019-0.016-0.017-0.017-0.017 0.000-0.019-0.019-0.019-0.019-0.019
 345 18   86-0.019-0.016-0.017-0.017-0.017 0.000-0.019-0.019-0.019-0.019-0.019
 345 19   86-0.019-0.016-0.017-0.017-0.017 0.000-0.019-0.019-0.019-0.019-0.019
 345 20   86-0.019-0.016-0.017-0.017-0.017 0.000-0.019-0.019-0.019-0.019-0.019
 345 21   86-0.019-0.016-0.017-0.017-0.017 0.000-0.019-0.019-0.019-0.019-0.019
 345 22   86-0.019-0.016-0.017-0.017-0.017 0.000-0.019-0.019-0.019-0.019-0.019
 345 23   86-0.019-0.016-0.017-0.017-0.017 0.000-0.019-0.019-0.019-0.019-0.019
 345 24   86-0.019-0.016-0.017-0.017-0.017 0.000-0.019-0.019-0.019-0.019-0.019
 346  1   86-0.019-0.016-0.017-0.017-0.017 0.000-0.019-0.019-0.019-0.019-0.019
 346  2   86-0.019-0.016-0.017-0.017-0.017 0.000-0.019-0.019-0.019-0.019-0.019
 346  3   86-0.019-0.016-0.017-0.017-0.017 0.000-0.019-0.019-0.019-0.019-0.019
 346  4   86-0.019-0.016-0.017-0.017-0.017 0.000-0.019-0.019-0.019-0.019-0.019
 346  5   86-0.019-0.016-0.017-0.017-0.017 0.000-0.019-0.019-0.019-0.019-0.019
 346  6   86-0.019-0.016-0.017-0.017-0.017 0.000-0.019-0.019-0.019-0.019-0.019
 346  7   86-0.019-0.016-0.017-0.017-0.017 0.000-0.019-0.019-0.019-0.019-0.019
 346  8   86-0.019-0.016-0.017-0.017-0.017 0.000-0.019-0.019-0.019-0.019-0.019
 346  9   86-0.019-0.016-0.017-0.017-0.017 0.000-0.019-0.019-0.019-0.019-0.019
 346 10   86-0.017-0.016-0.017-0.017-0.017 0.000-0.019-0.019-0.019-0.019-0.019
 346 11   86-0.017-0.016-0.017-0.017-0.017 0.000-0.018-0.019-0.019-0.019-0.019
 346 12   86-0.017-0.016-0.017-0.017-0.017 0.000-0.018-0.019-0.019-0.019-0.019
 346 13   86-0.017-0.016-0.017-0.017-0.017 0.000-0.018-0.019-0.019-0.019-0.019
 346 14   86-0.017-0.016-0.017-0.017-0.017 0.000-0.019-0.019-0.019-0.019-0.019
 346 15   86-0.017-0.016-0.017-0.017-0.017 0.000-0.019-0.019-0.019-0.019-0.019
 346 16   86-0.017-0.016-0.017-0.017-0.017 0.000-0.019-0.019-0.019-0.019-0.019
 346 17   86-0.017-0.016-0.017-0.017-0.017 0.000-0.019-0.019-0.019-0.019-0.019
 346 18   86-0.018-0.016-0.017-0.017-0.017 0.000-0.019-0.019-0.019-0.019-0.019
 346 19   86-0.018-0.016-0.017-0.017-0.017 0.000-0.019-0.019-0.019-0.019-0.019
 346 20   86-0.019-0.016-0.017-0.017-0.017 0.000-0.019-0.019-0.019-0.019-0.019
 346 21   86-0.019-0.016-0.017-0.017-0.017 0.000-0.019-0.019-0.019-0.019-0.019
 346 22   86-0.019-0.016-0.017-0.017-0.017 0.000-0.019-0.019-0.019-0.019-0.019
 346 23   86-0.019-0.016-0.017-0.017-0.017 0.000-0.019-0.019-0.019-0.019-0.019
 346 24   86-0.019-0.016-0.017-0.017-0.017 0.000-0.019-0.019-0.019-0.019-0.019
 347  1   86-0.019-0.016-0.017-0.017-0.017 0.000-0.019-0.019-0.019-0.019-0.019
 347  2   86-0.019-0.016-0.017-0.017-0.017 0.000-0.019-0.019-0.019-0.019-0.019
 347  3   86-0.019-0.016-0.017-0.017-0.017 0.000-0.019-0.019-0.019-0.019-0.019
 347  4   86-0.019-0.016-0.017-0.017-0.017 0.000-0.019-0.019-0.019-0.019-0.019
 347  5   86-0.019-0.016-0.017-0.017-0.017 0.000-0.019-0.019-0.019-0.019-0.019
 347  6   86-0.019-0.016-0.017-0.017-0.017 0.000-0.019-0.019-0.019-0.019-0.019
 347  7   86-0.019-0.016-0.017-0.017-0.017 0.000-0.019-0.019-0.019-0.019-0.019
 347  8   86-0.019-0.016-0.017-0.017-0.017 0.000-0.019-0.019-0.019-0.019-0.019
 347  9   86-0.019-0.016-0.017-0.017-0.017 0.000-0.019-0.019-0.019-0.019-0.019
 347 10   86-0.019-0.016-0.017-0.017-0.017 0.000-0.019-0.019-0.019-0.019-0.019
 347 11   86-0.018-0.016-0.017-0.017-0.017 0.000-0.019-0.019-0.019-0.019-0.019
 347 12   86-0.019-0.016-0.017-0.017-0.017 0.000-0.019-0.019-0.019-0.019-0.019
 347 13   86-0.019-0.016-0.017-0.017-0.017 0.000-0.019-0.019-0.019-0.019-0.019
 347 14   86-0.019-0.016-0.017-0.017-0.017 0.000-0.019-0.019-0.019-0.019-0.019
 347 15   86-0.019-0.016-0.017-0.017-0.017 0.000-0.019-0.019-0.019-0.019-0.019
 347 16   86-0.019-0.016-0.017-0.017-0.017 0.000-0.019-0.019-0.019-0.019-0.019
 347 17   86-0.019-0.016-0.017-0.017-0.017 0.000-0.019-0.019-0.019-0.019-0.019
 347 18   86-0.017-0.016-0.017-0.017-0.017 0.000-0.018-0.019-0.019-0.019-0.019
 347 19   86-0.017-0.016-0.017-0.017-0.017 0.000-0.017-0.019-0.019-0.019-0.019
 347 20   86-0.017-0.016-0.017-0.017-0.017 0.000-0.019-0.019-0.019-0.019-0.019
 347 21   86-0.017-0.016-0.017-0.017-0.017 0.000-0.019-0.019-0.019-0.019-0.019
 347 22   86-0.017-0.016-0.017-0.017-0.017 0.000-0.018-0.019-0.019-0.019-0.019
 347 23   86-0.017-0.016-0.017-0.017-0.017 0.000-0.019-0.019-0.019-0.019-0.019
 347 24   86-0.018-0.016-0.017-0.017-0.017 0.000-0.019-0.019-0.019-0.019-0.019
 348  1   86-0.018-0.016-0.017-0.017-0.017 0.000-0.019-0.019-0.019-0.019-0.019
 348  2   86-0.018-0.016-0.017-0.017-0.017 0.000-0.019-0.019-0.019-0.019-0.019
 348  3   86-0.018-0.016-0.017-0.017-0.017 0.000-0.019-0.019-0.019-0.019-0.019
 348  4   86-0.019-0.016-0.017-0.017-0.017 0.000-0.019-0.019-0.019-0.019-0.019
 348  5   86-0.019-0.016-0.017-0.017-0.017 0.000-0.019-0.019-0.019-0.019-0.019
 348  6   86-0.018-0.016-0.017-0.017-0.017 0.000-0.019-0.019-0.019-0.019-0.019
 348  7   86-0.017-0.016-0.017-0.017-0.017 0.000-0.019-0.019-0.019-0.019-0.019
 348  8   86-0.017-0.016-0.017-0.017-0.017 0.000-0.019-0.019-0.019-0.019-0.019
 348  9   86-0.017-0.016-0.017-0.017-0.017 0.000-0.019-0.019-0.019-0.019-0.019
 348 10   86-0.017-0.016-0.017-0.017-0.017 0.000-0.019-0.019-0.019-0.019-0.019
 348 11   86-0.017-0.016-0.017-0.017-0.017 0.000-0.018-0.019-0.019-0.019-0.019
 348 12   86-0.017-0.016-0.017-0.017-0.017 0.000-0.019-0.019-0.019-0.019-0.019
 348 13   86-0.018-0.016-0.017-0.017-0.017 0.000-0.019-0.019-0.019-0.019-0.019
 348 14   86-0.019-0.016-0.017-0.017-0.017 0.000-0.019-0.019-0.019-0.019-0.019
 348 15   86-0.019-0.016-0.017-0.017-0.017 0.000-0.019-0.019-0.019-0.019-0.019
 348 16   86-0.019-0.016-0.017-0.017-0.017 0.000-0.019-0.019-0.019-0.019-0.019
 348 17   86-0.019-0.016-0.017-0.017-0.017 0.000-0.019-0.019-0.019-0.019-0.019
 348 18   86-0.019-0.016-0.017-0.017-0.017 0.000-0.019-0.019-0.019-0.019-0.019
 348 19   86-0.019-0.016-0.017-0.017-0.017 0.000-0.019-0.019-0.019-0.019-0.019
 348 20   86-0.019-0.016-0.017-0.017-0.017 0.000-0.019-0.019-0.019-0.019-0.019
 348 21   86-0.019-0.016-0.017-0.017-0.017 0.000-0.019-0.019-0.019-0.019-0.019
 348 22   86-0.019-0.016-0.017-0.017-0.017 0.000-0.019-0.019-0.019-0.019-0.019
 348 23   86-0.019-0.016-0.017-0.017-0.017 0.000-0.019-0.019-0.019-0.019-0.019
 348 24   86-0.019-0.016-0.017-0.017-0.017 0.000-0.019-0.019-0.019-0.019-0.019
 349  1   86-0.019-0.016-0.017-0.017-0.017 0.000-0.019-0.019-0.019-0.019-0.019
 349  2   86-0.019-0.016-0.017-0.017-0.017 0.000-0.019-0.019-0.019-0.019-0.019
 349  3   86-0.019-0.016-0.017-0.017-0.017 0.000-0.019-0.019-0.019-0.019-0.019
 349  4   86-0.019-0.016-0.017-0.017-0.017 0.000-0.019-0.019-0.019-0.019-0.019
 349  5   86-0.019-0.016-0.017-0.017-0.017 0.000-0.019-0.019-0.019-0.019-0.019
 349  6   86-0.019-0.016-0.017-0.017-0.017 0.000-0.019-0.019-0.019-0.019-0.019
 349  7   86-0.019-0.016-0.017-0.017-0.017 0.000-0.019-0.019-0.019-0.019-0.019
 349  8   86-0.019-0.016-0.017-0.017-0.017 0.000-0.019-0.019-0.019-0.019-0.019
 349  9   86-0.019-0.016-0.017-0.017-0.017 0.000-0.019-0.019-0.019-0.019-0.019
 349 10   86-0.019-0.016-0.017-0.017-0.017 0.000-0.019-0.019-0.019-0.019-0.019
 349 11   86-0.019-0.016-0.017-0.017-0.017 0.000-0.019-0.019-0.019-0.019-0.019
 349 12   86-0.019-0.016-0.017-0.017-0.017 0.000-0.019-0.019-0.019-0.019-0.019
 349 13   86-0.019-0.016-0.017-0.017-0.017 0.000-0.019-0.019-0.019-0.019-0.019
 349 14   86-0.019-0.016-0.017-0.017-0.017 0.000-0.019-0.019-0.019-0.019-0.019
 349 15   86-0.019-0.016-0.017-0.017-0.017 0.000-0.019-0.019-0.019-0.019-0.019
 349 16   86-0.019-0.016-0.017-0.017-0.017 0.000-0.019-0.019-0.019-0.019-0.019
 349 17   86-0.019-0.016-0.017-0.017-0.017 0.000-0.019-0.019-0.019-0.019-0.019
 349 18   86-0.019-0.016-0.017-0.017-0.017 0.000-0.019-0.019-0.019-0.019-0.019
 349 19   86-0.019-0.016-0.017-0.017-0.017 0.000-0.019-0.019-0.019-0.019-0.019
 349 20   86-0.019-0.016-0.017-0.017-0.017 0.000-0.019-0.019-0.019-0.019-0.019
 349 21   86-0.019-0.016-0.017-0.017-0.017 0.000-0.019-0.019-0.019-0.019-0.019
 349 22   86-0.019-0.016-0.017-0.017-0.017 0.000-0.019-0.019-0.019-0.019-0.019
 349 23   86-0.019-0.016-0.017-0.017-0.017 0.000-0.019-0.019-0.019-0.019-0.019
 349 24   86-0.019-0.016-0.017-0.017-0.017 0.000-0.019-0.019-0.019-0.019-0.019
 350  1   86-0.019-0.016-0.017-0.017-0.017 0.000-0.019-0.019-0.019-0.019-0.019
 350  2   86-0.019-0.016-0.017-0.017-0.017 0.000-0.019-0.019-0.019-0.019-0.019
 350  3   86-0.019-0.016-0.017-0.017-0.017 0.000-0.019-0.019-0.019-0.019-0.019
 350  4   86-0.019-0.016-0.017-0.017-0.017 0.000-0.019-0.019-0.019-0.019-0.019
 350  5   86-0.019-0.016-0.017-0.017-0.017 0.000-0.019-0.019-0.019-0.019-0.019
 350  6   86-0.019-0.016-0.017-0.017-0.017 0.000-0.019-0.019-0.019-0.019-0.019
 350  7   86-0.019-0.016-0.017-0.017-0.017 0.000-0.019-0.019-0.019-0.019-0.019
 350  8   86-0.019-0.016-0.017-0.017-0.017 0.000-0.019-0.019-0.019-0.019-0.019
 350  9   86-0.019-0.016-0.017-0.017-0.017 0.000-0.019-0.019-0.019-0.019-0.019
 350 10   86-0.019-0.016-0.017-0.017-0.017 0.000-0.019-0.019-0.019-0.019-0.019
 350 11   86-0.019-0.016-0.017-0.017-0.017 0.000-0.019-0.019-0.019-0.019-0.019
 350 12   86-0.019-0.016-0.017-0.017-0.017 0.000-0.019-0.019-0.019-0.019-0.019
 350 13   86-0.019-0.016-0.017-0.017-0.017 0.000-0.019-0.019-0.019-0.019-0.019
 350 14   86-0.019-0.016-0.017-0.017-0.017 0.000-0.019-0.019-0.019-0.019-0.019
 350 15   86-0.019-0.016-0.017-0.017-0.017 0.000-0.019-0.019-0.019-0.019-0.019
 350 16   86-0.019-0.016-0.017-0.017-0.017 0.000-0.019-0.019-0.019-0.019-0.019
 350 17   86-0.019-0.016-0.017-0.017-0.017 0.000-0.019-0.019-0.019-0.019-0.019
 350 18   86-0.019-0.016-0.017-0.017-0.017 0.000-0.019-0.019-0.019-0.019-0.019
 350 19   86-0.019-0.016-0.017-0.017-0.017 0.000-0.019-0.019-0.019-0.019-0.019
 350 20   86-0.019-0.016-0.017-0.017-0.017 0.000-0.019-0.019-0.019-0.019-0.019
 350 21   86-0.019-0.016-0.017-0.017-0.017 0.000-0.019-0.019-0.019-0.019-0.019
 350 22   86-0.019-0.016-0.017-0.017-0.017 0.000-0.019-0.019-0.019-0.019-0.019
 350 23   86-0.019-0.016-0.017-0.017-0.017 0.000-0.019-0.019-0.019-0.019-0.019
 350 24   86-0.019-0.016-0.017-0.017-0.017 0.000-0.019-0.019-0.019-0.019-0.019
