AVERAGE PREDICTED TEMPERATURES FOR EACH NODE (C)
  DY HR  YR   0.00  0.50  1.00  1.50  2.00  2.50  3.00  3.50  4.00  4.50  5.00
 337  1   86   5.7   6.4   7.1   7.8   8.6   9.5  10.3  10.7  11.3  11.8  90.0
 337  2   86   6.3   6.4   7.1   7.8   8.6   9.5  10.3  10.7  12.0  22.5  90.0
 337  3   86   6.6   6.5   7.1   7.8   8.6   9.5  10.3  10.9  13.6  30.7  90.0
 337  4   86   7.0   6.5   7.1   7.8   8.6   9.5  10.3  11.2  15.7  37.1  90.0
 337  5   86   7.4   6.6   7.1   7.8   8.6   9.5  10.3  11.6  18.0  42.1  90.0
 337  6   86   7.7   6.7   7.2   7.8   8.6   9.5  10.4  12.2  20.4  46.2  90.0
 337  7   86   8.3   6.8   7.2   7.9   8.6   9.5  10.5  12.9  22.8  49.5  90.0
 337  8   86   8.8   6.9   7.2   7.9   8.6   9.5  10.7  13.8  25.2  52.2  90.0
 337  9   86   9.6   7.1   7.2   7.9   8.6   9.5  11.0  14.7  27.4  54.6  90.0
 337 10   86  10.4   7.2   7.3   7.9   8.7   9.6  11.3  15.6  29.5  56.5  90.0
 337 11   86  11.2   7.4   7.3   7.9   8.7   9.6  11.6  16.6  31.4  58.3  90.0
 337 12   86  11.9   7.6   7.4   7.9   8.7   9.7  12.0  17.7  33.2  59.8  90.0
 337 13   86  12.5   7.8   7.4   7.9   8.7   9.8  12.5  18.7  35.0  61.1  90.0
 337 14   86  12.9   8.0   7.5   7.9   8.7   9.9  13.0  19.7  36.6  62.3  90.0
 337 15   86  13.2   8.2   7.5   8.0   8.7  10.0  13.5  20.8  38.0  63.3  90.0
 337 16   86  13.2   8.4   7.6   8.0   8.8  10.1  14.1  21.8  39.4  64.3  90.0
 337 17   86  13.0   8.6   7.6   8.0   8.8  10.2  14.7  22.9  40.7  65.1  90.0
 337 18   86  12.9   8.8   7.7   8.0   8.8  10.4  15.3  23.9  42.0  65.9  90.0
 337 19   86  12.7   8.9   7.8   8.0   8.8  10.5  15.9  24.9  43.1  66.7  90.0
 337 20   86  12.6   9.0   7.8   8.1   8.9  10.7  16.6  25.8  44.2  67.3  90.0
 337 21   86  12.3   9.1   7.9   8.1   8.9  10.8  17.3  26.8  45.2  67.9  90.0
 337 22   86  12.2   9.2   8.0   8.1   9.0  11.0  18.0  27.7  46.2  68.5  90.0
 337 23   86  12.0   9.3   8.0   8.2   9.0  11.1  18.8  28.6  47.1  69.1  90.0
 337 24   86  11.8   9.3   8.1   8.2   9.0  11.3  19.5  29.5  48.0  69.6  90.0
 338  1   86  11.5   9.4   8.1   8.2   9.1  11.5  20.2  30.4  48.8  70.0  90.0
 338  2   86  11.4   9.4   8.2   8.3   9.1  11.7  20.9  31.3  49.6  70.5  90.0
 338  3   86  11.3   9.4   8.3   8.3   9.2  11.9  21.7  32.1  50.4  70.9  90.0
 338  4   86  11.1   9.5   8.3   8.3   9.2  12.2  22.4  32.9  51.1  71.3  90.0
 338  5   86  11.0   9.5   8.4   8.4   9.3  12.4  23.1  33.7  51.8  71.7  90.0
 338  6   86  10.9   9.5   8.4   8.4   9.4  12.7  23.8  34.5  52.4  72.0  90.0
 338  7   86  11.0   9.5   8.5   8.5   9.4  12.9  24.5  35.3  53.1  72.4  90.0
 338  8   86  11.4   9.5   8.5   8.5   9.5  13.2  25.1  36.0  53.7  72.7  90.0
 338  9   86  11.9   9.6   8.5   8.6   9.6  13.5  25.8  36.7  54.3  73.0  90.0
 338 10   86  12.8   9.7   8.6   8.6   9.7  13.7  26.5  37.4  54.9  73.3  90.0
 338 11   86  13.8   9.8   8.6   8.7   9.8  14.0  27.1  38.1  55.4  73.6  90.0
 338 12   86  14.7   9.9   8.7   8.7   9.9  14.3  27.8  38.8  55.9  73.9  90.0
 338 13   86  15.5  10.1   8.8   8.8  10.0  14.6  28.4  39.4  56.4  74.1  90.0
 338 14   86  16.0  10.3   8.8   8.8  10.1  14.9  29.0  40.1  56.9  74.4  90.0
 338 15   86  16.3  10.5   8.9   8.9  10.2  15.2  29.7  40.7  57.4  74.6  90.0
 338 16   86  16.2  10.6   9.0   8.9  10.3  15.5  30.3  41.3  57.9  74.9  90.0
 338 17   86  15.9  10.8   9.0   9.0  10.4  15.8  30.9  41.9  58.3  75.1  90.0
 338 18   86  15.6  10.9   9.1   9.1  10.5  16.2  31.4  42.5  58.8  75.3  90.0
 338 19   86  15.2  11.0   9.2   9.1  10.6  16.5  32.0  43.0  59.2  75.5  90.0
 338 20   86  14.9  11.1   9.3   9.2  10.8  16.8  32.6  43.6  59.6  75.7  90.0
 338 21   86  14.5  11.2   9.3   9.3  10.9  17.1  33.1  44.1  60.0  75.9  90.0
 338 22   86  14.3  11.3   9.4   9.4  11.0  17.4  33.7  44.7  60.4  76.1  90.0
 338 23   86  13.9  11.3   9.5   9.5  11.2  17.8  34.2  45.2  60.8  76.3  90.0
 338 24   86  13.2  11.3   9.6   9.5  11.3  18.1  34.8  45.7  61.2  76.5  90.0
 339  1   86  12.5  11.3   9.7   9.6  11.5  18.4  35.3  46.2  61.5  76.7  90.0
 339  2   86  11.9  11.3   9.7   9.7  11.6  18.7  35.8  46.7  61.9  76.9  90.0
 339  3   86  11.9  11.2   9.8   9.8  11.8  19.1  36.3  47.1  62.2  77.0  90.0
 339  4   86  11.9  11.2   9.9   9.9  11.9  19.4  36.8  47.6  62.5  77.2  90.0
 339  5   86  11.8  11.2   9.9  10.0  12.1  19.7  37.3  48.0  62.9  77.3  90.0
 339  6   86  11.8  11.2  10.0  10.1  12.3  20.0  37.7  48.5  63.2  77.5  90.0
 339  7   86  11.7  11.1  10.0  10.2  12.4  20.4  38.2  48.9  63.5  77.7  90.0
 339  8   86  12.0  11.1  10.1  10.3  12.6  20.7  38.7  49.3  63.8  77.8  90.0
 339  9   86  12.5  11.1  10.1  10.4  12.7  21.0  39.1  49.8  64.1  77.9  90.0
 339 10   86  13.0  11.2  10.2  10.5  12.9  21.3  39.5  50.2  64.4  78.1  90.0
 339 11   86  13.6  11.2  10.2  10.6  13.1  21.6  39.9  50.6  64.7  78.2  90.0
 339 12   86  13.6  11.3  10.3  10.6  13.2  21.9  40.3  51.0  64.9  78.4  90.0
 339 13   86  13.2  11.4  10.4  10.7  13.4  22.2  40.7  51.3  65.2  78.5  90.0
 339 14   86  13.5  11.4  10.4  10.8  13.5  22.5  41.0  51.7  65.5  78.6  90.0
 339 15   86  13.6  11.5  10.5  10.9  13.7  22.8  41.4  52.1  65.7  78.7  90.0
 339 16   86  14.0  11.5  10.6  11.0  13.9  23.1  41.8  52.4  66.0  78.9  90.0
 339 17   86  13.8  11.6  10.6  11.1  14.1  23.4  42.2  52.8  66.2  79.0  90.0
 339 18   86  13.9  11.7  10.7  11.2  14.2  23.8  42.6  53.1  66.5  79.1  90.0
 339 19   86  13.9  11.7  10.8  11.4  14.4  24.1  43.0  53.4  66.7  79.2  90.0
 339 20   86  13.7  11.8  10.8  11.5  14.6  24.4  43.4  53.7  66.9  79.3  90.0
 339 21   86  13.6  11.8  10.9  11.6  14.8  24.7  43.8  54.0  67.1  79.4  90.0
 339 22   86  13.5  11.8  11.0  11.7  14.9  25.0  44.1  54.4  67.4  79.5  90.0
 339 23   86  13.3  11.9  11.0  11.8  15.1  25.3  44.5  54.7  67.6  79.6  90.0
 339 24   86  13.1  11.9  11.1  11.9  15.3  25.6  44.9  55.0  67.8  79.7  90.0
 340  1   86  12.9  11.9  11.2  12.0  15.5  25.9  45.2  55.3  68.0  79.8  90.0
 340  2   86  12.8  11.9  11.2  12.1  15.7  26.2  45.6  55.6  68.2  79.9  90.0
 340  3   86  12.7  11.9  11.3  12.2  15.9  26.5  45.9  55.9  68.4  80.0  90.0
 340  4   86  12.6  11.9  11.4  12.4  16.1  26.8  46.2  56.2  68.6  80.1  90.0
 340  5   86  12.4  11.9  11.4  12.5  16.2  27.1  46.6  56.4  68.8  80.2  90.0
 340  6   86  12.3  11.9  11.5  12.6  16.4  27.4  46.9  56.7  69.0  80.3  90.0
 340  7   86  12.4  11.9  11.6  12.7  16.6  27.7  47.2  57.0  69.1  80.4  90.0
 340  8   86  12.7  11.9  11.6  12.8  16.8  28.0  47.5  57.3  69.3  80.5  90.0
 340  9   86  13.1  12.0  11.7  13.0  17.0  28.3  47.8  57.5  69.5  80.6  90.0
 340 10   86  13.8  12.0  11.8  13.1  17.2  28.6  48.1  57.8  69.7  80.7  90.0
 340 11   86  14.5  12.1  11.8  13.2  17.4  28.9  48.4  58.0  69.9  80.7  90.0
 340 12   86  15.3  12.2  11.9  13.3  17.6  29.1  48.7  58.3  70.0  80.8  90.0
 340 13   86  16.1  12.4  12.0  13.4  17.7  29.4  49.0  58.5  70.2  80.9  90.0
 340 14   86  16.5  12.5  12.1  13.6  17.9  29.7  49.3  58.8  70.4  81.0  90.0
 340 15   86  16.6  12.7  12.1  13.7  18.1  30.0  49.6  59.0  70.5  81.0  90.0
 340 16   86  16.6  12.8  12.2  13.8  18.3  30.2  49.9  59.3  70.7  81.1  90.0
 340 17   86  16.4  12.9  12.3  13.9  18.5  30.5  50.1  59.5  70.8  81.2  90.0
 340 18   86  16.2  13.1  12.4  14.1  18.7  30.8  50.4  59.7  71.0  81.3  90.0
 340 19   86  16.0  13.2  12.5  14.2  18.9  31.0  50.7  60.0  71.1  81.3  90.0
 340 20   86  15.7  13.2  12.6  14.3  19.1  31.3  50.9  60.2  71.3  81.4  90.0
 340 21   86  15.5  13.3  12.7  14.5  19.3  31.5  51.2  60.4  71.4  81.5  90.0
 340 22   86  15.3  13.4  12.8  14.6  19.4  31.8  51.4  60.6  71.6  81.5  90.0
 340 23   86  15.0  13.4  12.9  14.7  19.6  32.1  51.7  60.8  71.7  81.6  90.0
 340 24   86  14.8  13.5  13.0  14.9  19.8  32.3  51.9  61.0  71.9  81.7  90.0
 341  1   86  14.6  13.5  13.1  15.0  20.0  32.6  52.2  61.2  72.0  81.7  90.0
 341  2   86  14.4  13.5  13.2  15.1  20.2  32.8  52.4  61.4  72.1  81.8  90.0
 341  3   86  14.2  13.6  13.3  15.3  20.4  33.0  52.6  61.6  72.3  81.9  90.0
 341  4   86  14.1  13.6  13.4  15.4  20.6  33.3  52.9  61.8  72.4  81.9  90.0
 341  5   86  14.0  13.6  13.5  15.5  20.7  33.5  53.1  62.0  72.5  82.0  90.0
 341  6   86  13.9  13.6  13.6  15.7  20.9  33.8  53.3  62.2  72.6  82.1  90.0
 341  7   86  13.8  13.6  13.7  15.8  21.1  34.0  53.5  62.4  72.8  82.1  90.0
 341  8   86  14.0  13.6  13.8  15.9  21.3  34.2  53.8  62.6  72.9  82.2  90.0
 341  9   86  14.4  13.7  13.9  16.1  21.5  34.5  54.0  62.7  73.0  82.2  90.0
 341 10   86  14.9  13.7  13.9  16.2  21.7  34.7  54.2  62.9  73.1  82.3  90.0
 341 11   86  15.5  13.8  14.0  16.4  21.9  34.9  54.4  63.1  73.2  82.3  90.0
 341 12   86  16.3  13.9  14.1  16.5  22.0  35.2  54.6  63.3  73.4  82.4  90.0
 341 13   86  16.9  14.0  14.2  16.6  22.2  35.4  54.8  63.4  73.5  82.4  90.0
 341 14   86  17.4  14.2  14.3  16.8  22.4  35.6  55.0  63.6  73.6  82.5  90.0
 341 15   86  17.7  14.3  14.4  16.9  22.6  35.8  55.2  63.8  73.7  82.6  90.0
 341 16   86  17.7  14.5  14.5  17.0  22.8  36.0  55.4  63.9  73.8  82.6  90.0
 341 17   86  17.5  14.6  14.6  17.2  22.9  36.3  55.6  64.1  73.9  82.7  90.0
 341 18   86  17.3  14.7  14.7  17.3  23.1  36.5  55.8  64.3  74.0  82.7  90.0
 341 19   86  17.0  14.8  14.9  17.5  23.3  36.7  56.0  64.4  74.1  82.7  90.0
 341 20   86  16.7  14.9  15.0  17.6  23.5  36.9  56.2  64.6  74.2  82.8  90.0
 341 21   86  16.4  15.0  15.1  17.7  23.7  37.1  56.4  64.7  74.3  82.8  90.0
 341 22   86  16.2  15.1  15.2  17.9  23.8  37.3  56.5  64.9  74.4  82.9  90.0
 341 23   86  16.0  15.1  15.3  18.0  24.0  37.5  56.7  65.0  74.5  82.9  90.0
 341 24   86  15.8  15.1  15.4  18.2  24.2  37.7  56.9  65.2  74.6  83.0  90.0
 342  1   86  15.6  15.2  15.5  18.3  24.4  37.9  57.1  65.3  74.7  83.0  90.0
 342  2   86  15.1  15.2  15.6  18.4  24.5  38.1  57.2  65.5  74.8  83.1  90.0
 342  3   86  14.8  15.2  15.7  18.6  24.7  38.3  57.4  65.6  74.9  83.1  90.0
 342  4   86  14.6  15.2  15.8  18.7  24.9  38.5  57.6  65.7  75.0  83.2  90.0
 342  5   86  14.5  15.2  15.9  18.9  25.0  38.7  57.8  65.9  75.1  83.2  90.0
 342  6   86  14.2  15.2  16.0  19.0  25.2  38.9  57.9  66.0  75.2  83.2  90.0
 342  7   86  14.3  15.2  16.1  19.1  25.4  39.1  58.1  66.1  75.2  83.3  90.0
 342  8   86  14.4  15.2  16.2  19.3  25.6  39.3  58.2  66.3  75.3  83.3  90.0
 342  9   86  15.0  15.2  16.3  19.4  25.7  39.5  58.4  66.4  75.4  83.4  90.0
 342 10   86  15.6  15.3  16.4  19.6  25.9  39.7  58.6  66.5  75.5  83.4  90.0
 342 11   86  16.8  15.4  16.5  19.7  26.1  39.9  58.7  66.7  75.6  83.4  90.0
 342 12   86  18.8  15.5  16.6  19.8  26.2  40.0  58.9  66.8  75.7  83.5  90.0
 342 13   86  19.8  15.7  16.7  20.0  26.4  40.2  59.0  66.9  75.7  83.5  90.0
 342 14   86  20.4  15.9  16.8  20.1  26.6  40.4  59.2  67.0  75.8  83.6  90.0
 342 15   86  20.5  16.1  16.9  20.2  26.7  40.6  59.3  67.1  75.9  83.6  90.0
 342 16   86  20.2  16.4  17.0  20.4  26.9  40.8  59.5  67.3  76.0  83.6  90.0
 342 17   86  19.8  16.5  17.1  20.5  27.1  40.9  59.6  67.4  76.1  83.7  90.0
 342 18   86  19.3  16.7  17.2  20.6  27.2  41.1  59.7  67.5  76.1  83.7  90.0
 342 19   86  18.8  16.8  17.4  20.8  27.4  41.3  59.9  67.6  76.2  83.7  90.0
 342 20   86  18.4  16.9  17.5  20.9  27.5  41.5  60.0  67.7  76.3  83.8  90.0
 342 21   86  17.9  17.0  17.6  21.1  27.7  41.6  60.2  67.8  76.4  83.8  90.0
 342 22   86  17.7  17.0  17.7  21.2  27.9  41.8  60.3  67.9  76.4  83.8  90.0
 342 23   86  17.2  17.1  17.9  21.3  28.0  42.0  60.4  68.0  76.5  83.9  90.0
 342 24   86  16.9  17.1  18.0  21.5  28.2  42.1  60.6  68.2  76.6  83.9  90.0
 343  1   86  16.6  17.1  18.1  21.6  28.3  42.3  60.7  68.3  76.6  83.9  90.0
 343  2   86  16.2  17.2  18.2  21.7  28.5  42.5  60.8  68.4  76.7  84.0  90.0
 343  3   86  16.0  17.2  18.3  21.9  28.7  42.6  61.0  68.5  76.8  84.0  90.0
 343  4   86  15.1  17.1  18.4  22.0  28.8  42.8  61.1  68.6  76.8  84.0  90.0
 343  5   86  14.9  17.1  18.5  22.2  29.0  43.0  61.2  68.7  76.9  84.1  90.0
 343  6   86  14.5  17.1  18.6  22.3  29.1  43.1  61.3  68.8  77.0  84.1  90.0
 343  7   86  14.4  17.0  18.7  22.4  29.3  43.3  61.5  68.9  77.0  84.1  90.0
 343  8   86  14.7  17.0  18.8  22.6  29.4  43.4  61.6  69.0  77.1  84.1  90.0
 343  9   86  15.5  17.0  18.9  22.7  29.6  43.6  61.7  69.1  77.2  84.2  90.0
 343 10   86  16.8  17.0  19.0  22.8  29.7  43.7  61.8  69.2  77.2  84.2  90.0
 343 11   86  18.0  17.1  19.0  23.0  29.9  43.9  62.0  69.3  77.3  84.2  90.0
 343 12   86  19.0  17.2  19.1  23.1  30.0  44.0  62.1  69.4  77.3  84.3  90.0
 343 13   86  19.7  17.4  19.2  23.2  30.2  44.2  62.2  69.4  77.4  84.3  90.0
 343 14   86  20.8  17.6  19.3  23.3  30.3  44.3  62.3  69.5  77.5  84.3  90.0
 343 15   86  21.5  17.8  19.4  23.5  30.5  44.5  62.4  69.6  77.5  84.3  90.0
 343 16   86  21.5  18.1  19.5  23.6  30.6  44.6  62.5  69.7  77.6  84.4  90.0
 343 17   86  21.1  18.3  19.7  23.7  30.8  44.8  62.6  69.8  77.6  84.4  90.0
 343 18   86  20.7  18.4  19.8  23.9  30.9  44.9  62.8  69.9  77.7  84.4  90.0
 343 19   86  19.8  18.6  19.9  24.0  31.1  45.1  62.9  70.0  77.7  84.4  90.0
 343 20   86  18.9  18.6  20.0  24.1  31.2  45.2  63.0  70.1  77.8  84.5  90.0
 343 21   86  18.4  18.7  20.1  24.2  31.4  45.4  63.1  70.2  77.9  84.5  90.0
 343 22   86  18.0  18.7  20.2  24.4  31.5  45.5  63.2  70.2  77.9  84.5  90.0
 343 23   86  17.3  18.8  20.4  24.5  31.6  45.6  63.3  70.3  78.0  84.5  90.0
 343 24   86  17.1  18.8  20.5  24.6  31.8  45.8  63.4  70.4  78.0  84.6  90.0
 344  1   86  16.7  18.7  20.6  24.8  31.9  45.9  63.5  70.5  78.1  84.6  90.0
 344  2   86  16.4  18.7  20.7  24.9  32.1  46.1  63.6  70.6  78.1  84.6  90.0
 344  3   86  16.3  18.7  20.8  25.0  32.2  46.2  63.7  70.6  78.2  84.6  90.0
 344  4   86  16.1  18.7  20.9  25.1  32.3  46.3  63.8  70.7  78.2  84.7  90.0
 344  5   86  16.0  18.7  21.0  25.3  32.5  46.5  63.9  70.8  78.3  84.7  90.0
 344  6   86  15.9  18.6  21.0  25.4  32.6  46.6  64.0  70.9  78.3  84.7  90.0
 344  7   86  15.5  18.6  21.1  25.5  32.7  46.7  64.1  71.0  78.4  84.7  90.0
 344  8   86  15.9  18.6  21.2  25.6  32.9  46.9  64.2  71.0  78.4  84.8  90.0
 344  9   86  16.6  18.6  21.3  25.8  33.0  47.0  64.3  71.1  78.5  84.8  90.0
 344 10   86  17.8  18.7  21.4  25.9  33.2  47.1  64.4  71.2  78.5  84.8  90.0
 344 11   86  19.1  18.8  21.5  26.0  33.3  47.2  64.5  71.3  78.6  84.8  90.0
 344 12   86  20.9  18.9  21.5  26.1  33.4  47.4  64.6  71.3  78.6  84.8  90.0
 344 13   86  21.7  19.1  21.6  26.2  33.6  47.5  64.7  71.4  78.7  84.9  90.0
 344 14   86  22.3  19.4  21.7  26.4  33.7  47.6  64.8  71.5  78.7  84.9  90.0
 344 15   86  22.2  19.6  21.8  26.5  33.8  47.7  64.8  71.5  78.7  84.9  90.0
 344 16   86  22.2  19.8  21.9  26.6  33.9  47.9  64.9  71.6  78.8  84.9  90.0
 344 17   86  21.7  20.0  22.1  26.7  34.1  48.0  65.0  71.7  78.8  85.0  90.0
 344 18   86  21.0  20.1  22.2  26.8  34.2  48.1  65.1  71.8  78.9  85.0  90.0
 344 19   86  20.4  20.2  22.3  26.9  34.3  48.2  65.2  71.8  78.9  85.0  90.0
 344 20   86  19.8  20.3  22.4  27.1  34.5  48.3  65.3  71.9  79.0  85.0  90.0
 344 21   86  19.1  20.3  22.5  27.2  34.6  48.5  65.4  72.0  79.0  85.0  90.0
 344 22   86  18.6  20.4  22.6  27.3  34.7  48.6  65.5  72.0  79.0  85.1  90.0
 344 23   86  18.1  20.4  22.7  27.4  34.8  48.7  65.5  72.1  79.1  85.1  90.0
 344 24   86  17.7  20.4  22.8  27.5  35.0  48.8  65.6  72.2  79.1  85.1  90.0
 345  1   86  17.4  20.3  22.9  27.6  35.1  48.9  65.7  72.2  79.2  85.1  90.0
 345  2   86  17.0  20.3  23.0  27.8  35.2  49.1  65.8  72.3  79.2  85.1  90.0
 345  3   86  16.9  20.3  23.1  27.9  35.3  49.2  65.9  72.3  79.3  85.1  90.0
 345  4   86  16.8  20.3  23.2  28.0  35.5  49.3  66.0  72.4  79.3  85.2  90.0
 345  5   86  16.7  20.2  23.3  28.1  35.6  49.4  66.0  72.5  79.3  85.2  90.0
 345  6   86  16.5  20.2  23.4  28.2  35.7  49.5  66.1  72.5  79.4  85.2  90.0
 345  7   86  16.7  20.2  23.4  28.3  35.8  49.6  66.2  72.6  79.4  85.2  90.0
 345  8   86  17.1  20.2  23.5  28.4  35.9  49.7  66.3  72.7  79.5  85.2  90.0
 345  9   86  17.6  20.2  23.6  28.6  36.1  49.8  66.3  72.7  79.5  85.3  90.0
 345 10   86  18.3  20.2  23.7  28.7  36.2  49.9  66.4  72.8  79.5  85.3  90.0
 345 11   86  19.2  20.3  23.7  28.8  36.3  50.1  66.5  72.8  79.6  85.3  90.0
 345 12   86  19.8  20.4  23.8  28.9  36.4  50.2  66.6  72.9  79.6  85.3  90.0
 345 13   86  20.3  20.5  23.9  29.0  36.5  50.3  66.6  73.0  79.6  85.3  90.0
 345 14   86  20.8  20.7  24.0  29.1  36.6  50.4  66.7  73.0  79.7  85.3  90.0
 345 15   86  21.2  20.8  24.0  29.2  36.8  50.5  66.8  73.1  79.7  85.4  90.0
 345 16   86  21.3  21.0  24.1  29.3  36.9  50.6  66.9  73.1  79.7  85.4  90.0
 345 17   86  21.1  21.1  24.2  29.4  37.0  50.7  66.9  73.2  79.8  85.4  90.0
 345 18   86  20.9  21.2  24.3  29.5  37.1  50.8  67.0  73.2  79.8  85.4  90.0
 345 19   86  20.4  21.3  24.4  29.6  37.2  50.9  67.1  73.3  79.9  85.4  90.0
 345 20   86  19.9  21.4  24.5  29.7  37.3  51.0  67.2  73.3  79.9  85.4  90.0
 345 21   86  18.9  21.4  24.6  29.8  37.4  51.1  67.2  73.4  79.9  85.5  90.0
 345 22   86  18.5  21.5  24.7  29.9  37.5  51.2  67.3  73.5  80.0  85.5  90.0
 345 23   86  18.2  21.5  24.8  30.0  37.6  51.3  67.4  73.5  80.0  85.5  90.0
 345 24   86  17.9  21.5  24.9  30.1  37.8  51.4  67.4  73.6  80.0  85.5  90.0
 346  1   86  17.5  21.4  24.9  30.2  37.9  51.5  67.5  73.6  80.1  85.5  90.0
 346  2   86  17.3  21.4  25.0  30.3  38.0  51.6  67.6  73.7  80.1  85.5  90.0
 346  3   86  17.2  21.4  25.1  30.4  38.1  51.7  67.6  73.7  80.1  85.5  90.0
 346  4   86  17.1  21.4  25.2  30.5  38.2  51.8  67.7  73.8  80.2  85.6  90.0
 346  5   86  17.0  21.3  25.2  30.6  38.3  51.9  67.8  73.8  80.2  85.6  90.0
 346  6   86  16.8  21.3  25.3  30.7  38.4  52.0  67.8  73.9  80.2  85.6  90.0
 346  7   86  17.1  21.3  25.4  30.8  38.5  52.1  67.9  73.9  80.2  85.6  90.0
 346  8   86  17.5  21.3  25.4  30.9  38.6  52.2  68.0  74.0  80.3  85.6  90.0
 346  9   86  17.9  21.3  25.5  31.0  38.7  52.2  68.0  74.0  80.3  85.6  90.0
 346 10   86  18.1  21.3  25.6  31.1  38.8  52.3  68.1  74.1  80.3  85.6  90.0
 346 11   86  18.8  21.4  25.6  31.2  38.9  52.4  68.1  74.1  80.4  85.7  90.0
 346 12   86  19.5  21.5  25.7  31.3  39.0  52.5  68.2  74.2  80.4  85.7  90.0
 346 13   86  20.0  21.6  25.7  31.4  39.1  52.6  68.2  74.2  80.4  85.7  90.0
 346 14   86  20.5  21.7  25.8  31.5  39.2  52.7  68.3  74.3  80.5  85.7  90.0
 346 15   86  20.9  21.8  25.9  31.5  39.3  52.8  68.4  74.3  80.5  85.7  90.0
 346 16   86  20.9  21.9  26.0  31.6  39.4  52.8  68.4  74.3  80.5  85.7  90.0
 346 17   86  20.6  22.1  26.0  31.7  39.5  52.9  68.5  74.4  80.5  85.7  90.0
 346 18   86  20.2  22.2  26.1  31.8  39.6  53.0  68.6  74.4  80.6  85.8  90.0
 346 19   86  19.1  22.2  26.2  31.9  39.7  53.1  68.6  74.5  80.6  85.8  90.0
 346 20   86  18.6  22.2  26.3  32.0  39.8  53.2  68.7  74.5  80.6  85.8  90.0
 346 21   86  17.7  22.2  26.4  32.1  39.9  53.3  68.7  74.6  80.7  85.8  90.0
 346 22   86  17.3  22.2  26.4  32.2  40.0  53.4  68.8  74.6  80.7  85.8  90.0
 346 23   86  17.1  22.1  26.5  32.3  40.1  53.5  68.9  74.7  80.7  85.8  90.0
 346 24   86  17.2  22.1  26.6  32.3  40.1  53.5  68.9  74.7  80.7  85.8  90.0
 347  1   86  17.1  22.1  26.6  32.4  40.2  53.6  69.0  74.7  80.8  85.8  90.0
 347  2   86  16.9  22.1  26.7  32.5  40.3  53.7  69.0  74.8  80.8  85.9  90.0
 347  3   86  16.4  22.0  26.7  32.6  40.4  53.8  69.1  74.8  80.8  85.9  90.0
 347  4   86  15.3  21.9  26.8  32.7  40.5  53.9  69.1  74.9  80.8  85.9  90.0
 347  5   86  14.6  21.8  26.8  32.8  40.6  54.0  69.2  74.9  80.9  85.9  90.0
 347  6   86  14.7  21.7  26.9  32.9  40.7  54.0  69.2  75.0  80.9  85.9  90.0
 347  7   86  14.9  21.7  26.9  32.9  40.8  54.1  69.3  75.0  80.9  85.9  90.0
 347  8   86  15.7  21.6  27.0  33.0  40.9  54.2  69.4  75.0  80.9  85.9  90.0
 347  9   86  16.6  21.6  27.0  33.1  41.0  54.3  69.4  75.1  81.0  85.9  90.0
 347 10   86  17.5  21.6  27.0  33.2  41.0  54.4  69.5  75.1  81.0  85.9  90.0
 347 11   86  18.3  21.7  27.1  33.2  41.1  54.4  69.5  75.2  81.0  86.0  90.0
 347 12   86  19.0  21.8  27.1  33.3  41.2  54.5  69.6  75.2  81.0  86.0  90.0
 347 13   86  19.2  21.9  27.2  33.4  41.3  54.6  69.6  75.2  81.1  86.0  90.0
 347 14   86  20.2  22.0  27.2  33.5  41.4  54.7  69.7  75.3  81.1  86.0  90.0
 347 15   86  20.1  22.1  27.3  33.5  41.5  54.7  69.7  75.3  81.1  86.0  90.0
 347 16   86  20.7  22.3  27.3  33.6  41.6  54.8  69.8  75.4  81.1  86.0  90.0
 347 17   86  19.1  22.4  27.4  33.7  41.6  54.9  69.8  75.4  81.2  86.0  90.0
 347 18   86  18.6  22.4  27.4  33.7  41.7  54.9  69.9  75.4  81.2  86.0  90.0
 347 19   86  16.9  22.4  27.5  33.8  41.8  55.0  69.9  75.5  81.2  86.0  90.0
 347 20   86  16.9  22.4  27.5  33.9  41.8  55.0  69.9  75.5  81.2  86.1  90.0
 347 21   86  16.9  22.4  27.6  33.9  41.9  55.1  70.0  75.5  81.3  86.1  90.0
 347 22   86  16.8  22.4  27.6  34.0  42.0  55.2  70.0  75.6  81.3  86.1  90.0
 347 23   86  16.8  22.4  27.7  34.1  42.1  55.2  70.0  75.6  81.3  86.1  90.0
 347 24   86  16.5  22.4  27.8  34.1  42.1  55.3  70.1  75.6  81.3  86.1  90.0
 348  1   86  16.4  22.3  27.8  34.2  42.2  55.4  70.1  75.7  81.4  86.1  90.0
 348  2   86  16.2  22.3  27.8  34.3  42.3  55.5  70.2  75.7  81.4  86.1  90.0
 348  3   86  16.0  22.3  27.9  34.3  42.4  55.5  70.2  75.7  81.4  86.1  90.0
 348  4   86  15.5  22.2  27.9  34.4  42.4  55.6  70.3  75.8  81.4  86.1  90.0
 348  5   86  14.8  22.2  28.0  34.5  42.5  55.7  70.3  75.8  81.4  86.1  90.0
 348  6   86  14.5  22.1  28.0  34.5  42.6  55.7  70.4  75.8  81.5  86.2  90.0
 348  7   86  14.1  22.0  28.0  34.6  42.7  55.8  70.4  75.9  81.5  86.2  90.0
 348  8   86  15.2  22.0  28.1  34.7  42.7  55.9  70.5  75.9  81.5  86.2  90.0
 348  9   86  15.9  21.9  28.1  34.7  42.8  55.9  70.5  75.9  81.5  86.2  90.0
 348 10   86  17.4  22.0  28.1  34.8  42.9  56.0  70.6  76.0  81.5  86.2  90.0
 348 11   86  19.1  22.1  28.2  34.9  43.0  56.1  70.6  76.0  81.6  86.2  90.0
 348 12   86  20.4  22.2  28.2  34.9  43.0  56.1  70.7  76.0  81.6  86.2  90.0
 348 13   86  20.2  22.4  28.2  35.0  43.1  56.2  70.7  76.1  81.6  86.2  90.0
 348 14   86  20.2  22.5  28.3  35.0  43.2  56.3  70.7  76.1  81.6  86.2  90.0
 348 15   86  21.1  22.7  28.3  35.1  43.2  56.3  70.8  76.1  81.6  86.2  90.0
 348 16   86  20.4  22.8  28.4  35.2  43.3  56.4  70.8  76.2  81.7  86.3  90.0
 348 17   86  19.2  22.9  28.5  35.2  43.4  56.4  70.9  76.2  81.7  86.3  90.0
 348 18   86  18.5  23.0  28.5  35.3  43.4  56.5  70.9  76.2  81.7  86.3  90.0
 348 19   86  18.3  23.0  28.6  35.3  43.5  56.6  71.0  76.3  81.7  86.3  90.0
 348 20   86  17.6  23.0  28.6  35.4  43.6  56.6  71.0  76.3  81.7  86.3  90.0
 348 21   86  17.2  23.0  28.7  35.5  43.6  56.7  71.0  76.3  81.8  86.3  90.0
 348 22   86  16.1  23.0  28.7  35.5  43.7  56.8  71.1  76.4  81.8  86.3  90.0
 348 23   86  15.7  22.9  28.8  35.6  43.8  56.8  71.1  76.4  81.8  86.3  90.0
 348 24   86  15.1  22.8  28.8  35.6  43.8  56.9  71.2  76.4  81.8  86.3  90.0
 349  1   86  14.6  22.7  28.9  35.7  43.9  56.9  71.2  76.4  81.8  86.3  90.0
 349  2   86  14.1  22.6  28.9  35.8  44.0  57.0  71.2  76.5  81.9  86.3  90.0
 349  3   86  13.6  22.5  28.9  35.8  44.0  57.1  71.3  76.5  81.9  86.3  90.0
 349  4   86  13.9  22.4  29.0  35.9  44.1  57.1  71.3  76.5  81.9  86.4  90.0
 349  5   86  13.9  22.3  29.0  35.9  44.2  57.2  71.4  76.6  81.9  86.4  90.0
 349  6   86  13.9  22.2  29.0  36.0  44.2  57.2  71.4  76.6  81.9  86.4  90.0
 349  7   86  14.2  22.2  29.0  36.0  44.3  57.3  71.4  76.6  81.9  86.4  90.0
 349  8   86  14.6  22.1  29.0  36.1  44.3  57.3  71.5  76.7  82.0  86.4  90.0
 349  9   86  16.5  22.1  29.1  36.1  44.4  57.4  71.5  76.7  82.0  86.4  90.0
 349 10   86  18.1  22.2  29.1  36.2  44.5  57.5  71.6  76.7  82.0  86.4  90.0
 349 11   86  18.6  22.3  29.1  36.2  44.5  57.5  71.6  76.7  82.0  86.4  90.0
 349 12   86  19.8  22.5  29.1  36.3  44.6  57.6  71.6  76.8  82.0  86.4  90.0
 349 13   86  21.5  22.7  29.2  36.3  44.6  57.6  71.7  76.8  82.1  86.4  90.0
 349 14   86  21.0  22.9  29.2  36.4  44.7  57.7  71.7  76.8  82.1  86.4  90.0
 349 15   86  21.0  23.0  29.3  36.4  44.8  57.7  71.7  76.9  82.1  86.4  90.0
 349 16   86  21.2  23.2  29.3  36.5  44.8  57.8  71.8  76.9  82.1  86.5  90.0
 349 17   86  21.1  23.4  29.4  36.5  44.9  57.8  71.8  76.9  82.1  86.5  90.0
 349 18   86  21.0  23.5  29.4  36.6  44.9  57.9  71.8  76.9  82.1  86.5  90.0
 349 19   86  20.6  23.6  29.5  36.6  45.0  57.9  71.9  77.0  82.2  86.5  90.0
 349 20   86  20.1  23.7  29.6  36.7  45.0  58.0  71.9  77.0  82.2  86.5  90.0
 349 21   86  19.8  23.8  29.6  36.7  45.1  58.0  72.0  77.0  82.2  86.5  90.0
 349 22   86  19.0  23.8  29.7  36.8  45.1  58.1  72.0  77.0  82.2  86.5  90.0
 349 23   86  18.3  23.9  29.7  36.8  45.2  58.1  72.0  77.1  82.2  86.5  90.0
 349 24   86  18.2  23.9  29.8  36.9  45.3  58.2  72.1  77.1  82.2  86.5  90.0
 350  1   86  18.1  23.9  29.9  37.0  45.3  58.2  72.1  77.1  82.3  86.5  90.0
 350  2   86  17.7  23.9  29.9  37.0  45.4  58.3  72.1  77.1  82.3  86.5  90.0
 350  3   86  17.3  23.8  30.0  37.1  45.4  58.3  72.2  77.2  82.3  86.5  90.0
 350  4   86  17.1  23.8  30.0  37.1  45.5  58.4  72.2  77.2  82.3  86.5  90.0
 350  5   86  17.1  23.8  30.1  37.2  45.5  58.4  72.2  77.2  82.3  86.5  90.0
 350  6   86  16.7  23.7  30.1  37.2  45.6  58.5  72.2  77.2  82.3  86.6  90.0
 350  7   86  17.1  23.7  30.1  37.3  45.6  58.5  72.3  77.3  82.3  86.6  90.0
 350  8   86  17.7  23.7  30.2  37.3  45.7  58.6  72.3  77.3  82.4  86.6  90.0
 350  9   86  18.3  23.7  30.2  37.4  45.7  58.6  72.3  77.3  82.4  86.6  90.0
 350 10   86  19.2  23.8  30.3  37.4  45.8  58.7  72.4  77.3  82.4  86.6  90.0
 350 11   86  20.4  23.9  30.3  37.5  45.8  58.7  72.4  77.4  82.4  86.6  90.0
 350 12   86  21.4  24.0  30.3  37.5  45.9  58.8  72.4  77.4  82.4  86.6  90.0
 350 13   86  22.2  24.2  30.4  37.6  45.9  58.8  72.5  77.4  82.4  86.6  90.0
 350 14   86  22.7  24.3  30.4  37.6  46.0  58.8  72.5  77.4  82.4  86.6  90.0
 350 15   86  23.1  24.5  30.5  37.7  46.0  58.9  72.5  77.5  82.5  86.6  90.0
 350 16   86  23.2  24.7  30.6  37.7  46.1  58.9  72.6  77.5  82.5  86.6  90.0
 350 17   86  22.6  24.9  30.6  37.8  46.2  59.0  72.6  77.5  82.5  86.6  90.0
 350 18   86  22.1  25.0  30.7  37.8  46.2  59.0  72.6  77.5  82.5  86.6  90.0
 350 19   86  21.4  25.1  30.8  37.9  46.3  59.1  72.6  77.5  82.5  86.6  90.0
 350 20   86  20.5  25.1  30.8  37.9  46.3  59.1  72.7  77.6  82.5  86.6  90.0
 350 21   86  19.4  25.2  30.9  38.0  46.4  59.2  72.7  77.6  82.5  86.7  90.0
 350 22   86  18.6  25.1  31.0  38.1  46.4  59.2  72.7  77.6  82.6  86.7  90.0
 350 23   86  17.9  25.1  31.0  38.1  46.5  59.2  72.8  77.6  82.6  86.7  90.0
 350 24   86  17.7  25.0  31.1  38.2  46.5  59.3  72.8  77.7  82.6  86.7  90.0
