AVERAGE PREDICTED TEMPERATURES FOR EACH NODE (C)
  DY HR  YR   0.00  0.50  1.00  1.50  2.00  2.50  3.00  3.50  4.00  4.50  5.00
 337  1   86   5.7   6.4   7.1   7.8   8.6   9.5  10.3  10.7  11.3  11.8  20.0
 337  2   86   6.3   6.4   7.1   7.8   8.6   9.5  10.3  10.7  11.4  12.9  20.0
 337  3   86   6.6   6.5   7.1   7.8   8.6   9.5  10.3  10.7  11.5  13.7  20.0
 337  4   86   7.0   6.5   7.1   7.8   8.6   9.5  10.2  10.8  11.7  14.3  20.0
 337  5   86   7.4   6.6   7.1   7.8   8.6   9.5  10.2  10.8  12.0  14.8  20.0
 337  6   86   7.7   6.7   7.2   7.8   8.6   9.5  10.2  10.9  12.2  15.2  20.0
 337  7   86   8.3   6.8   7.2   7.9   8.6   9.5  10.3  11.0  12.5  15.6  20.0
 337  8   86   8.8   6.9   7.2   7.9   8.6   9.5  10.3  11.1  12.7  15.9  20.0
 337  9   86   9.6   7.1   7.2   7.9   8.6   9.5  10.3  11.2  12.9  16.1  20.0
 337 10   86  10.4   7.2   7.3   7.9   8.6   9.5  10.3  11.3  13.1  16.3  20.0
 337 11   86  11.2   7.4   7.3   7.9   8.6   9.5  10.4  11.4  13.3  16.5  20.0
 337 12   86  11.9   7.6   7.4   7.9   8.6   9.5  10.4  11.5  13.5  16.6  20.0
 337 13   86  12.5   7.8   7.4   7.9   8.7   9.5  10.5  11.6  13.7  16.8  20.0
 337 14   86  12.9   8.0   7.5   7.9   8.7   9.5  10.5  11.7  13.9  16.9  20.0
 337 15   86  13.2   8.2   7.5   7.9   8.7   9.5  10.6  11.8  14.0  17.0  20.0
 337 16   86  13.2   8.4   7.6   8.0   8.7   9.5  10.7  11.9  14.2  17.1  20.0
 337 17   86  13.0   8.6   7.6   8.0   8.7   9.5  10.7  12.0  14.3  17.2  20.0
 337 18   86  12.9   8.8   7.7   8.0   8.7   9.5  10.8  12.1  14.4  17.2  20.0
 337 19   86  12.7   8.9   7.8   8.0   8.7   9.6  10.9  12.2  14.5  17.3  20.0
 337 20   86  12.6   9.0   7.8   8.0   8.7   9.6  11.0  12.3  14.7  17.4  20.0
 337 21   86  12.3   9.1   7.9   8.1   8.7   9.6  11.0  12.4  14.8  17.4  20.0
 337 22   86  12.2   9.2   8.0   8.1   8.7   9.6  11.1  12.5  14.9  17.5  20.0
 337 23   86  12.0   9.3   8.0   8.1   8.7   9.6  11.2  12.6  15.0  17.6  20.0
 337 24   86  11.8   9.3   8.1   8.1   8.7   9.6  11.3  12.7  15.0  17.6  20.0
 338  1   86  11.5   9.4   8.1   8.1   8.7   9.7  11.4  12.8  15.1  17.7  20.0
 338  2   86  11.4   9.4   8.2   8.2   8.7   9.7  11.5  12.9  15.2  17.7  20.0
 338  3   86  11.2   9.4   8.2   8.2   8.7   9.7  11.6  13.0  15.3  17.8  20.0
 338  4   86  11.1   9.5   8.3   8.2   8.7   9.7  11.6  13.1  15.4  17.8  20.0
 338  5   86  11.0   9.5   8.3   8.3   8.8   9.8  11.7  13.2  15.4  17.8  20.0
 338  6   86  10.9   9.5   8.4   8.3   8.8   9.8  11.8  13.3  15.5  17.9  20.0
 338  7   86  11.0   9.5   8.4   8.3   8.8   9.8  11.9  13.3  15.6  17.9  20.0
 338  8   86  11.4   9.5   8.5   8.3   8.8   9.9  12.0  13.4  15.6  17.9  20.0
 338  9   86  11.9   9.6   8.5   8.4   8.8   9.9  12.0  13.5  15.7  18.0  20.0
 338 10   86  12.8   9.7   8.5   8.4   8.8   9.9  12.1  13.6  15.8  18.0  20.0
 338 11   86  13.8   9.8   8.6   8.4   8.8  10.0  12.2  13.7  15.8  18.0  20.0
 338 12   86  14.7   9.9   8.6   8.4   8.9  10.0  12.3  13.7  15.9  18.1  20.0
 338 13   86  15.5  10.1   8.7   8.5   8.9  10.0  12.3  13.8  15.9  18.1  20.0
 338 14   86  16.0  10.3   8.7   8.5   8.9  10.1  12.4  13.9  16.0  18.1  20.0
 338 15   86  16.3  10.4   8.8   8.5   8.9  10.1  12.5  13.9  16.0  18.1  20.0
 338 16   86  16.2  10.6   8.9   8.6   8.9  10.2  12.5  14.0  16.1  18.2  20.0
 338 17   86  15.9  10.8   8.9   8.6   9.0  10.2  12.6  14.1  16.1  18.2  20.0
 338 18   86  15.6  10.9   9.0   8.6   9.0  10.2  12.7  14.1  16.2  18.2  20.0
 338 19   86  15.2  11.0   9.1   8.7   9.0  10.3  12.7  14.2  16.2  18.2  20.0
 338 20   86  14.8  11.1   9.1   8.7   9.0  10.3  12.8  14.3  16.3  18.3  20.0
 338 21   86  14.5  11.2   9.2   8.7   9.1  10.4  12.9  14.3  16.3  18.3  20.0
 338 22   86  14.3  11.2   9.3   8.8   9.1  10.4  12.9  14.4  16.4  18.3  20.0
 338 23   86  13.8  11.3   9.3   8.8   9.1  10.4  13.0  14.4  16.4  18.3  20.0
 338 24   86  13.1  11.3   9.4   8.9   9.2  10.5  13.0  14.5  16.5  18.4  20.0
 339  1   86  12.5  11.3   9.4   8.9   9.2  10.5  13.1  14.6  16.5  18.4  20.0
 339  2   86  11.9  11.2   9.5   8.9   9.2  10.6  13.2  14.6  16.5  18.4  20.0
 339  3   86  11.9  11.2   9.5   9.0   9.3  10.6  13.2  14.7  16.6  18.4  20.0
 339  4   86  11.9  11.1   9.6   9.0   9.3  10.6  13.3  14.7  16.6  18.4  20.0
 339  5   86  11.8  11.1   9.6   9.0   9.3  10.7  13.3  14.8  16.6  18.4  20.0
 339  6   86  11.8  11.1   9.7   9.1   9.4  10.7  13.4  14.8  16.7  18.5  20.0
 339  7   86  11.7  11.1   9.7   9.1   9.4  10.8  13.4  14.9  16.7  18.5  20.0
 339  8   86  12.0  11.0   9.7   9.2   9.4  10.8  13.5  14.9  16.7  18.5  20.0
 339  9   86  12.5  11.0   9.8   9.2   9.5  10.8  13.5  15.0  16.8  18.5  20.0
 339 10   86  13.0  11.1   9.8   9.2   9.5  10.9  13.6  15.0  16.8  18.5  20.0
 339 11   86  13.6  11.1   9.8   9.3   9.5  10.9  13.6  15.0  16.8  18.5  20.0
 339 12   86  13.6  11.2   9.9   9.3   9.6  11.0  13.7  15.1  16.9  18.6  20.0
 339 13   86  13.1  11.2   9.9   9.3   9.6  11.0  13.7  15.1  16.9  18.6  20.0
 339 14   86  13.4  11.3   9.9   9.4   9.6  11.0  13.7  15.2  16.9  18.6  20.0
 339 15   86  13.6  11.3  10.0   9.4   9.7  11.1  13.8  15.2  17.0  18.6  20.0
 339 16   86  13.9  11.4  10.0   9.5   9.7  11.1  13.8  15.2  17.0  18.6  20.0
 339 17   86  13.7  11.4  10.0   9.5   9.7  11.2  13.9  15.3  17.0  18.6  20.0
 339 18   86  13.9  11.5  10.1   9.5   9.8  11.2  13.9  15.3  17.0  18.6  20.0
 339 19   86  13.8  11.5  10.1   9.6   9.8  11.3  14.0  15.4  17.1  18.6  20.0
 339 20   86  13.7  11.5  10.1   9.6   9.8  11.3  14.0  15.4  17.1  18.7  20.0
 339 21   86  13.5  11.6  10.2   9.6   9.9  11.3  14.1  15.4  17.1  18.7  20.0
 339 22   86  13.4  11.6  10.2   9.7   9.9  11.4  14.1  15.5  17.1  18.7  20.0
 339 23   86  13.2  11.6  10.3   9.7   9.9  11.4  14.1  15.5  17.2  18.7  20.0
 339 24   86  13.0  11.6  10.3   9.7  10.0  11.5  14.2  15.5  17.2  18.7  20.0
 340  1   86  12.8  11.6  10.3   9.8  10.0  11.5  14.2  15.6  17.2  18.7  20.0
 340  2   86  12.7  11.6  10.3   9.8  10.1  11.6  14.3  15.6  17.2  18.7  20.0
 340  3   86  12.6  11.6  10.4   9.8  10.1  11.6  14.3  15.6  17.3  18.7  20.0
 340  4   86  12.5  11.6  10.4   9.9  10.1  11.6  14.4  15.7  17.3  18.8  20.0
 340  5   86  12.3  11.6  10.4   9.9  10.2  11.7  14.4  15.7  17.3  18.8  20.0
 340  6   86  12.2  11.6  10.5   9.9  10.2  11.7  14.4  15.7  17.3  18.8  20.0
 340  7   86  12.3  11.5  10.5  10.0  10.2  11.8  14.5  15.8  17.3  18.8  20.0
 340  8   86  12.5  11.5  10.5  10.0  10.3  11.8  14.5  15.8  17.4  18.8  20.0
 340  9   86  12.9  11.5  10.5  10.0  10.3  11.8  14.5  15.8  17.4  18.8  20.0
 340 10   86  13.6  11.6  10.5  10.1  10.4  11.9  14.6  15.9  17.4  18.8  20.0
 340 11   86  14.3  11.6  10.6  10.1  10.4  11.9  14.6  15.9  17.4  18.8  20.0
 340 12   86  15.1  11.7  10.6  10.1  10.4  12.0  14.7  15.9  17.4  18.8  20.0
 340 13   86  15.8  11.8  10.6  10.2  10.5  12.0  14.7  16.0  17.5  18.8  20.0
 340 14   86  16.2  12.0  10.7  10.2  10.5  12.0  14.7  16.0  17.5  18.8  20.0
 340 15   86  16.3  12.1  10.7  10.2  10.5  12.1  14.8  16.0  17.5  18.9  20.0
 340 16   86  16.4  12.2  10.7  10.3  10.6  12.1  14.8  16.0  17.5  18.9  20.0
 340 17   86  16.2  12.3  10.8  10.3  10.6  12.2  14.8  16.1  17.5  18.9  20.0
 340 18   86  15.9  12.4  10.8  10.3  10.6  12.2  14.9  16.1  17.6  18.9  20.0
 340 19   86  15.7  12.5  10.9  10.4  10.7  12.2  14.9  16.1  17.6  18.9  20.0
 340 20   86  15.4  12.6  10.9  10.4  10.7  12.3  14.9  16.1  17.6  18.9  20.0
 340 21   86  15.1  12.6  11.0  10.4  10.8  12.3  15.0  16.2  17.6  18.9  20.0
 340 22   86  14.9  12.6  11.0  10.5  10.8  12.4  15.0  16.2  17.6  18.9  20.0
 340 23   86  14.7  12.7  11.1  10.5  10.8  12.4  15.0  16.2  17.6  18.9  20.0
 340 24   86  14.4  12.7  11.1  10.6  10.9  12.4  15.1  16.3  17.7  18.9  20.0
 341  1   86  14.2  12.7  11.1  10.6  10.9  12.5  15.1  16.3  17.7  18.9  20.0
 341  2   86  14.0  12.7  11.2  10.6  10.9  12.5  15.1  16.3  17.7  18.9  20.0
 341  3   86  13.8  12.7  11.2  10.7  11.0  12.5  15.1  16.3  17.7  19.0  20.0
 341  4   86  13.6  12.7  11.3  10.7  11.0  12.6  15.2  16.4  17.7  19.0  20.0
 341  5   86  13.5  12.6  11.3  10.7  11.0  12.6  15.2  16.4  17.7  19.0  20.0
 341  6   86  13.4  12.6  11.3  10.8  11.1  12.6  15.2  16.4  17.8  19.0  20.0
 341  7   86  13.3  12.6  11.4  10.8  11.1  12.7  15.3  16.4  17.8  19.0  20.0
 341  8   86  13.5  12.6  11.4  10.8  11.2  12.7  15.3  16.4  17.8  19.0  20.0
 341  9   86  13.9  12.6  11.4  10.9  11.2  12.8  15.3  16.5  17.8  19.0  20.0
 341 10   86  14.3  12.6  11.4  10.9  11.2  12.8  15.3  16.5  17.8  19.0  20.0
 341 11   86  14.9  12.6  11.5  11.0  11.3  12.8  15.4  16.5  17.8  19.0  20.0
 341 12   86  15.8  12.7  11.5  11.0  11.3  12.9  15.4  16.5  17.8  19.0  20.0
 341 13   86  16.3  12.8  11.5  11.0  11.3  12.9  15.4  16.6  17.9  19.0  20.0
 341 14   86  16.8  12.9  11.6  11.1  11.4  12.9  15.5  16.6  17.9  19.0  20.0
 341 15   86  17.1  13.0  11.6  11.1  11.4  13.0  15.5  16.6  17.9  19.0  20.0
 341 16   86  17.1  13.1  11.6  11.1  11.4  13.0  15.5  16.6  17.9  19.0  20.0
 341 17   86  16.8  13.2  11.7  11.2  11.5  13.0  15.5  16.6  17.9  19.0  20.0
 341 18   86  16.6  13.3  11.7  11.2  11.5  13.1  15.6  16.7  17.9  19.1  20.0
 341 19   86  16.3  13.4  11.8  11.2  11.6  13.1  15.6  16.7  17.9  19.1  20.0
 341 20   86  16.0  13.4  11.8  11.3  11.6  13.1  15.6  16.7  18.0  19.1  20.0
 341 21   86  15.7  13.5  11.9  11.3  11.6  13.2  15.6  16.7  18.0  19.1  20.0
 341 22   86  15.4  13.5  11.9  11.4  11.7  13.2  15.7  16.7  18.0  19.1  20.0
 341 23   86  15.2  13.5  11.9  11.4  11.7  13.2  15.7  16.8  18.0  19.1  20.0
 341 24   86  15.0  13.5  12.0  11.4  11.7  13.3  15.7  16.8  18.0  19.1  20.0
 342  1   86  14.7  13.5  12.0  11.5  11.8  13.3  15.7  16.8  18.0  19.1  20.0
 342  2   86  14.4  13.5  12.1  11.5  11.8  13.3  15.8  16.8  18.0  19.1  20.0
 342  3   86  14.1  13.5  12.1  11.5  11.8  13.4  15.8  16.8  18.0  19.1  20.0
 342  4   86  13.9  13.4  12.1  11.6  11.9  13.4  15.8  16.9  18.1  19.1  20.0
 342  5   86  13.8  13.4  12.2  11.6  11.9  13.4  15.8  16.9  18.1  19.1  20.0
 342  6   86  13.5  13.4  12.2  11.6  11.9  13.4  15.8  16.9  18.1  19.1  20.0
 342  7   86  13.5  13.3  12.2  11.7  12.0  13.5  15.9  16.9  18.1  19.1  20.0
 342  8   86  13.7  13.3  12.2  11.7  12.0  13.5  15.9  16.9  18.1  19.1  20.0
 342  9   86  14.2  13.3  12.3  11.8  12.1  13.5  15.9  16.9  18.1  19.1  20.0
 342 10   86  14.7  13.3  12.3  11.8  12.1  13.6  15.9  17.0  18.1  19.1  20.0
 342 11   86  15.9  13.3  12.3  11.8  12.1  13.6  16.0  17.0  18.1  19.1  20.0
 342 12   86  17.9  13.4  12.3  11.9  12.2  13.6  16.0  17.0  18.1  19.2  20.0
 342 13   86  18.9  13.6  12.4  11.9  12.2  13.7  16.0  17.0  18.2  19.2  20.0
 342 14   86  19.4  13.8  12.4  11.9  12.2  13.7  16.0  17.0  18.2  19.2  20.0
 342 15   86  19.5  14.0  12.4  12.0  12.3  13.7  16.0  17.0  18.2  19.2  20.0
 342 16   86  19.2  14.1  12.5  12.0  12.3  13.8  16.1  17.1  18.2  19.2  20.0
 342 17   86  18.8  14.2  12.5  12.0  12.3  13.8  16.1  17.1  18.2  19.2  20.0
 342 18   86  18.3  14.4  12.6  12.1  12.4  13.8  16.1  17.1  18.2  19.2  20.0
 342 19   86  17.8  14.4  12.6  12.1  12.4  13.8  16.1  17.1  18.2  19.2  20.0
 342 20   86  17.4  14.5  12.7  12.1  12.4  13.9  16.1  17.1  18.2  19.2  20.0
 342 21   86  17.0  14.5  12.7  12.2  12.5  13.9  16.2  17.1  18.2  19.2  20.0
 342 22   86  16.7  14.6  12.8  12.2  12.5  13.9  16.2  17.2  18.2  19.2  20.0
 342 23   86  16.3  14.6  12.8  12.2  12.5  14.0  16.2  17.2  18.3  19.2  20.0
 342 24   86  16.1  14.6  12.9  12.3  12.6  14.0  16.2  17.2  18.3  19.2  20.0
 343  1   86  15.7  14.6  12.9  12.3  12.6  14.0  16.2  17.2  18.3  19.2  20.0
 343  2   86  15.5  14.5  13.0  12.4  12.6  14.0  16.3  17.2  18.3  19.2  20.0
 343  3   86  15.2  14.5  13.0  12.4  12.7  14.1  16.3  17.2  18.3  19.2  20.0
 343  4   86  14.4  14.5  13.0  12.4  12.7  14.1  16.3  17.2  18.3  19.2  20.0
 343  5   86  14.1  14.4  13.1  12.5  12.7  14.1  16.3  17.3  18.3  19.2  20.0
 343  6   86  13.8  14.3  13.1  12.5  12.8  14.2  16.3  17.3  18.3  19.2  20.0
 343  7   86  13.6  14.2  13.1  12.5  12.8  14.2  16.4  17.3  18.3  19.2  20.0
 343  8   86  13.8  14.2  13.1  12.6  12.8  14.2  16.4  17.3  18.3  19.2  20.0
 343  9   86  14.6  14.1  13.2  12.6  12.9  14.2  16.4  17.3  18.3  19.2  20.0
 343 10   86  15.8  14.1  13.2  12.6  12.9  14.3  16.4  17.3  18.4  19.3  20.0
 343 11   86  17.0  14.2  13.2  12.7  12.9  14.3  16.4  17.3  18.4  19.3  20.0
 343 12   86  17.9  14.3  13.2  12.7  13.0  14.3  16.5  17.4  18.4  19.3  20.0
 343 13   86  18.5  14.4  13.2  12.7  13.0  14.3  16.5  17.4  18.4  19.3  20.0
 343 14   86  19.5  14.6  13.3  12.8  13.0  14.4  16.5  17.4  18.4  19.3  20.0
 343 15   86  20.2  14.7  13.3  12.8  13.1  14.4  16.5  17.4  18.4  19.3  20.0
 343 16   86  20.1  14.9  13.4  12.8  13.1  14.4  16.5  17.4  18.4  19.3  20.0
 343 17   86  19.7  15.1  13.4  12.9  13.1  14.5  16.5  17.4  18.4  19.3  20.0
 343 18   86  19.2  15.2  13.4  12.9  13.2  14.5  16.6  17.4  18.4  19.3  20.0
 343 19   86  18.5  15.3  13.5  12.9  13.2  14.5  16.6  17.5  18.4  19.3  20.0
 343 20   86  17.8  15.3  13.5  13.0  13.2  14.5  16.6  17.5  18.4  19.3  20.0
 343 21   86  17.4  15.3  13.6  13.0  13.3  14.6  16.6  17.5  18.4  19.3  20.0
 343 22   86  17.0  15.3  13.6  13.1  13.3  14.6  16.6  17.5  18.5  19.3  20.0
 343 23   86  16.4  15.3  13.7  13.1  13.3  14.6  16.6  17.5  18.5  19.3  20.0
 343 24   86  16.2  15.3  13.7  13.1  13.3  14.6  16.7  17.5  18.5  19.3  20.0
 344  1   86  15.8  15.3  13.8  13.2  13.4  14.7  16.7  17.5  18.5  19.3  20.0
 344  2   86  15.5  15.2  13.8  13.2  13.4  14.7  16.7  17.5  18.5  19.3  20.0
 344  3   86  15.4  15.2  13.8  13.2  13.4  14.7  16.7  17.6  18.5  19.3  20.0
 344  4   86  15.2  15.1  13.9  13.3  13.5  14.7  16.7  17.6  18.5  19.3  20.0
 344  5   86  15.0  15.1  13.9  13.3  13.5  14.8  16.7  17.6  18.5  19.3  20.0
 344  6   86  14.8  15.0  13.9  13.3  13.5  14.8  16.8  17.6  18.5  19.3  20.0
 344  7   86  14.4  15.0  13.9  13.4  13.6  14.8  16.8  17.6  18.5  19.3  20.0
 344  8   86  14.8  14.9  14.0  13.4  13.6  14.8  16.8  17.6  18.5  19.3  20.0
 344  9   86  15.4  14.9  14.0  13.4  13.6  14.9  16.8  17.6  18.5  19.3  20.0
 344 10   86  16.7  14.9  14.0  13.5  13.7  14.9  16.8  17.6  18.6  19.3  20.0
 344 11   86  17.9  15.0  14.0  13.5  13.7  14.9  16.8  17.7  18.6  19.3  20.0
 344 12   86  19.7  15.1  14.0  13.5  13.7  14.9  16.9  17.7  18.6  19.3  20.0
 344 13   86  20.6  15.3  14.0  13.6  13.8  15.0  16.9  17.7  18.6  19.4  20.0
 344 14   86  21.2  15.5  14.1  13.6  13.8  15.0  16.9  17.7  18.6  19.4  20.0
 344 15   86  21.2  15.6  14.1  13.6  13.8  15.0  16.9  17.7  18.6  19.4  20.0
 344 16   86  21.0  15.8  14.2  13.6  13.8  15.0  16.9  17.7  18.6  19.4  20.0
 344 17   86  20.5  16.0  14.2  13.7  13.9  15.1  16.9  17.7  18.6  19.4  20.0
 344 18   86  19.8  16.1  14.3  13.7  13.9  15.1  17.0  17.7  18.6  19.4  20.0
 344 19   86  19.3  16.1  14.3  13.7  13.9  15.1  17.0  17.7  18.6  19.4  20.0
 344 20   86  18.7  16.2  14.4  13.8  14.0  15.1  17.0  17.8  18.6  19.4  20.0
 344 21   86  18.0  16.2  14.4  13.8  14.0  15.2  17.0  17.8  18.6  19.4  20.0
 344 22   86  17.6  16.2  14.5  13.8  14.0  15.2  17.0  17.8  18.6  19.4  20.0
 344 23   86  17.0  16.2  14.5  13.9  14.1  15.2  17.0  17.8  18.6  19.4  20.0
 344 24   86  16.7  16.1  14.5  13.9  14.1  15.2  17.0  17.8  18.6  19.4  20.0
 345  1   86  16.3  16.1  14.6  13.9  14.1  15.3  17.1  17.8  18.7  19.4  20.0
 345  2   86  15.9  16.0  14.6  14.0  14.1  15.3  17.1  17.8  18.7  19.4  20.0
 345  3   86  15.8  16.0  14.6  14.0  14.2  15.3  17.1  17.8  18.7  19.4  20.0
 345  4   86  15.6  15.9  14.7  14.1  14.2  15.3  17.1  17.8  18.7  19.4  20.0
 345  5   86  15.5  15.8  14.7  14.1  14.2  15.3  17.1  17.9  18.7  19.4  20.0
 345  6   86  15.4  15.8  14.7  14.1  14.3  15.4  17.1  17.9  18.7  19.4  20.0
 345  7   86  15.4  15.7  14.7  14.1  14.3  15.4  17.1  17.9  18.7  19.4  20.0
 345  8   86  15.6  15.7  14.7  14.2  14.3  15.4  17.2  17.9  18.7  19.4  20.0
 345  9   86  15.9  15.6  14.8  14.2  14.3  15.4  17.2  17.9  18.7  19.4  20.0
 345 10   86  16.4  15.6  14.8  14.2  14.4  15.5  17.2  17.9  18.7  19.4  20.0
 345 11   86  17.2  15.6  14.8  14.3  14.4  15.5  17.2  17.9  18.7  19.4  20.0
 345 12   86  17.8  15.7  14.8  14.3  14.4  15.5  17.2  17.9  18.7  19.4  20.0
 345 13   86  18.1  15.7  14.8  14.3  14.5  15.5  17.2  17.9  18.7  19.4  20.0
 345 14   86  18.6  15.8  14.8  14.4  14.5  15.5  17.2  18.0  18.7  19.4  20.0
 345 15   86  19.0  15.9  14.9  14.4  14.5  15.6  17.3  18.0  18.7  19.4  20.0
 345 16   86  19.0  16.0  14.9  14.4  14.5  15.6  17.3  18.0  18.8  19.4  20.0
 345 17   86  18.7  16.1  14.9  14.4  14.6  15.6  17.3  18.0  18.8  19.4  20.0
 345 18   86  18.4  16.1  14.9  14.5  14.6  15.6  17.3  18.0  18.8  19.4  20.0
 345 19   86  18.1  16.2  15.0  14.5  14.6  15.7  17.3  18.0  18.8  19.4  20.0
 345 20   86  17.8  16.2  15.0  14.5  14.7  15.7  17.3  18.0  18.8  19.4  20.0
 345 21   86  17.1  16.2  15.0  14.5  14.7  15.7  17.3  18.0  18.8  19.4  20.0
 345 22   86  16.8  16.2  15.1  14.6  14.7  15.7  17.3  18.0  18.8  19.5  20.0
 345 23   86  16.6  16.2  15.1  14.6  14.7  15.7  17.4  18.0  18.8  19.5  20.0
 345 24   86  16.4  16.1  15.1  14.6  14.8  15.8  17.4  18.1  18.8  19.5  20.0
 346  1   86  16.0  16.1  15.1  14.6  14.8  15.8  17.4  18.1  18.8  19.5  20.0
 346  2   86  15.8  16.0  15.1  14.7  14.8  15.8  17.4  18.1  18.8  19.5  20.0
 346  3   86  15.7  16.0  15.2  14.7  14.8  15.8  17.4  18.1  18.8  19.5  20.0
 346  4   86  15.6  15.9  15.2  14.7  14.9  15.8  17.4  18.1  18.8  19.5  20.0
 346  5   86  15.4  15.9  15.2  14.7  14.9  15.9  17.4  18.1  18.8  19.5  20.0
 346  6   86  15.3  15.8  15.2  14.8  14.9  15.9  17.5  18.1  18.8  19.5  20.0
 346  7   86  15.4  15.8  15.2  14.8  14.9  15.9  17.5  18.1  18.8  19.5  20.0
 346  8   86  15.5  15.8  15.2  14.8  15.0  15.9  17.5  18.1  18.8  19.5  20.0
 346  9   86  15.8  15.7  15.2  14.8  15.0  16.0  17.5  18.1  18.9  19.5  20.0
 346 10   86  15.8  15.7  15.2  14.9  15.0  16.0  17.5  18.1  18.9  19.5  20.0
 346 11   86  16.5  15.7  15.2  14.9  15.0  16.0  17.5  18.2  18.9  19.5  20.0
 346 12   86  17.1  15.8  15.2  14.9  15.1  16.0  17.5  18.2  18.9  19.5  20.0
 346 13   86  17.5  15.8  15.2  14.9  15.1  16.0  17.5  18.2  18.9  19.5  20.0
 346 14   86  17.8  15.8  15.3  14.9  15.1  16.0  17.5  18.2  18.9  19.5  20.0
 346 15   86  18.1  15.9  15.3  15.0  15.1  16.1  17.6  18.2  18.9  19.5  20.0
 346 16   86  18.1  16.0  15.3  15.0  15.2  16.1  17.6  18.2  18.9  19.5  20.0
 346 17   86  18.0  16.0  15.3  15.0  15.2  16.1  17.6  18.2  18.9  19.5  20.0
 346 18   86  17.7  16.1  15.3  15.0  15.2  16.1  17.6  18.2  18.9  19.5  20.0
 346 19   86  17.0  16.1  15.3  15.0  15.2  16.1  17.6  18.2  18.9  19.5  20.0
 346 20   86  16.6  16.1  15.4  15.1  15.2  16.2  17.6  18.2  18.9  19.5  20.0
 346 21   86  15.9  16.1  15.4  15.1  15.3  16.2  17.6  18.2  18.9  19.5  20.0
 346 22   86  15.5  16.0  15.4  15.1  15.3  16.2  17.6  18.3  18.9  19.5  20.0
 346 23   86  15.3  16.0  15.4  15.1  15.3  16.2  17.7  18.3  18.9  19.5  20.0
 346 24   86  15.3  15.9  15.4  15.1  15.3  16.2  17.7  18.3  18.9  19.5  20.0
 347  1   86  15.2  15.9  15.4  15.2  15.4  16.3  17.7  18.3  18.9  19.5  20.0
 347  2   86  15.1  15.8  15.4  15.2  15.4  16.3  17.7  18.3  18.9  19.5  20.0
 347  3   86  14.7  15.8  15.4  15.2  15.4  16.3  17.7  18.3  19.0  19.5  20.0
 347  4   86  13.7  15.7  15.4  15.2  15.4  16.3  17.7  18.3  19.0  19.5  20.0
 347  5   86  13.1  15.6  15.4  15.2  15.4  16.3  17.7  18.3  19.0  19.5  20.0
 347  6   86  13.2  15.5  15.4  15.3  15.5  16.3  17.7  18.3  19.0  19.5  20.0
 347  7   86  13.4  15.4  15.4  15.3  15.5  16.4  17.7  18.3  19.0  19.5  20.0
 347  8   86  14.1  15.3  15.4  15.3  15.5  16.4  17.8  18.3  19.0  19.5  20.0
 347  9   86  14.7  15.3  15.4  15.3  15.5  16.4  17.8  18.3  19.0  19.5  20.0
 347 10   86  15.6  15.3  15.4  15.3  15.5  16.4  17.8  18.4  19.0  19.5  20.0
 347 11   86  16.4  15.3  15.4  15.3  15.6  16.4  17.8  18.4  19.0  19.5  20.0
 347 12   86  17.2  15.4  15.4  15.3  15.6  16.4  17.8  18.4  19.0  19.5  20.0
 347 13   86  17.5  15.5  15.4  15.4  15.6  16.5  17.8  18.4  19.0  19.5  20.0
 347 14   86  18.7  15.6  15.4  15.4  15.6  16.5  17.8  18.4  19.0  19.5  20.0
 347 15   86  18.8  15.7  15.4  15.4  15.6  16.5  17.8  18.4  19.0  19.6  20.0
 347 16   86  19.2  15.8  15.4  15.4  15.6  16.5  17.8  18.4  19.0  19.6  20.0
 347 17   86  17.8  15.9  15.4  15.4  15.7  16.5  17.9  18.4  19.0  19.6  20.0
 347 18   86  17.1  16.0  15.5  15.4  15.7  16.5  17.9  18.4  19.0  19.6  20.0
 347 19   86  15.4  16.0  15.5  15.4  15.7  16.6  17.9  18.4  19.0  19.6  20.0
 347 20   86  15.4  15.9  15.5  15.4  15.7  16.6  17.9  18.4  19.0  19.6  20.0
 347 21   86  15.1  15.9  15.5  15.5  15.7  16.6  17.9  18.4  19.0  19.6  20.0
 347 22   86  14.7  15.8  15.5  15.5  15.7  16.6  17.9  18.4  19.0  19.6  20.0
 347 23   86  14.7  15.8  15.5  15.5  15.8  16.6  17.9  18.5  19.1  19.6  20.0
 347 24   86  14.5  15.7  15.5  15.5  15.8  16.6  17.9  18.5  19.1  19.6  20.0
 348  1   86  14.4  15.7  15.5  15.5  15.8  16.6  17.9  18.5  19.1  19.6  20.0
 348  2   86  14.3  15.6  15.5  15.5  15.8  16.7  17.9  18.5  19.1  19.6  20.0
 348  3   86  14.1  15.6  15.5  15.5  15.8  16.7  17.9  18.5  19.1  19.6  20.0
 348  4   86  13.7  15.5  15.5  15.5  15.8  16.7  18.0  18.5  19.1  19.6  20.0
 348  5   86  13.0  15.4  15.5  15.6  15.8  16.7  18.0  18.5  19.1  19.6  20.0
 348  6   86  12.8  15.3  15.5  15.6  15.9  16.7  18.0  18.5  19.1  19.6  20.0
 348  7   86  12.4  15.2  15.5  15.6  15.9  16.7  18.0  18.5  19.1  19.6  20.0
 348  8   86  13.5  15.1  15.5  15.6  15.9  16.7  18.0  18.5  19.1  19.6  20.0
 348  9   86  14.2  15.1  15.5  15.6  15.9  16.8  18.0  18.5  19.1  19.6  20.0
 348 10   86  15.7  15.1  15.5  15.6  15.9  16.8  18.0  18.5  19.1  19.6  20.0
 348 11   86  17.4  15.2  15.5  15.6  15.9  16.8  18.0  18.5  19.1  19.6  20.0
 348 12   86  18.7  15.3  15.5  15.6  15.9  16.8  18.0  18.5  19.1  19.6  20.0
 348 13   86  18.7  15.5  15.5  15.6  16.0  16.8  18.0  18.6  19.1  19.6  20.0
 348 14   86  18.7  15.6  15.5  15.6  16.0  16.8  18.1  18.6  19.1  19.6  20.0
 348 15   86  19.6  15.7  15.5  15.6  16.0  16.8  18.1  18.6  19.1  19.6  20.0
 348 16   86  18.8  15.9  15.5  15.7  16.0  16.9  18.1  18.6  19.1  19.6  20.0
 348 17   86  17.7  16.0  15.5  15.7  16.0  16.9  18.1  18.6  19.1  19.6  20.0
 348 18   86  16.9  16.0  15.6  15.7  16.0  16.9  18.1  18.6  19.1  19.6  20.0
 348 19   86  16.7  16.0  15.6  15.7  16.0  16.9  18.1  18.6  19.1  19.6  20.0
 348 20   86  16.1  16.0  15.6  15.7  16.0  16.9  18.1  18.6  19.1  19.6  20.0
 348 21   86  15.6  16.0  15.6  15.7  16.1  16.9  18.1  18.6  19.1  19.6  20.0
 348 22   86  14.7  15.9  15.6  15.7  16.1  16.9  18.1  18.6  19.1  19.6  20.0
 348 23   86  14.2  15.9  15.7  15.7  16.1  16.9  18.1  18.6  19.2  19.6  20.0
 348 24   86  13.6  15.8  15.7  15.7  16.1  17.0  18.1  18.6  19.2  19.6  20.0
 349  1   86  13.0  15.7  15.7  15.8  16.1  17.0  18.1  18.6  19.2  19.6  20.0
 349  2   86  12.5  15.5  15.7  15.8  16.1  17.0  18.2  18.6  19.2  19.6  20.0
 349  3   86  12.0  15.4  15.7  15.8  16.1  17.0  18.2  18.6  19.2  19.6  20.0
 349  4   86  12.4  15.3  15.7  15.8  16.1  17.0  18.2  18.6  19.2  19.6  20.0
 349  5   86  12.4  15.2  15.7  15.8  16.2  17.0  18.2  18.7  19.2  19.6  20.0
 349  6   86  12.4  15.1  15.6  15.8  16.2  17.0  18.2  18.7  19.2  19.6  20.0
 349  7   86  12.7  15.0  15.6  15.8  16.2  17.0  18.2  18.7  19.2  19.6  20.0
 349  8   86  13.1  14.9  15.6  15.8  16.2  17.0  18.2  18.7  19.2  19.6  20.0
 349  9   86  14.9  14.9  15.6  15.8  16.2  17.1  18.2  18.7  19.2  19.6  20.0
 349 10   86  16.7  15.0  15.6  15.8  16.2  17.1  18.2  18.7  19.2  19.6  20.0
 349 11   86  17.2  15.1  15.6  15.8  16.2  17.1  18.2  18.7  19.2  19.6  20.0
 349 12   86  18.4  15.2  15.6  15.8  16.2  17.1  18.2  18.7  19.2  19.6  20.0
 349 13   86  20.2  15.4  15.6  15.8  16.2  17.1  18.2  18.7  19.2  19.6  20.0
 349 14   86  19.7  15.6  15.6  15.9  16.3  17.1  18.2  18.7  19.2  19.6  20.0
 349 15   86  19.6  15.8  15.6  15.9  16.3  17.1  18.3  18.7  19.2  19.6  20.0
 349 16   86  19.4  15.9  15.6  15.9  16.3  17.1  18.3  18.7  19.2  19.6  20.0
 349 17   86  19.0  16.1  15.6  15.9  16.3  17.1  18.3  18.7  19.2  19.6  20.0
 349 18   86  18.6  16.2  15.7  15.9  16.3  17.2  18.3  18.7  19.2  19.6  20.0
 349 19   86  18.2  16.2  15.7  15.9  16.3  17.2  18.3  18.7  19.2  19.6  20.0
 349 20   86  17.9  16.3  15.7  15.9  16.3  17.2  18.3  18.7  19.2  19.7  20.0
 349 21   86  17.5  16.3  15.8  15.9  16.3  17.2  18.3  18.7  19.2  19.7  20.0
 349 22   86  17.0  16.3  15.8  15.9  16.3  17.2  18.3  18.8  19.2  19.7  20.0
 349 23   86  16.3  16.3  15.8  15.9  16.3  17.2  18.3  18.8  19.2  19.7  20.0
 349 24   86  16.1  16.3  15.8  15.9  16.4  17.2  18.3  18.8  19.2  19.7  20.0
 350  1   86  15.9  16.3  15.9  16.0  16.4  17.2  18.3  18.8  19.2  19.7  20.0
 350  2   86  15.6  16.2  15.9  16.0  16.4  17.2  18.3  18.8  19.2  19.7  20.0
 350  3   86  15.3  16.2  15.9  16.0  16.4  17.2  18.3  18.8  19.3  19.7  20.0
 350  4   86  15.1  16.1  15.9  16.0  16.4  17.2  18.3  18.8  19.3  19.7  20.0
 350  5   86  15.0  16.1  15.9  16.0  16.4  17.3  18.4  18.8  19.3  19.7  20.0
 350  6   86  14.7  16.0  15.9  16.0  16.4  17.3  18.4  18.8  19.3  19.7  20.0
 350  7   86  14.8  16.0  15.9  16.0  16.4  17.3  18.4  18.8  19.3  19.7  20.0
 350  8   86  15.0  15.9  15.9  16.1  16.4  17.3  18.4  18.8  19.3  19.7  20.0
 350  9   86  15.4  15.9  15.9  16.1  16.4  17.3  18.4  18.8  19.3  19.7  20.0
 350 10   86  16.2  15.9  16.0  16.1  16.5  17.3  18.4  18.8  19.3  19.7  20.0
 350 11   86  17.3  15.9  16.0  16.1  16.5  17.3  18.4  18.8  19.3  19.7  20.0
 350 12   86  18.2  16.0  16.0  16.1  16.5  17.3  18.4  18.8  19.3  19.7  20.0
 350 13   86  18.9  16.1  16.0  16.1  16.5  17.3  18.4  18.8  19.3  19.7  20.0
 350 14   86  19.2  16.2  16.0  16.1  16.5  17.3  18.4  18.8  19.3  19.7  20.0
 350 15   86  19.4  16.3  16.0  16.1  16.5  17.3  18.4  18.8  19.3  19.7  20.0
 350 16   86  19.3  16.5  16.0  16.1  16.5  17.4  18.4  18.8  19.3  19.7  20.0
 350 17   86  19.0  16.6  16.0  16.2  16.5  17.4  18.4  18.8  19.3  19.7  20.0
 350 18   86  18.7  16.6  16.1  16.2  16.5  17.4  18.4  18.8  19.3  19.7  20.0
 350 19   86  18.4  16.7  16.1  16.2  16.6  17.4  18.4  18.9  19.3  19.7  20.0
 350 20   86  17.8  16.7  16.1  16.2  16.6  17.4  18.4  18.9  19.3  19.7  20.0
 350 21   86  17.0  16.7  16.2  16.2  16.6  17.4  18.4  18.9  19.3  19.7  20.0
 350 22   86  16.3  16.7  16.2  16.2  16.6  17.4  18.5  18.9  19.3  19.7  20.0
 350 23   86  15.7  16.7  16.2  16.2  16.6  17.4  18.5  18.9  19.3  19.7  20.0
 350 24   86  15.6  16.6  16.2  16.2  16.6  17.4  18.5  18.9  19.3  19.7  20.0
