
                                   SUMMARY OF WATER BALANCE

                                                      CHANGE IN STORAGE
                       PRECIP          PLANT   ------------------------------  DEEP                     CUM.
 DAY HR  YR   PRECIP   INTRCP    ET    TRANSP  CANOPY   SNOW  RESIDUE   SOIL   PERC   RUNOFF   PONDED    ET    ERROR
                 MM      MM      MM      MM      MM      MM      MM      MM      MM      MM      MM      MM      MM
 337  2   86    0.00    0.00   -0.01    0.00    0.00    0.00    0.00    0.33   30.90    0.00    0.00     0.0  -31.22
 337  3   86    0.00    0.00    0.03    0.00    0.00    0.00    0.00    0.36   30.90    0.00    0.00     0.0  -31.29
 337  4   86    0.00    0.00    0.00    0.00    0.00    0.00    0.00    0.32   30.90    0.00    0.00     0.0  -31.22
 337  5   86    0.00    0.00    0.02    0.00    0.00    0.00    0.00    0.30   30.90    0.00    0.00     0.0  -31.22
 337  6   86    0.00    0.00   -0.01    0.00    0.00    0.00    0.00    0.27   30.90    0.00    0.00     0.0  -31.16
 337  7   86    0.00    0.00   -0.03    0.00    0.00    0.00    0.00    0.25   30.90    0.00    0.00     0.0  -31.13
 337  8   86    0.00    0.00    0.01    0.00    0.00    0.00    0.00    0.23   30.90    0.00    0.00     0.0  -31.15
 337  9   86    0.00    0.00    0.00    0.00    0.00    0.00    0.00    0.22   30.90    0.00    0.00     0.0  -31.12
 337 10   86    0.00    0.00   -0.01    0.00    0.00    0.00    0.00    0.20   30.90    0.00    0.00     0.0  -31.09
 337 11   86    0.00    0.00    0.00    0.00    0.00    0.00    0.00    0.18   30.90    0.00    0.00     0.0  -31.08
 337 12   86    0.00    0.00   -0.01    0.00    0.00    0.00    0.00    0.17   30.90    0.00    0.00     0.0  -31.05
 337 13   86    0.00    0.00   -0.03    0.00    0.00    0.00    0.00    0.15   30.90    0.00    0.00     0.0  -31.02
 337 14   86    0.00    0.00    0.02    0.00    0.00    0.00    0.00    0.14   30.90    0.00    0.00     0.0  -31.06
 337 15   86    0.00    0.00   -0.02    0.00    0.00    0.00    0.00    0.12   30.90    0.00    0.00     0.0  -31.00
 337 16   86    0.00    0.00    0.02    0.00    0.00    0.00    0.00    0.11   30.90    0.00    0.00     0.0  -31.04
 337 17   86    0.00    0.00    0.02    0.00    0.00    0.00    0.00    0.11   30.90    0.00    0.00     0.0  -31.02
 337 18   86    0.00    0.00    0.01    0.00    0.00    0.00    0.00    0.10   30.90    0.00    0.00     0.0  -31.01
 337 19   86    0.00    0.00    0.02    0.00    0.00    0.00    0.00    0.09   30.90    0.00    0.00     0.0  -31.01
 337 20   86    0.00    0.00    0.00    0.00    0.00    0.00    0.00    0.17   30.90    0.00    0.00     0.0  -31.07
 337 21   86    0.00    0.00    0.05    0.00    0.00    0.00    0.00    1.77   30.90    0.00    0.00     0.1  -32.72
 337 22   86    0.00    0.00    0.00    0.00    0.00    0.00    0.00    2.40   30.90    0.00    0.00     0.1  -33.31
 337 23   86    0.00    0.00    0.01    0.00    0.00    0.00    0.00    1.26   30.90    0.00    0.00     0.1  -32.17
 337 24   86    0.00    0.00    0.05    0.00    0.00    0.00    0.00    0.68   30.90    0.00    0.00     0.1  -31.62
 338  1   86    0.00    0.00    0.03    0.00    0.00    0.00    0.00    0.40   30.90    0.00    0.00     0.2  -31.33
 338  2   86    0.00    0.00    0.01    0.00    0.00    0.00    0.00    0.26   30.90    0.00    0.00     0.2  -31.17
 338  3   86    0.00    0.00    0.03    0.00    0.00    0.00    0.00    0.17   30.90    0.00    0.00     0.2  -31.10
 338  4   86    0.00    0.00    0.05    0.00    0.00    0.00    0.00    0.12   30.90    0.00    0.00     0.3  -31.07
 338  5   86    0.00    0.00    0.06    0.00    0.00    0.00    0.00    0.09   30.90    0.00    0.00     0.3  -31.05
 338  6   86    0.00    0.00    0.03    0.00    0.00    0.00    0.00    0.07   30.90    0.00    0.00     0.4  -31.00
 338  7   86    0.00    0.00    0.00    0.00    0.00    0.00    0.00    0.05   30.90    0.00    0.00     0.4  -30.95
 338  8   86    0.00    0.00   -0.01    0.00    0.00    0.00    0.00    0.06   30.90    0.00    0.00     0.3  -30.94
 338  9   86    0.00    0.00    0.01    0.00    0.00    0.00    0.00    0.02   30.90    0.00    0.00     0.4  -30.93
 338 10   86    0.00    0.00    0.00    0.00    0.00    0.00    0.00    0.03   30.90    0.00    0.00     0.4  -30.93
 338 11   86    0.00    0.00    0.00    0.00    0.00    0.00    0.00    0.02   30.90    0.00    0.00     0.4  -30.92
 338 12   86    0.00    0.00    0.00    0.00    0.00    0.00    0.00    0.02   30.90    0.00    0.00     0.4  -30.92
 338 13   86    0.00    0.00    0.01    0.00    0.00    0.00    0.00    0.01   30.90    0.00    0.00     0.4  -30.92
 338 14   86    0.00    0.00    0.05    0.00    0.00    0.00    0.00    0.01   30.90    0.00    0.00     0.4  -30.96
 338 15   86    0.00    0.00    0.00    0.00    0.00    0.00    0.00    0.01   30.90    0.00    0.00     0.4  -30.91
 338 16   86    0.00    0.00    0.02    0.00    0.00    0.00    0.00    0.01   30.90    0.00    0.00     0.4  -30.93
 338 17   86    0.00    0.00    0.00    0.00    0.00    0.00    0.00    0.01   30.90    0.00    0.00     0.4  -30.91
 338 18   86    0.00    0.00    0.03    0.00    0.00    0.00    0.00    0.01   30.90    0.00    0.00     0.5  -30.94
 338 19   86    0.00    0.00    0.04    0.00    0.00    0.00    0.00    0.01   30.90    0.00    0.00     0.5  -30.94
 338 20   86    0.00    0.00    0.02    0.00    0.00    0.00    0.00    0.01   30.90    0.00    0.00     0.5  -30.92
 338 21   86    0.00    0.00    0.01    0.00    0.00    0.00    0.00    0.01   30.90    0.00    0.00     0.5  -30.92
 338 22   86    0.00    0.00    0.01    0.00    0.00    0.00    0.00    0.00   30.90    0.00    0.00     0.5  -30.92
 338 23   86    0.00    0.00    0.08    0.00    0.00    0.00    0.00    0.01   30.90    0.00    0.00     0.6  -30.98
 338 24   86    0.00    0.00    0.19    0.00    0.00    0.00    0.00    0.01   30.90    0.00    0.00     0.8  -31.10
 339  1   86    0.25    0.00    0.17    0.00    0.00    0.00    0.00    0.26   30.90    0.00    0.00     1.0  -31.08
 339  2   86    0.51    0.00    0.20    0.00    0.00    0.00    0.00    0.31   30.90    0.00    0.00     1.2  -30.90
 339  3   86    0.00    0.00    0.10    0.00    0.00    0.00    0.00   -0.10   30.90    0.00    0.00     1.3  -30.90
 339  4   86    0.25    0.00    0.08    0.00    0.00    0.00    0.00    0.18   30.90    0.00    0.00     1.4  -30.90
 339  5   86    0.51    0.00    0.02    0.00    0.00    0.00    0.00    0.49   30.90    0.00    0.00     1.4  -30.90
 339  6   86    0.25    0.00    0.03    0.00    0.00    0.00    0.00    0.22   30.90    0.00    0.00     1.4  -30.90
 339  7   86    0.51    0.00    0.06    0.00    0.00    0.00    0.00    0.45   30.90    0.00    0.00     1.5  -30.90
 339  8   86    0.25    0.00    0.05    0.00    0.00    0.00    0.00    0.20   30.90    0.00    0.00     1.5  -30.90
 339  9   86    0.76    0.00    0.01    0.00    0.00    0.00    0.00    0.75   30.90    0.00    0.00     1.5  -30.90
 339 10   86    0.51    0.00    0.00    0.00    0.00    0.00    0.00    0.51   30.90    0.00    0.00     1.5  -30.90
 339 11   86    0.76    0.00    0.02    0.00    0.00    0.00    0.00    0.30   30.90    0.00    0.00     1.6  -30.46
 339 12   86    0.51    0.00    0.03    0.00    0.00    0.00    0.00   -0.26   30.90    0.00    0.00     1.6  -30.16
 339 13   86    1.27    0.00    0.04    0.00    0.00    0.00    0.00    0.75   30.90    0.00    0.00     1.6  -30.42
 339 14   86    0.51    0.00    0.02    0.00    0.00    0.00    0.00   -0.74   30.90    0.00    0.00     1.7  -29.67
 339 15   86    1.02    0.00   -0.05    0.00    0.00    0.00    0.00    0.57   30.90    0.00    0.00     1.6  -30.41
 339 16   86    0.51    0.00   -0.04    0.00    0.00    0.00    0.00   -0.47   30.90    0.00    0.00     1.6  -29.89
 339 17   86    0.51    0.00    0.00    0.00    0.00    0.00    0.00    0.00   30.90    0.00    0.00     1.6  -30.39
 339 18   86    0.00    0.00    0.00    0.00    0.00    0.00    0.00   -0.50   30.90    0.00    0.00     1.6  -30.39
 339 19   86    0.00    0.00    0.01    0.00    0.00    0.00    0.00   -0.01   30.90    0.00    0.00     1.6  -30.90
 339 20   86    0.00    0.00    0.04    0.00    0.00    0.00    0.00   -0.04   30.90    0.00    0.00     1.6  -30.90
 339 21   86    0.00    0.00    0.02    0.00    0.00    0.00    0.00   -0.02   30.90    0.00    0.00     1.6  -30.90
 339 22   86    0.00    0.00    0.01    0.00    0.00    0.00    0.00   -0.01   30.90    0.00    0.00     1.7  -30.90
 339 23   86    0.00    0.00    0.04    0.00    0.00    0.00    0.00   -0.04   30.90    0.00    0.00     1.7  -30.90
 339 24   86    0.00    0.00    0.04    0.00    0.00    0.00    0.00   -0.04   30.90    0.00    0.00     1.7  -30.90
 340  1   86    0.00    0.00    0.05    0.00    0.00    0.00    0.00   -0.05   30.90    0.00    0.00     1.8  -30.90
 340  2   86    0.00    0.00    0.03    0.00    0.00    0.00    0.00   -0.03   30.90    0.00    0.00     1.8  -30.90
 340  3   86    0.00    0.00    0.03    0.00    0.00    0.00    0.00   -0.03   30.90    0.00    0.00     1.8  -30.90
 340  4   86    0.00    0.00    0.04    0.00    0.00    0.00    0.00   -0.04   30.90    0.00    0.00     1.9  -30.90
 340  5   86    0.00    0.00    0.05    0.00    0.00    0.00    0.00   -0.05   30.90    0.00    0.00     1.9  -30.90
 340  6   86    0.00    0.00    0.04    0.00    0.00    0.00    0.00   -0.04   30.90    0.00    0.00     2.0  -30.90
 340  7   86    0.00    0.00    0.01    0.00    0.00    0.00    0.00   -0.01   30.90    0.00    0.00     2.0  -30.90
 340  8   86    0.00    0.00    0.03    0.00    0.00    0.00    0.00   -0.03   30.90    0.00    0.00     2.0  -30.90
 340  9   86    0.00    0.00    0.02    0.00    0.00    0.00    0.00   -0.02   30.90    0.00    0.00     2.0  -30.90
 340 10   86    0.00    0.00   -0.01    0.00    0.00    0.00    0.00    0.02   30.90    0.00    0.00     2.0  -30.90
 340 11   86    0.00    0.00    0.02    0.00    0.00    0.00    0.00   -0.02   30.90    0.00    0.00     2.0  -30.90
 340 12   86    0.00    0.00   -0.01    0.00    0.00    0.00    0.00    0.01   30.90    0.00    0.00     2.0  -30.90
 340 13   86    0.00    0.00    0.00    0.00    0.00    0.00    0.00    0.00   30.90    0.00    0.00     2.0  -30.90
 340 14   86    0.00    0.00    0.01    0.00    0.00    0.00    0.00   -0.01   30.90    0.00    0.00     2.0  -30.90
 340 15   86    0.00    0.00    0.02    0.00    0.00    0.00    0.00   -0.02   30.90    0.00    0.00     2.0  -30.90
 340 16   86    0.00    0.00    0.01    0.00    0.00    0.00    0.00   -0.01   30.90    0.00    0.00     2.1  -30.90
 340 17   86    0.00    0.00    0.01    0.00    0.00    0.00    0.00   -0.01   30.90    0.00    0.00     2.1  -30.90
 340 18   86    0.00    0.00    0.02    0.00    0.00    0.00    0.00   -0.02   30.90    0.00    0.00     2.1  -30.90
 340 19   86    0.00    0.00    0.01    0.00    0.00    0.00    0.00   -0.01   30.90    0.00    0.00     2.1  -30.90
 340 20   86    0.00    0.00    0.02    0.00    0.00    0.00    0.00   -0.02   30.90    0.00    0.00     2.1  -30.90
 340 21   86    0.00    0.00    0.01    0.00    0.00    0.00    0.00   -0.01   30.90    0.00    0.00     2.1  -30.90
 340 22   86    0.00    0.00    0.02    0.00    0.00    0.00    0.00   -0.01   30.90    0.00    0.00     2.1  -30.91
 340 23   86    0.00    0.00    0.02    0.00    0.00    0.00    0.00    0.00   30.90    0.00    0.00     2.1  -30.92
 340 24   86    0.00    0.00    0.02    0.00    0.00    0.00    0.00    0.00   30.90    0.00    0.00     2.2  -30.92
 341  1   86    0.00    0.00    0.02    0.00    0.00    0.00    0.00    0.00   30.90    0.00    0.00     2.2  -30.92
 341  2   86    0.00    0.00    0.01    0.00    0.00    0.00    0.00    0.00   30.90    0.00    0.00     2.2  -30.91
 341  3   86    0.00    0.00    0.02    0.00    0.00    0.00    0.00    0.00   30.90    0.00    0.00     2.2  -30.92
 341  4   86    0.00    0.00    0.02    0.00    0.00    0.00    0.00    0.00   30.90    0.00    0.00     2.2  -30.92
 341  5   86    0.00    0.00    0.02    0.00    0.00    0.00    0.00    0.00   30.90    0.00    0.00     2.3  -30.92
 341  6   86    0.00    0.00    0.02    0.00    0.00    0.00    0.00    0.00   30.90    0.00    0.00     2.3  -30.92
 341  7   86    0.00    0.00    0.02    0.00    0.00    0.00    0.00    0.00   30.90    0.00    0.00     2.3  -30.92
 341  8   86    0.00    0.00    0.01    0.00    0.00    0.00    0.00    0.00   30.90    0.00    0.00     2.3  -30.91
 341  9   86    0.00    0.00    0.01    0.00    0.00    0.00    0.00    0.00   30.90    0.00    0.00     2.3  -30.91
 341 10   86    0.00    0.00    0.01    0.00    0.00    0.00    0.00    0.00   30.90    0.00    0.00     2.3  -30.91
 341 11   86    0.00    0.00    0.04    0.00    0.00    0.00    0.00    0.00   30.90    0.00    0.00     2.4  -30.94
 341 12   86    0.00    0.00   -0.02    0.00    0.00    0.00    0.00    0.02   30.90    0.00    0.00     2.3  -30.90
 341 13   86    0.00    0.00    0.02    0.00    0.00    0.00    0.00   -0.02   30.90    0.00    0.00     2.4  -30.90
 341 14   86    0.00    0.00    0.00    0.00    0.00    0.00    0.00    0.00   30.90    0.00    0.00     2.4  -30.90
 341 15   86    0.00    0.00    0.00    0.00    0.00    0.00    0.00    0.00   30.90    0.00    0.00     2.4  -30.90
 341 16   86    0.00    0.00    0.00    0.00    0.00    0.00    0.00    0.00   30.90    0.00    0.00     2.4  -30.90
 341 17   86    0.00    0.00    0.02    0.00    0.00    0.00    0.00    0.00   30.90    0.00    0.00     2.4  -30.92
 341 18   86    0.00    0.00    0.02    0.00    0.00    0.00    0.00    0.00   30.90    0.00    0.00     2.4  -30.92
 341 19   86    0.00    0.00    0.02    0.00    0.00    0.00    0.00    0.00   30.90    0.00    0.00     2.4  -30.92
 341 20   86    0.00    0.00    0.02    0.00    0.00    0.00    0.00    0.00   30.90    0.00    0.00     2.5  -30.92
 341 21   86    0.00    0.00    0.03    0.00    0.00    0.00    0.00    0.00   30.90    0.00    0.00     2.5  -30.93
 341 22   86    0.00    0.00    0.02    0.00    0.00    0.00    0.00    0.00   30.90    0.00    0.00     2.5  -30.92
 341 23   86    0.00    0.00    0.01    0.00    0.00    0.00    0.00    0.00   30.90    0.00    0.00     2.5  -30.91
 341 24   86    0.00    0.00    0.01    0.00    0.00    0.00    0.00    0.00   30.90    0.00    0.00     2.5  -30.91
 342  1   86    0.00    0.00    0.03    0.00    0.00    0.00    0.00    0.00   30.90    0.00    0.00     2.6  -30.93
 342  2   86    0.00    0.00    0.06    0.00    0.00    0.00    0.00    0.00   30.90    0.00    0.00     2.6  -30.96
 342  3   86    0.00    0.00    0.05    0.00    0.00    0.00    0.00    0.00   30.90    0.00    0.00     2.7  -30.95
 342  4   86    0.00    0.00    0.04    0.00    0.00    0.00    0.00    0.00   30.90    0.00    0.00     2.7  -30.94
 342  5   86    0.00    0.00    0.02    0.00    0.00    0.00    0.00    0.00   30.90    0.00    0.00     2.7  -30.92
 342  6   86    0.00    0.00    0.07    0.00    0.00    0.00    0.00    0.00   30.90    0.00    0.00     2.8  -30.97
 342  7   86    0.00    0.00    0.02    0.00    0.00    0.00    0.00    0.00   30.90    0.00    0.00     2.8  -30.92
 342  8   86    0.00    0.00    0.04    0.00    0.00    0.00    0.00    0.00   30.90    0.00    0.00     2.9  -30.94
 342  9   86    0.00    0.00   -0.01    0.00    0.00    0.00    0.00    0.01   30.90    0.00    0.00     2.9  -30.90
 342 10   86    0.00    0.00    0.02    0.00    0.00    0.00    0.00   -0.01   30.90    0.00    0.00     2.9  -30.91
 342 11   86    0.00    0.00    0.03    0.00    0.00    0.00    0.00    0.00   30.90    0.00    0.00     2.9  -30.93
 342 12   86    0.51    0.00    0.05    0.00    0.00    0.00    0.00    0.51   30.90    0.00    0.00     3.0  -30.95
 342 13   86    0.00    0.00    0.03    0.00    0.00    0.00    0.00   -0.07   30.90    0.00    0.00     3.0  -30.86
 342 14   86    0.00    0.00    0.05    0.00    0.00    0.00    0.00   -0.05   30.90    0.00    0.00     3.0  -30.90
 342 15   86    0.00    0.00    0.03    0.00    0.00    0.00    0.00   -0.03   30.90    0.00    0.00     3.1  -30.90
 342 16   86    0.00    0.00    0.06    0.00    0.00    0.00    0.00   -0.06   30.90    0.00    0.00     3.1  -30.90
 342 17   86    0.00    0.00    0.03    0.00    0.00    0.00    0.00   -0.03   30.90    0.00    0.00     3.2  -30.90
 342 18   86    0.00    0.00    0.06    0.00    0.00    0.00    0.00   -0.06   30.90    0.00    0.00     3.2  -30.90
 342 19   86    0.00    0.00    0.04    0.00    0.00    0.00    0.00   -0.04   30.90    0.00    0.00     3.3  -30.90
 342 20   86    0.00    0.00    0.03    0.00    0.00    0.00    0.00   -0.03   30.90    0.00    0.00     3.3  -30.90
 342 21   86    0.00    0.00    0.03    0.00    0.00    0.00    0.00   -0.03   30.90    0.00    0.00     3.3  -30.90
 342 22   86    0.00    0.00    0.02    0.00    0.00    0.00    0.00   -0.02   30.90    0.00    0.00     3.3  -30.90
 342 23   86    0.00    0.00    0.03    0.00    0.00    0.00    0.00   -0.03   30.90    0.00    0.00     3.4  -30.90
 342 24   86    0.00    0.00    0.01    0.00    0.00    0.00    0.00   -0.01   30.90    0.00    0.00     3.4  -30.90
 343  1   86    0.00    0.00    0.03    0.00    0.00    0.00    0.00   -0.03   30.90    0.00    0.00     3.4  -30.90
 343  2   86    0.00    0.00    0.02    0.00    0.00    0.00    0.00   -0.02   30.90    0.00    0.00     3.4  -30.90
 343  3   86    0.00    0.00    0.03    0.00    0.00    0.00    0.00    0.00   30.90    0.00    0.00     3.5  -30.93
 343  4   86    0.00    0.00    0.19    0.00    0.00    0.00    0.00    0.00   30.90    0.00    0.00     3.7  -31.09
 343  5   86    0.00    0.00    0.08    0.00    0.00    0.00    0.00    0.00   30.90    0.00    0.00     3.7  -30.98
 343  6   86    0.00    0.00    0.12    0.00    0.00    0.00    0.00    0.00   30.90    0.00    0.00     3.8  -31.02
 343  7   86    0.00    0.00    0.10    0.00    0.00    0.00    0.00    0.00   30.90    0.00    0.00     4.0  -31.01
 343  8   86    0.00    0.00    0.06    0.00    0.00    0.00    0.00    0.00   30.90    0.00    0.00     4.0  -30.96
 343  9   86    0.00    0.00    0.06    0.00    0.00    0.00    0.00    0.00   30.90    0.00    0.00     4.1  -30.96
 343 10   86    0.00    0.00    0.06    0.00    0.00    0.00    0.00    0.00   30.90    0.00    0.00     4.1  -30.96
 343 11   86    0.00    0.00    0.04    0.00    0.00    0.00    0.00    0.00   30.90    0.00    0.00     4.2  -30.94
 343 12   86    0.00    0.00    0.05    0.00    0.00    0.00    0.00    0.00   30.90    0.00    0.00     4.2  -30.95
 343 13   86    0.00    0.00    0.01    0.00    0.00    0.00    0.00    0.00   30.90    0.00    0.00     4.2  -30.91
 343 14   86    0.00    0.00    0.03    0.00    0.00    0.00    0.00    0.00   30.90    0.00    0.00     4.3  -30.93
 343 15   86    0.00    0.00    0.01    0.00    0.00    0.00    0.00    0.00   30.90    0.00    0.00     4.3  -30.91
 343 16   86    0.00    0.00    0.01    0.00    0.00    0.00    0.00    0.00   30.90    0.00    0.00     4.3  -30.91
 343 17   86    0.00    0.00    0.01    0.00    0.00    0.00    0.00    0.00   30.90    0.00    0.00     4.3  -30.91
 343 18   86    0.00    0.00    0.03    0.00    0.00    0.00    0.00    0.00   30.90    0.00    0.00     4.3  -30.93
 343 19   86    0.00    0.00    0.08    0.00    0.00    0.00    0.00    0.00   30.90    0.00    0.00     4.4  -30.98
 343 20   86    0.00    0.00    0.10    0.00    0.00    0.00    0.00    0.00   30.90    0.00    0.00     4.5  -31.00
 343 21   86    0.00    0.00    0.03    0.00    0.00    0.00    0.00    0.00   30.90    0.00    0.00     4.5  -30.93
 343 22   86    0.00    0.00    0.04    0.00    0.00    0.00    0.00    0.00   30.90    0.00    0.00     4.6  -30.94
 343 23   86    0.00    0.00    0.11    0.00    0.00    0.00    0.00    0.00   30.90    0.00    0.00     4.7  -31.01
 343 24   86    0.00    0.00    0.02    0.00    0.00    0.00    0.00    0.00   30.90    0.00    0.00     4.7  -30.92
 344  1   86    0.00    0.00    0.04    0.00    0.00    0.00    0.00    0.00   30.90    0.00    0.00     4.8  -30.94
 344  2   86    0.00    0.00    0.02    0.00    0.00    0.00    0.00    0.00   30.90    0.00    0.00     4.8  -30.92
 344  3   86    0.00    0.00    0.01    0.00    0.00    0.00    0.00    0.00   30.90    0.00    0.00     4.8  -30.91
 344  4   86    0.00    0.00    0.02    0.00    0.00    0.00    0.00    0.00   30.90    0.00    0.00     4.8  -30.92
 344  5   86    0.00    0.00    0.02    0.00    0.00    0.00    0.00    0.00   30.90    0.00    0.00     4.8  -30.92
 344  6   86    0.00    0.00    0.02    0.00    0.00    0.00    0.00    0.00   30.90    0.00    0.00     4.9  -30.92
 344  7   86    0.00    0.00    0.14    0.00    0.00    0.00    0.00    0.00   30.90    0.00    0.00     5.0  -31.04
 344  8   86    0.00    0.00    0.04    0.00    0.00    0.00    0.00    0.00   30.90    0.00    0.00     5.0  -30.94
 344  9   86    0.00    0.00    0.08    0.00    0.00    0.00    0.00    0.00   30.90    0.00    0.00     5.1  -30.98
 344 10   86    0.00    0.00    0.08    0.00    0.00    0.00    0.00    0.00   30.90    0.00    0.00     5.2  -30.98
 344 11   86    0.00    0.00    0.13    0.00    0.00    0.00    0.00    0.00   30.90    0.00    0.00     5.3  -31.03
 344 12   86    0.00    0.00    0.04    0.00    0.00    0.00    0.00    0.00   30.90    0.00    0.00     5.3  -30.94
 344 13   86    0.00    0.00    0.18    0.00    0.00    0.00    0.00    0.00   30.90    0.00    0.00     5.5  -31.08
 344 14   86    0.00    0.00    0.15    0.00    0.00    0.00    0.00    0.00   30.90    0.00    0.00     5.7  -31.05
 344 15   86    0.00    0.00    0.17    0.00    0.00    0.00    0.00    0.00   30.90    0.00    0.00     5.8  -31.07
 344 16   86    0.00    0.00    0.03    0.00    0.00    0.00    0.00    0.00   30.90    0.00    0.00     5.9  -30.93
 344 17   86    0.00    0.00    0.02    0.00    0.00    0.00    0.00    0.00   30.90    0.00    0.00     5.9  -30.92
 344 18   86    0.00    0.00    0.07    0.00    0.00    0.00    0.00    0.00   30.90    0.00    0.00     6.0  -30.97
 344 19   86    0.00    0.00    0.02    0.00    0.00    0.00    0.00    0.00   30.90    0.00    0.00     6.0  -30.92
 344 20   86    0.00    0.00    0.05    0.00    0.00    0.00    0.00    0.00   30.90    0.00    0.00     6.0  -30.95
 344 21   86    0.00    0.00    0.09    0.00    0.00    0.00    0.00    0.00   30.90    0.00    0.00     6.1  -30.99
 344 22   86    0.00    0.00    0.04    0.00    0.00    0.00    0.00    0.00   30.90    0.00    0.00     6.2  -30.94
 344 23   86    0.00    0.00    0.06    0.00    0.00    0.00    0.00    0.00   30.90    0.00    0.00     6.2  -30.97
 344 24   86    0.00    0.00    0.05    0.00    0.00    0.00    0.00    0.00   30.90    0.00    0.00     6.3  -30.95
 345  1   86    0.00    0.00    0.06    0.00    0.00    0.00    0.00    0.00   30.90    0.00    0.00     6.3  -30.96
 345  2   86    0.00    0.00    0.06    0.00    0.00    0.00    0.00    0.00   30.90    0.00    0.00     6.4  -30.96
 345  3   86    0.00    0.00    0.03    0.00    0.00    0.00    0.00    0.00   30.90    0.00    0.00     6.4  -30.93
 345  4   86    0.00    0.00    0.02    0.00    0.00    0.00    0.00    0.00   30.90    0.00    0.00     6.4  -30.92
 345  5   86    0.00    0.00    0.02    0.00    0.00    0.00    0.00    0.00   30.90    0.00    0.00     6.5  -30.92
 345  6   86    0.00    0.00    0.02    0.00    0.00    0.00    0.00    0.00   30.90    0.00    0.00     6.5  -30.92
 345  7   86    0.00    0.00    0.01    0.00    0.00    0.00    0.00    0.00   30.90    0.00    0.00     6.5  -30.91
 345  8   86    0.00    0.00    0.01    0.00    0.00    0.00    0.00    0.00   30.90    0.00    0.00     6.5  -30.91
 345  9   86    0.00    0.00    0.00    0.00    0.00    0.00    0.00    0.00   30.90    0.00    0.00     6.5  -30.90
 345 10   86    0.00    0.00    0.01    0.00    0.00    0.00    0.00    0.00   30.90    0.00    0.00     6.5  -30.91
 345 11   86    0.00    0.00    0.01    0.00    0.00    0.00    0.00    0.00   30.90    0.00    0.00     6.5  -30.91
 345 12   86    0.00    0.00    0.01    0.00    0.00    0.00    0.00    0.00   30.90    0.00    0.00     6.5  -30.91
 345 13   86    0.00    0.00    0.04    0.00    0.00    0.00    0.00    0.00   30.90    0.00    0.00     6.6  -30.94
 345 14   86    0.00    0.00    0.02    0.00    0.00    0.00    0.00    0.00   30.90    0.00    0.00     6.6  -30.92
 345 15   86    0.00    0.00    0.03    0.00    0.00    0.00    0.00    0.00   30.90    0.00    0.00     6.6  -30.93
 345 16   86    0.00    0.00    0.02    0.00    0.00    0.00    0.00    0.00   30.90    0.00    0.00     6.6  -30.93
 345 17   86    0.00    0.00    0.03    0.00    0.00    0.00    0.00    0.00   30.90    0.00    0.00     6.7  -30.93
 345 18   86    0.00    0.00    0.03    0.00    0.00    0.00    0.00    0.00   30.90    0.00    0.00     6.7  -30.93
 345 19   86    0.00    0.00    0.02    0.00    0.00    0.00    0.00    0.00   30.90    0.00    0.00     6.7  -30.92
 345 20   86    0.00    0.00    0.03    0.00    0.00    0.00    0.00    0.00   30.90    0.00    0.00     6.8  -30.93
 345 21   86    0.00    0.00    0.12    0.00    0.00    0.00    0.00    0.00   30.90    0.00    0.00     6.9  -31.03
 345 22   86    0.00    0.00    0.05    0.00    0.00    0.00    0.00    0.00   30.90    0.00    0.00     6.9  -30.95
 345 23   86    0.00    0.00    0.02    0.00    0.00    0.00    0.00    0.00   30.90    0.00    0.00     6.9  -30.92
 345 24   86    0.00    0.00    0.02    0.00    0.00    0.00    0.00    0.00   30.90    0.00    0.00     7.0  -30.92
 346  1   86    0.00    0.00    0.07    0.00    0.00    0.00    0.00    0.00   30.90    0.00    0.00     7.0  -30.97
 346  2   86    0.00    0.00    0.03    0.00    0.00    0.00    0.00    0.00   30.90    0.00    0.00     7.1  -30.93
 346  3   86    0.00    0.00    0.02    0.00    0.00    0.00    0.00    0.00   30.90    0.00    0.00     7.1  -30.92
 346  4   86    0.00    0.00    0.01    0.00    0.00    0.00    0.00    0.00   30.90    0.00    0.00     7.1  -30.91
 346  5   86    0.00    0.00    0.02    0.00    0.00    0.00    0.00    0.00   30.90    0.00    0.00     7.1  -30.92
 346  6   86    0.00    0.00    0.03    0.00    0.00    0.00    0.00    0.00   30.90    0.00    0.00     7.2  -30.93
 346  7   86    0.00    0.00    0.01    0.00    0.00    0.00    0.00    0.00   30.90    0.00    0.00     7.2  -30.91
 346  8   86    0.00    0.00    0.00    0.00    0.00    0.00    0.00    0.00   30.90    0.00    0.00     7.2  -30.90
 346  9   86    0.00    0.00    0.02    0.00    0.00    0.00    0.00    0.00   30.90    0.00    0.00     7.2  -30.92
 346 10   86    0.51    0.00    0.01    0.00    0.00    0.00    0.00    0.51   30.90    0.00    0.00     7.2  -30.91
 346 11   86    0.25    0.00    0.00    0.00    0.00    0.00    0.00    0.22   30.90    0.00    0.00     7.2  -30.86
 346 12   86    0.25    0.00    0.00    0.00    0.00    0.00    0.00    0.00   30.90    0.00    0.00     7.2  -30.65
 346 13   86    0.25    0.00    0.01    0.00    0.00    0.00    0.00   -0.01   30.90    0.00    0.00     7.2  -30.65
 346 14   86    0.00    0.00    0.02    0.00    0.00    0.00    0.00   -0.27   30.90    0.00    0.00     7.2  -30.65
 346 15   86    0.00    0.00    0.00    0.00    0.00    0.00    0.00    0.00   30.90    0.00    0.00     7.2  -30.90
 346 16   86    0.00    0.00    0.05    0.00    0.00    0.00    0.00   -0.05   30.90    0.00    0.00     7.3  -30.90
 346 17   86    0.00    0.00    0.03    0.00    0.00    0.00    0.00   -0.03   30.90    0.00    0.00     7.3  -30.90
 346 18   86    0.00    0.00    0.07    0.00    0.00    0.00    0.00   -0.07   30.90    0.00    0.00     7.4  -30.90
 346 19   86    0.00    0.00    0.18    0.00    0.00    0.00    0.00   -0.18   30.90    0.00    0.00     7.6  -30.90
 346 20   86    0.00    0.00    0.10    0.00    0.00    0.00    0.00   -0.10   30.90    0.00    0.00     7.7  -30.90
 346 21   86    0.00    0.00    0.19    0.00    0.00    0.00    0.00   -0.01   30.90    0.00    0.00     7.9  -31.08
 346 22   86    0.00    0.00    0.12    0.00    0.00    0.00    0.00    0.00   30.90    0.00    0.00     8.0  -31.02
 346 23   86    0.00    0.00    0.07    0.00    0.00    0.00    0.00    0.00   30.90    0.00    0.00     8.0  -30.97
 346 24   86    0.00    0.00    0.02    0.00    0.00    0.00    0.00    0.00   30.90    0.00    0.00     8.1  -30.92
 347  1   86    0.00    0.00    0.02    0.00    0.00    0.00    0.00    0.00   30.90    0.00    0.00     8.1  -30.92
 347  2   86    0.00    0.00    0.03    0.00    0.00    0.00    0.00    0.00   30.90    0.00    0.00     8.1  -30.93
 347  3   86    0.00    0.00    0.13    0.00    0.00    0.00    0.00    0.00   30.90    0.00    0.00     8.2  -31.03
 347  4   86    0.00    0.00    0.28    0.00    0.00    0.00    0.00    0.00   30.90    0.00    0.00     8.5  -31.19
 347  5   86    0.00    0.00    0.25    0.00    0.00    0.00    0.00    0.00   30.90    0.00    0.00     8.8  -31.15
 347  6   86    0.00    0.00    0.09    0.00    0.00    0.00    0.00    0.00   30.90    0.00    0.00     8.9  -30.99
 347  7   86    0.00    0.00    0.11    0.00    0.00    0.00    0.00    0.00   30.90    0.00    0.00     9.0  -31.01
 347  8   86    0.00    0.00    0.05    0.00    0.00    0.00    0.00    0.00   30.90    0.00    0.00     9.0  -30.95
 347  9   86    0.00    0.00    0.03    0.00    0.00    0.00    0.00    0.00   30.90    0.00    0.00     9.1  -30.94
 347 10   86    0.00    0.00    0.02    0.00    0.00    0.00    0.00    0.00   30.90    0.00    0.00     9.1  -30.92
 347 11   86    0.25    0.00    0.09    0.00    0.00    0.00    0.00    0.25   30.90    0.00    0.00     9.2  -30.99
 347 12   86    0.00    0.00    0.19    0.00    0.00    0.00    0.00   -0.19   30.90    0.00    0.00     9.3  -30.90
 347 13   86    0.00    0.00    0.27    0.00    0.00    0.00    0.00   -0.07   30.90    0.00    0.00     9.6  -31.11
 347 14   86    0.00    0.00    0.03    0.00    0.00    0.00    0.00    0.00   30.90    0.00    0.00     9.7  -30.93
 347 15   86    0.00    0.00    0.26    0.00    0.00    0.00    0.00    0.00   30.90    0.00    0.00     9.9  -31.17
 347 16   86    0.00    0.00    0.02    0.00    0.00    0.00    0.00    0.00   30.90    0.00    0.00     9.9  -30.92
 347 17   86    0.00    0.00    0.39    0.00    0.00    0.00    0.00    0.00   30.90    0.00    0.00    10.3  -31.29
 347 18   86    0.76    0.00    0.06    0.00    0.00    0.00    0.00    0.76   30.90    0.00    0.00    10.4  -30.96
 347 19   86    1.27    0.00    0.24    0.00    0.00    0.00    0.00    0.74   30.90    0.00    0.00    10.6  -30.61
 347 20   86    0.00    0.00    0.09    0.00    0.00    0.00    0.00   -1.12   30.90    0.00    0.00    10.7  -29.87
 347 21   86    0.25    0.00    0.05    0.00    0.00    0.00    0.00    0.21   30.90    0.00    0.00    10.8  -30.90
 347 22   86    0.51    0.00    0.03    0.00    0.00    0.00    0.00    0.36   30.90    0.00    0.00    10.8  -30.78
 347 23   86    0.00    0.00    0.04    0.00    0.00    0.00    0.00   -0.52   30.90    0.00    0.00    10.8  -30.42
 347 24   86    0.00    0.00    0.10    0.00    0.00    0.00    0.00   -0.10   30.90    0.00    0.00    10.9  -30.90
 348  1   86    0.00    0.00    0.05    0.00    0.00    0.00    0.00   -0.05   30.90    0.00    0.00    11.0  -30.90
 348  2   86    0.00    0.00    0.08    0.00    0.00    0.00    0.00   -0.08   30.90    0.00    0.00    11.0  -30.90
 348  3   86    0.00    0.00    0.09    0.00    0.00    0.00    0.00   -0.09   30.90    0.00    0.00    11.1  -30.90
 348  4   86    0.00    0.00    0.16    0.00    0.00    0.00    0.00   -0.12   30.90    0.00    0.00    11.3  -30.94
 348  5   86    0.00    0.00    0.24    0.00    0.00    0.00    0.00    0.00   30.90    0.00    0.00    11.5  -31.15
 348  6   86    0.25    0.00    0.14    0.00    0.00    0.00    0.00    0.26   30.90    0.00    0.00    11.7  -31.04
 348  7   86    0.51    0.00    0.17    0.00    0.00    0.00    0.00    0.34   30.90    0.00    0.00    11.8  -30.90
 348  8   86    0.00    0.00    0.02    0.00    0.00    0.00    0.00   -0.14   30.90    0.00    0.00    11.9  -30.78
 348  9   86    0.25    0.00    0.11    0.00    0.00    0.00    0.00    0.14   30.90    0.00    0.00    12.0  -30.90
 348 10   86    0.00    0.00    0.00    0.00    0.00    0.00    0.00   -0.12   30.90    0.00    0.00    12.0  -30.78
 348 11   86    0.25    0.00   -0.01    0.00    0.00    0.00    0.00    0.26   30.90    0.00    0.00    12.0  -30.90
 348 12   86    0.25    0.00    0.16    0.00    0.00    0.00    0.00   -0.16   30.90    0.00    0.00    12.1  -30.65
 348 13   86    0.00    0.00    0.38    0.00    0.00    0.00    0.00   -0.48   30.90    0.00    0.00    12.5  -30.80
 348 14   86    0.00    0.00    0.33    0.00    0.00    0.00    0.00   -0.09   30.90    0.00    0.00    12.8  -31.14
 348 15   86    0.00    0.00    0.09    0.00    0.00    0.00    0.00    0.00   30.90    0.00    0.00    12.9  -30.99
 348 16   86    0.00    0.00    0.30    0.00    0.00    0.00    0.00    0.00   30.90    0.00    0.00    13.2  -31.20
 348 17   86    0.00    0.00    0.31    0.00    0.00    0.00    0.00    0.00   30.90    0.00    0.00    13.5  -31.22
 348 18   86    0.00    0.00    0.25    0.00    0.00    0.00    0.00    0.00   30.90    0.00    0.00    13.8  -31.16
 348 19   86    0.00    0.00    0.10    0.00    0.00    0.00    0.00    0.00   30.90    0.00    0.00    13.9  -31.00
 348 20   86    0.00    0.00    0.20    0.00    0.00    0.00    0.00    0.00   30.90    0.00    0.00    14.1  -31.10
 348 21   86    0.00    0.00    0.16    0.00    0.00    0.00    0.00    0.00   30.90    0.00    0.00    14.3  -31.06
 348 22   86    0.00    0.00    0.32    0.00    0.00    0.00    0.00    0.00   30.90    0.00    0.00    14.6  -31.23
 348 23   86    0.00    0.00    0.20    0.00    0.00    0.00    0.00    0.00   30.90    0.00    0.00    14.8  -31.10
 348 24   86    0.00    0.00    0.25    0.00    0.00    0.00    0.00    0.00   30.90    0.00    0.00    15.0  -31.15
 349  1   86    0.00    0.00    0.23    0.00    0.00    0.00    0.00    0.00   30.90    0.00    0.00    15.3  -31.13
 349  2   86    0.00    0.00    0.25    0.00    0.00    0.00    0.00    0.00   30.90    0.00    0.00    15.5  -31.15
 349  3   86    0.00    0.00    0.28    0.00    0.00    0.00    0.00    0.00   30.90    0.00    0.00    15.8  -31.18
 349  4   86    0.00    0.00    0.07    0.00    0.00    0.00    0.00    0.00   30.90    0.00    0.00    15.8  -30.97
 349  5   86    0.00    0.00    0.15    0.00    0.00    0.00    0.00    0.00   30.90    0.00    0.00    16.0  -31.05
 349  6   86    0.00    0.00    0.15    0.00    0.00    0.00    0.00    0.00   30.90    0.00    0.00    16.2  -31.05
 349  7   86    0.00    0.00    0.15    0.00    0.00    0.00    0.00    0.00   30.90    0.00    0.00    16.3  -31.05
 349  8   86    0.00    0.00    0.21    0.00    0.00    0.00    0.00    0.00   30.90    0.00    0.00    16.5  -31.11
 349  9   86    0.00    0.00   -0.05    0.00    0.00    0.00    0.00    0.05   30.90    0.00    0.00    16.5  -30.90
 349 10   86    0.00    0.00    0.17    0.00    0.00    0.00    0.00   -0.05   30.90    0.00    0.00    16.6  -31.01
 349 11   86    0.00    0.00    0.40    0.00    0.00    0.00    0.00    0.00   30.90    0.00    0.00    17.0  -31.30
 349 12   86    0.00    0.00    0.38    0.00    0.00    0.00    0.00    0.00   30.90    0.00    0.00    17.4  -31.28
 349 13   86    0.00    0.00    0.13    0.00    0.00    0.00    0.00    0.00   30.90    0.00    0.00    17.5  -31.03
 349 14   86    0.00    0.00    0.50    0.00    0.00    0.00    0.00    0.01   30.90    0.00    0.00    18.0  -31.41
 349 15   86    0.00    0.00    0.20    0.00    0.00    0.00    0.00    0.00   30.90    0.00    0.00    18.2  -31.10
 349 16   86    0.00    0.00    0.04    0.00    0.00    0.00    0.00    0.00   30.90    0.00    0.00    18.3  -30.94
 349 17   86    0.00    0.00    0.03    0.00    0.00    0.00    0.00    0.00   30.90    0.00    0.00    18.3  -30.93
 349 18   86    0.00    0.00    0.04    0.00    0.00    0.00    0.00    0.00   30.90    0.00    0.00    18.3  -30.95
 349 19   86    0.00    0.00    0.03    0.00    0.00    0.00    0.00    0.00   30.90    0.00    0.00    18.4  -30.93
 349 20   86    0.00    0.00    0.03    0.00    0.00    0.00    0.00    0.00   30.90    0.00    0.00    18.4  -30.93
 349 21   86    0.00    0.00    0.02    0.00    0.00    0.00    0.00    0.00   30.90    0.00    0.00    18.4  -30.92
 349 22   86    0.00    0.00    0.09    0.00    0.00    0.00    0.00    0.00   30.90    0.00    0.00    18.5  -30.99
 349 23   86    0.00    0.00    0.13    0.00    0.00    0.00    0.00    0.00   30.90    0.00    0.00    18.6  -31.03
 349 24   86    0.00    0.00    0.02    0.00    0.00    0.00    0.00    0.00   30.90    0.00    0.00    18.6  -30.92
 350  1   86    0.00    0.00    0.03    0.00    0.00    0.00    0.00    0.00   30.90    0.00    0.00    18.7  -30.93
 350  2   86    0.00    0.00    0.06    0.00    0.00    0.00    0.00    0.00   30.90    0.00    0.00    18.7  -30.96
 350  3   86    0.00    0.00    0.08    0.00    0.00    0.00    0.00    0.00   30.90    0.00    0.00    18.8  -30.98
 350  4   86    0.00    0.00    0.07    0.00    0.00    0.00    0.00    0.00   30.90    0.00    0.00    18.9  -30.97
 350  5   86    0.00    0.00    0.03    0.00    0.00    0.00    0.00    0.00   30.90    0.00    0.00    18.9  -30.93
 350  6   86    0.00    0.00    0.10    0.00    0.00    0.00    0.00    0.00   30.90    0.00    0.00    19.0  -31.00
 350  7   86    0.00    0.00    0.02    0.00    0.00    0.00    0.00    0.00   30.90    0.00    0.00    19.0  -30.92
 350  8   86    0.00    0.00    0.01    0.00    0.00    0.00    0.00    0.00   30.90    0.00    0.00    19.1  -30.92
 350  9   86    0.00    0.00    0.02    0.00    0.00    0.00    0.00    0.00   30.90    0.00    0.00    19.1  -30.92
 350 10   86    0.00    0.00    0.00    0.00    0.00    0.00    0.00    0.00   30.90    0.00    0.00    19.1  -30.90
 350 11   86    0.00    0.00    0.00    0.00    0.00    0.00    0.00    0.00   30.90    0.00    0.00    19.1  -30.90
 350 12   86    0.00    0.00    0.03    0.00    0.00    0.00    0.00    0.00   30.90    0.00    0.00    19.1  -30.93
 350 13   86    0.00    0.00    0.04    0.00    0.00    0.00    0.00    0.00   30.90    0.00    0.00    19.1  -30.94
 350 14   86    0.00    0.00    0.03    0.00    0.00    0.00    0.00    0.00   30.90    0.00    0.00    19.2  -30.93
 350 15   86    0.00    0.00    0.01    0.00    0.00    0.00    0.00    0.00   30.90    0.00    0.00    19.2  -30.91
 350 16   86    0.00    0.00    0.03    0.00    0.00    0.00    0.00    0.00   30.90    0.00    0.00    19.2  -30.93
 350 17   86    0.00    0.00    0.03    0.00    0.00    0.00    0.00    0.00   30.90    0.00    0.00    19.2  -30.93
 350 18   86    0.00    0.00    0.04    0.00    0.00    0.00    0.00    0.00   30.90    0.00    0.00    19.3  -30.94
 350 19   86    0.00    0.00    0.04    0.00    0.00    0.00    0.00    0.00   30.90    0.00    0.00    19.3  -30.94
 350 20   86    0.00    0.00    0.10    0.00    0.00    0.00    0.00    0.00   30.90    0.00    0.00    19.4  -31.00
 350 21   86    0.00    0.00    0.17    0.00    0.00    0.00    0.00    0.00   30.90    0.00    0.00    19.6  -31.07
 350 22   86    0.00    0.00    0.17    0.00    0.00    0.00    0.00    0.00   30.90    0.00    0.00    19.8  -31.07
 350 23   86    0.00    0.00    0.15    0.00    0.00    0.00    0.00    0.00   30.90    0.00    0.00    19.9  -31.05
 350 24   86    0.00    0.00    0.05    0.00    0.00    0.00    0.00    0.00   30.90    0.00    0.00    20.0  -30.95
